21-Nov-2023 19:03:24.951 정보 [main] org.apache.catalina.startup.VersionLoggerListener.log 서버 버전 이름:    Apache Tomcat/10.1.15
21-Nov-2023 19:03:24.955 정보 [main] org.apache.catalina.startup.VersionLoggerListener.log Server 빌드 시각:  Oct 11 2023 23:38:40 UTC
21-Nov-2023 19:03:24.955 정보 [main] org.apache.catalina.startup.VersionLoggerListener.log Server 버전 번호:  10.1.15.0
21-Nov-2023 19:03:24.955 정보 [main] org.apache.catalina.startup.VersionLoggerListener.log 운영체제 이름:     Windows 10
21-Nov-2023 19:03:24.955 정보 [main] org.apache.catalina.startup.VersionLoggerListener.log 운영체제 버전:     10.0
21-Nov-2023 19:03:24.955 정보 [main] org.apache.catalina.startup.VersionLoggerListener.log 아키텍처:          amd64
21-Nov-2023 19:03:24.955 정보 [main] org.apache.catalina.startup.VersionLoggerListener.log 자바 홈:           C:\Users\dbsal\.jdks\corretto-17.0.8
21-Nov-2023 19:03:24.955 정보 [main] org.apache.catalina.startup.VersionLoggerListener.log JVM 버전:          17.0.8+7-LTS
21-Nov-2023 19:03:24.955 정보 [main] org.apache.catalina.startup.VersionLoggerListener.log JVM 벤더:          Amazon.com Inc.
21-Nov-2023 19:03:24.956 정보 [main] org.apache.catalina.startup.VersionLoggerListener.log CATALINA_BASE:     E:\work\jsp_projects\JSP_Board
21-Nov-2023 19:03:24.956 정보 [main] org.apache.catalina.startup.VersionLoggerListener.log CATALINA_HOME:     E:\work\apache-tomcat-10.1.15
21-Nov-2023 19:03:24.964 정보 [main] org.apache.catalina.startup.VersionLoggerListener.log 명령 행 아규먼트:  --add-opens=java.base/java.lang=ALL-UNNAMED
21-Nov-2023 19:03:24.964 정보 [main] org.apache.catalina.startup.VersionLoggerListener.log 명령 행 아규먼트:  --add-opens=java.base/java.io=ALL-UNNAMED
21-Nov-2023 19:03:24.964 정보 [main] org.apache.catalina.startup.VersionLoggerListener.log 명령 행 아규먼트:  --add-opens=java.base/java.util=ALL-UNNAMED
21-Nov-2023 19:03:24.965 정보 [main] org.apache.catalina.startup.VersionLoggerListener.log 명령 행 아규먼트:  --add-opens=java.base/java.util.concurrent=ALL-UNNAMED
21-Nov-2023 19:03:24.965 정보 [main] org.apache.catalina.startup.VersionLoggerListener.log 명령 행 아규먼트:  --add-opens=java.rmi/sun.rmi.transport=ALL-UNNAMED
21-Nov-2023 19:03:24.965 정보 [main] org.apache.catalina.startup.VersionLoggerListener.log 명령 행 아규먼트:  -Dcatalina.home=E:\work\apache-tomcat-10.1.15
21-Nov-2023 19:03:24.965 정보 [main] org.apache.catalina.startup.VersionLoggerListener.log 명령 행 아규먼트:  -Dcatalina.base=E:\work\jsp_projects\JSP_Board
21-Nov-2023 19:03:24.965 정보 [main] org.apache.catalina.startup.VersionLoggerListener.log 명령 행 아규먼트:  -Djava.io.tmpdir=E:\work\jsp_projects\JSP_Board\temp
21-Nov-2023 19:03:24.965 정보 [main] org.apache.catalina.startup.VersionLoggerListener.log 명령 행 아규먼트:  -Djava.util.logging.config.file=E:\work\jsp_projects\JSP_Board\conf\logging.properties
21-Nov-2023 19:03:24.965 정보 [main] org.apache.catalina.startup.VersionLoggerListener.log 명령 행 아규먼트:  -Djava.util.logging.manager=org.apache.juli.ClassLoaderLogManager
21-Nov-2023 19:03:24.965 정보 [main] org.apache.catalina.startup.VersionLoggerListener.log 명령 행 아규먼트:  -javaagent:C:\Program Files\JetBrains\IntelliJ IDEA Community Edition 2023.2\lib\idea_rt.jar=3371:C:\Program Files\JetBrains\IntelliJ IDEA Community Edition 2023.2\bin
21-Nov-2023 19:03:24.965 정보 [main] org.apache.catalina.startup.VersionLoggerListener.log 명령 행 아규먼트:  -Dfile.encoding=UTF-8
21-Nov-2023 19:03:25.024 정보 [main] org.apache.catalina.core.AprLifecycleListener.lifecycleEvent APR 버전 [1.7.4]을(를) 사용한, APR 기반 Apache Tomcat Native 라이브러리 [2.0.6]을(를) 로드했습니다.
21-Nov-2023 19:03:25.095 정보 [main] org.apache.catalina.core.AprLifecycleListener.initializeSSL OpenSSL이 성공적으로 초기화되었습니다: [OpenSSL 3.0.11 19 Sep 2023]
21-Nov-2023 19:03:25.382 정보 [main] org.apache.coyote.AbstractProtocol.init 프로토콜 핸들러 ["http-nio-8080"]을(를) 초기화합니다.
21-Nov-2023 19:03:25.409 정보 [main] org.apache.catalina.startup.Catalina.load [822] 밀리초 내에 서버가 초기화되었습니다.
21-Nov-2023 19:03:25.466 정보 [main] org.apache.catalina.core.StandardService.startInternal 서비스 [Catalina]을(를) 시작합니다.
21-Nov-2023 19:03:25.466 정보 [main] org.apache.catalina.core.StandardEngine.startInternal 서버 엔진을 시작합니다: [Apache Tomcat/10.1.15]
21-Nov-2023 19:03:25.481 정보 [main] org.apache.catalina.startup.HostConfig.deployDescriptor 배치 descriptor [E:\work\jsp_projects\JSP_Board\conf\Catalina\localhost\ROOT.xml]을(를) 배치합니다.
21-Nov-2023 19:03:26.686 정보 [main] org.apache.jasper.servlet.TldScanner.scanJars 적어도 하나의 JAR가 TLD들을 찾기 위해 스캔되었으나 아무 것도 찾지 못했습니다. 스캔했으나 TLD가 없는 JAR들의 전체 목록을 보시려면, 로그 레벨을 디버그 레벨로 설정하십시오. 스캔 과정에서 불필요한 JAR들을 건너뛰면, 시스템 시작 시간과 JSP 컴파일 시간을 단축시킬 수 있습니다.
21-Nov-2023 19:03:26.808 정보 [main] org.apache.catalina.startup.HostConfig.deployDescriptor 배치 descriptor [E:\work\jsp_projects\JSP_Board\conf\Catalina\localhost\ROOT.xml]의 배치가 [1,325] 밀리초 내에 완료되었습니다.
21-Nov-2023 19:03:26.812 정보 [main] org.apache.coyote.AbstractProtocol.start 프로토콜 핸들러 ["http-nio-8080"]을(를) 시작합니다.
21-Nov-2023 19:03:26.872 정보 [main] org.apache.catalina.startup.Catalina.start 서버가 [1462] 밀리초 내에 시작되었습니다.
21-Nov-2023 19:09:47.110 정보 [Thread-1] org.apache.coyote.AbstractProtocol.pause 프로토콜 핸들러 ["http-nio-8080"]을(를) 일시 정지 중
21-Nov-2023 19:09:47.114 정보 [Thread-1] org.apache.catalina.core.StandardService.stopInternal 서비스 [Catalina]을(를) 중지시킵니다.
21-Nov-2023 19:09:47.118 경고 [Thread-1] org.apache.catalina.loader.WebappClassLoaderBase.clearReferencesJdbc 웹 애플리케이션 [ROOT]이(가) JDBC 드라이버 [com.mysql.cj.jdbc.Driver]을(를) 등록했지만, 웹 애플리케이션이 중지될 때, 해당 JDBC 드라이버의 등록을 제거하지 못했습니다. 메모리 누수를 방지하기 위하여, 등록을 강제로 제거했습니다.
21-Nov-2023 19:09:47.119 경고 [Thread-1] org.apache.catalina.loader.WebappClassLoaderBase.clearReferencesThreads 웹 애플리케이션 [ROOT]이(가) [mysql-cj-abandoned-connection-cleanup](이)라는 이름의 쓰레드를 시작시킨 것으로 보이지만, 해당 쓰레드를 중지시키지 못했습니다. 이는 메모리 누수를 유발할 가능성이 큽니다. 해당 쓰레드의 스택 트레이스:
 java.base@17.0.8/java.lang.Object.wait(Native Method)
 java.base@17.0.8/java.lang.ref.ReferenceQueue.remove(ReferenceQueue.java:155)
 com.mysql.cj.jdbc.AbandonedConnectionCleanupThread.run(AbandonedConnectionCleanupThread.java:91)
 java.base@17.0.8/java.util.concurrent.ThreadPoolExecutor.runWorker(ThreadPoolExecutor.java:1136)
 java.base@17.0.8/java.util.concurrent.ThreadPoolExecutor$Worker.run(ThreadPoolExecutor.java:635)
 java.base@17.0.8/java.lang.Thread.run(Thread.java:833)
21-Nov-2023 19:09:47.126 정보 [Thread-1] org.apache.coyote.AbstractProtocol.stop 프로토콜 핸들러 ["http-nio-8080"]을(를) 중지시킵니다.
21-Nov-2023 19:09:47.152 정보 [Thread-1] org.apache.coyote.AbstractProtocol.destroy 프로토콜 핸들러 ["http-nio-8080"]을(를) 소멸시킵니다.
21-Nov-2023 19:26:55.454 정보 [main] org.apache.catalina.startup.VersionLoggerListener.log 서버 버전 이름:    Apache Tomcat/10.1.15
21-Nov-2023 19:26:55.458 정보 [main] org.apache.catalina.startup.VersionLoggerListener.log Server 빌드 시각:  Oct 11 2023 23:38:40 UTC
21-Nov-2023 19:26:55.458 정보 [main] org.apache.catalina.startup.VersionLoggerListener.log Server 버전 번호:  10.1.15.0
21-Nov-2023 19:26:55.459 정보 [main] org.apache.catalina.startup.VersionLoggerListener.log 운영체제 이름:     Windows 10
21-Nov-2023 19:26:55.459 정보 [main] org.apache.catalina.startup.VersionLoggerListener.log 운영체제 버전:     10.0
21-Nov-2023 19:26:55.459 정보 [main] org.apache.catalina.startup.VersionLoggerListener.log 아키텍처:          amd64
21-Nov-2023 19:26:55.459 정보 [main] org.apache.catalina.startup.VersionLoggerListener.log 자바 홈:           C:\Users\dbsal\.jdks\corretto-17.0.8
21-Nov-2023 19:26:55.459 정보 [main] org.apache.catalina.startup.VersionLoggerListener.log JVM 버전:          17.0.8+7-LTS
21-Nov-2023 19:26:55.460 정보 [main] org.apache.catalina.startup.VersionLoggerListener.log JVM 벤더:          Amazon.com Inc.
21-Nov-2023 19:26:55.460 정보 [main] org.apache.catalina.startup.VersionLoggerListener.log CATALINA_BASE:     E:\work\jsp_projects\JSP_Board
21-Nov-2023 19:26:55.460 정보 [main] org.apache.catalina.startup.VersionLoggerListener.log CATALINA_HOME:     E:\work\apache-tomcat-10.1.15
21-Nov-2023 19:26:55.468 정보 [main] org.apache.catalina.startup.VersionLoggerListener.log 명령 행 아규먼트:  --add-opens=java.base/java.lang=ALL-UNNAMED
21-Nov-2023 19:26:55.468 정보 [main] org.apache.catalina.startup.VersionLoggerListener.log 명령 행 아규먼트:  --add-opens=java.base/java.io=ALL-UNNAMED
21-Nov-2023 19:26:55.469 정보 [main] org.apache.catalina.startup.VersionLoggerListener.log 명령 행 아규먼트:  --add-opens=java.base/java.util=ALL-UNNAMED
21-Nov-2023 19:26:55.469 정보 [main] org.apache.catalina.startup.VersionLoggerListener.log 명령 행 아규먼트:  --add-opens=java.base/java.util.concurrent=ALL-UNNAMED
21-Nov-2023 19:26:55.469 정보 [main] org.apache.catalina.startup.VersionLoggerListener.log 명령 행 아규먼트:  --add-opens=java.rmi/sun.rmi.transport=ALL-UNNAMED
21-Nov-2023 19:26:55.469 정보 [main] org.apache.catalina.startup.VersionLoggerListener.log 명령 행 아규먼트:  -Dcatalina.home=E:\work\apache-tomcat-10.1.15
21-Nov-2023 19:26:55.469 정보 [main] org.apache.catalina.startup.VersionLoggerListener.log 명령 행 아규먼트:  -Dcatalina.base=E:\work\jsp_projects\JSP_Board
21-Nov-2023 19:26:55.469 정보 [main] org.apache.catalina.startup.VersionLoggerListener.log 명령 행 아규먼트:  -Djava.io.tmpdir=E:\work\jsp_projects\JSP_Board\temp
21-Nov-2023 19:26:55.470 정보 [main] org.apache.catalina.startup.VersionLoggerListener.log 명령 행 아규먼트:  -Djava.util.logging.config.file=E:\work\jsp_projects\JSP_Board\conf\logging.properties
21-Nov-2023 19:26:55.470 정보 [main] org.apache.catalina.startup.VersionLoggerListener.log 명령 행 아규먼트:  -Djava.util.logging.manager=org.apache.juli.ClassLoaderLogManager
21-Nov-2023 19:26:55.470 정보 [main] org.apache.catalina.startup.VersionLoggerListener.log 명령 행 아규먼트:  -javaagent:C:\Program Files\JetBrains\IntelliJ IDEA Community Edition 2023.2\lib\idea_rt.jar=3553:C:\Program Files\JetBrains\IntelliJ IDEA Community Edition 2023.2\bin
21-Nov-2023 19:26:55.470 정보 [main] org.apache.catalina.startup.VersionLoggerListener.log 명령 행 아규먼트:  -Dfile.encoding=UTF-8
21-Nov-2023 19:26:55.489 정보 [main] org.apache.catalina.core.AprLifecycleListener.lifecycleEvent APR 버전 [1.7.4]을(를) 사용한, APR 기반 Apache Tomcat Native 라이브러리 [2.0.6]을(를) 로드했습니다.
21-Nov-2023 19:26:55.494 정보 [main] org.apache.catalina.core.AprLifecycleListener.initializeSSL OpenSSL이 성공적으로 초기화되었습니다: [OpenSSL 3.0.11 19 Sep 2023]
21-Nov-2023 19:26:55.722 정보 [main] org.apache.coyote.AbstractProtocol.init 프로토콜 핸들러 ["http-nio-8080"]을(를) 초기화합니다.
21-Nov-2023 19:26:55.743 정보 [main] org.apache.catalina.startup.Catalina.load [466] 밀리초 내에 서버가 초기화되었습니다.
21-Nov-2023 19:26:55.790 정보 [main] org.apache.catalina.core.StandardService.startInternal 서비스 [Catalina]을(를) 시작합니다.
21-Nov-2023 19:26:55.791 정보 [main] org.apache.catalina.core.StandardEngine.startInternal 서버 엔진을 시작합니다: [Apache Tomcat/10.1.15]
21-Nov-2023 19:26:55.803 정보 [main] org.apache.catalina.startup.HostConfig.deployDescriptor 배치 descriptor [E:\work\jsp_projects\JSP_Board\conf\Catalina\localhost\ROOT.xml]을(를) 배치합니다.
21-Nov-2023 19:26:56.582 정보 [main] org.apache.jasper.servlet.TldScanner.scanJars 적어도 하나의 JAR가 TLD들을 찾기 위해 스캔되었으나 아무 것도 찾지 못했습니다. 스캔했으나 TLD가 없는 JAR들의 전체 목록을 보시려면, 로그 레벨을 디버그 레벨로 설정하십시오. 스캔 과정에서 불필요한 JAR들을 건너뛰면, 시스템 시작 시간과 JSP 컴파일 시간을 단축시킬 수 있습니다.
21-Nov-2023 19:26:56.664 정보 [main] org.apache.catalina.startup.HostConfig.deployDescriptor 배치 descriptor [E:\work\jsp_projects\JSP_Board\conf\Catalina\localhost\ROOT.xml]의 배치가 [859] 밀리초 내에 완료되었습니다.
21-Nov-2023 19:26:56.667 정보 [main] org.apache.coyote.AbstractProtocol.start 프로토콜 핸들러 ["http-nio-8080"]을(를) 시작합니다.
21-Nov-2023 19:26:56.712 정보 [main] org.apache.catalina.startup.Catalina.start 서버가 [969] 밀리초 내에 시작되었습니다.
21-Nov-2023 19:27:13.922 정보 [Thread-1] org.apache.coyote.AbstractProtocol.pause 프로토콜 핸들러 ["http-nio-8080"]을(를) 일시 정지 중
21-Nov-2023 19:27:13.926 정보 [Thread-1] org.apache.catalina.core.StandardService.stopInternal 서비스 [Catalina]을(를) 중지시킵니다.
21-Nov-2023 19:27:13.931 경고 [Thread-1] org.apache.catalina.loader.WebappClassLoaderBase.clearReferencesJdbc 웹 애플리케이션 [ROOT]이(가) JDBC 드라이버 [com.mysql.cj.jdbc.Driver]을(를) 등록했지만, 웹 애플리케이션이 중지될 때, 해당 JDBC 드라이버의 등록을 제거하지 못했습니다. 메모리 누수를 방지하기 위하여, 등록을 강제로 제거했습니다.
21-Nov-2023 19:27:13.932 경고 [Thread-1] org.apache.catalina.loader.WebappClassLoaderBase.clearReferencesThreads 웹 애플리케이션 [ROOT]이(가) [mysql-cj-abandoned-connection-cleanup](이)라는 이름의 쓰레드를 시작시킨 것으로 보이지만, 해당 쓰레드를 중지시키지 못했습니다. 이는 메모리 누수를 유발할 가능성이 큽니다. 해당 쓰레드의 스택 트레이스:
 java.base@17.0.8/java.lang.Object.wait(Native Method)
 java.base@17.0.8/java.lang.ref.ReferenceQueue.remove(ReferenceQueue.java:155)
 com.mysql.cj.jdbc.AbandonedConnectionCleanupThread.run(AbandonedConnectionCleanupThread.java:91)
 java.base@17.0.8/java.util.concurrent.ThreadPoolExecutor.runWorker(ThreadPoolExecutor.java:1136)
 java.base@17.0.8/java.util.concurrent.ThreadPoolExecutor$Worker.run(ThreadPoolExecutor.java:635)
 java.base@17.0.8/java.lang.Thread.run(Thread.java:833)
21-Nov-2023 19:27:13.937 정보 [Thread-1] org.apache.coyote.AbstractProtocol.stop 프로토콜 핸들러 ["http-nio-8080"]을(를) 중지시킵니다.
21-Nov-2023 19:27:13.962 정보 [Thread-1] org.apache.coyote.AbstractProtocol.destroy 프로토콜 핸들러 ["http-nio-8080"]을(를) 소멸시킵니다.
