01-Dec-2023 20:56:18.569 정보 [main] org.apache.catalina.startup.VersionLoggerListener.log 서버 버전 이름:    Apache Tomcat/10.1.15
01-Dec-2023 20:56:18.573 정보 [main] org.apache.catalina.startup.VersionLoggerListener.log Server 빌드 시각:  Oct 11 2023 23:38:40 UTC
01-Dec-2023 20:56:18.573 정보 [main] org.apache.catalina.startup.VersionLoggerListener.log Server 버전 번호:  10.1.15.0
01-Dec-2023 20:56:18.573 정보 [main] org.apache.catalina.startup.VersionLoggerListener.log 운영체제 이름:     Windows 10
01-Dec-2023 20:56:18.573 정보 [main] org.apache.catalina.startup.VersionLoggerListener.log 운영체제 버전:     10.0
01-Dec-2023 20:56:18.573 정보 [main] org.apache.catalina.startup.VersionLoggerListener.log 아키텍처:          amd64
01-Dec-2023 20:56:18.573 정보 [main] org.apache.catalina.startup.VersionLoggerListener.log 자바 홈:           C:\Users\dbsal\.jdks\corretto-17.0.8
01-Dec-2023 20:56:18.574 정보 [main] org.apache.catalina.startup.VersionLoggerListener.log JVM 버전:          17.0.8+7-LTS
01-Dec-2023 20:56:18.574 정보 [main] org.apache.catalina.startup.VersionLoggerListener.log JVM 벤더:          Amazon.com Inc.
01-Dec-2023 20:56:18.574 정보 [main] org.apache.catalina.startup.VersionLoggerListener.log CATALINA_BASE:     E:\work\jsp_projects\JSP_Board
01-Dec-2023 20:56:18.574 정보 [main] org.apache.catalina.startup.VersionLoggerListener.log CATALINA_HOME:     E:\work\apache-tomcat-10.1.15
01-Dec-2023 20:56:18.581 정보 [main] org.apache.catalina.startup.VersionLoggerListener.log 명령 행 아규먼트:  --add-opens=java.base/java.lang=ALL-UNNAMED
01-Dec-2023 20:56:18.581 정보 [main] org.apache.catalina.startup.VersionLoggerListener.log 명령 행 아규먼트:  --add-opens=java.base/java.io=ALL-UNNAMED
01-Dec-2023 20:56:18.582 정보 [main] org.apache.catalina.startup.VersionLoggerListener.log 명령 행 아규먼트:  --add-opens=java.base/java.util=ALL-UNNAMED
01-Dec-2023 20:56:18.582 정보 [main] org.apache.catalina.startup.VersionLoggerListener.log 명령 행 아규먼트:  --add-opens=java.base/java.util.concurrent=ALL-UNNAMED
01-Dec-2023 20:56:18.582 정보 [main] org.apache.catalina.startup.VersionLoggerListener.log 명령 행 아규먼트:  --add-opens=java.rmi/sun.rmi.transport=ALL-UNNAMED
01-Dec-2023 20:56:18.582 정보 [main] org.apache.catalina.startup.VersionLoggerListener.log 명령 행 아규먼트:  -Dcatalina.home=E:\work\apache-tomcat-10.1.15
01-Dec-2023 20:56:18.582 정보 [main] org.apache.catalina.startup.VersionLoggerListener.log 명령 행 아규먼트:  -Dcatalina.base=E:\work\jsp_projects\JSP_Board
01-Dec-2023 20:56:18.582 정보 [main] org.apache.catalina.startup.VersionLoggerListener.log 명령 행 아규먼트:  -Djava.io.tmpdir=E:\work\jsp_projects\JSP_Board\temp
01-Dec-2023 20:56:18.582 정보 [main] org.apache.catalina.startup.VersionLoggerListener.log 명령 행 아규먼트:  -Djava.util.logging.config.file=E:\work\jsp_projects\JSP_Board\conf\logging.properties
01-Dec-2023 20:56:18.583 정보 [main] org.apache.catalina.startup.VersionLoggerListener.log 명령 행 아규먼트:  -Djava.util.logging.manager=org.apache.juli.ClassLoaderLogManager
01-Dec-2023 20:56:18.583 정보 [main] org.apache.catalina.startup.VersionLoggerListener.log 명령 행 아규먼트:  -javaagent:C:\Program Files\JetBrains\IntelliJ IDEA Community Edition 2023.2\lib\idea_rt.jar=1118:C:\Program Files\JetBrains\IntelliJ IDEA Community Edition 2023.2\bin
01-Dec-2023 20:56:18.583 정보 [main] org.apache.catalina.startup.VersionLoggerListener.log 명령 행 아규먼트:  -Dfile.encoding=UTF-8
01-Dec-2023 20:56:18.642 정보 [main] org.apache.catalina.core.AprLifecycleListener.lifecycleEvent APR 버전 [1.7.4]을(를) 사용한, APR 기반 Apache Tomcat Native 라이브러리 [2.0.6]을(를) 로드했습니다.
01-Dec-2023 20:56:18.682 정보 [main] org.apache.catalina.core.AprLifecycleListener.initializeSSL OpenSSL이 성공적으로 초기화되었습니다: [OpenSSL 3.0.11 19 Sep 2023]
01-Dec-2023 20:56:18.928 정보 [main] org.apache.coyote.AbstractProtocol.init 프로토콜 핸들러 ["http-nio-8080"]을(를) 초기화합니다.
01-Dec-2023 20:56:18.945 정보 [main] org.apache.catalina.startup.Catalina.load [628] 밀리초 내에 서버가 초기화되었습니다.
01-Dec-2023 20:56:18.994 정보 [main] org.apache.catalina.core.StandardService.startInternal 서비스 [Catalina]을(를) 시작합니다.
01-Dec-2023 20:56:18.995 정보 [main] org.apache.catalina.core.StandardEngine.startInternal 서버 엔진을 시작합니다: [Apache Tomcat/10.1.15]
01-Dec-2023 20:56:19.004 정보 [main] org.apache.catalina.startup.HostConfig.deployDescriptor 배치 descriptor [E:\work\jsp_projects\JSP_Board\conf\Catalina\localhost\ROOT.xml]을(를) 배치합니다.
01-Dec-2023 20:56:19.785 정보 [main] org.apache.jasper.servlet.TldScanner.scanJars 적어도 하나의 JAR가 TLD들을 찾기 위해 스캔되었으나 아무 것도 찾지 못했습니다. 스캔했으나 TLD가 없는 JAR들의 전체 목록을 보시려면, 로그 레벨을 디버그 레벨로 설정하십시오. 스캔 과정에서 불필요한 JAR들을 건너뛰면, 시스템 시작 시간과 JSP 컴파일 시간을 단축시킬 수 있습니다.
01-Dec-2023 20:56:19.884 정보 [main] org.apache.catalina.startup.HostConfig.deployDescriptor 배치 descriptor [E:\work\jsp_projects\JSP_Board\conf\Catalina\localhost\ROOT.xml]의 배치가 [879] 밀리초 내에 완료되었습니다.
01-Dec-2023 20:56:19.886 정보 [main] org.apache.coyote.AbstractProtocol.start 프로토콜 핸들러 ["http-nio-8080"]을(를) 시작합니다.
01-Dec-2023 20:56:19.930 정보 [main] org.apache.catalina.startup.Catalina.start 서버가 [984] 밀리초 내에 시작되었습니다.
01-Dec-2023 20:56:54.362 정보 [Thread-1] org.apache.coyote.AbstractProtocol.pause 프로토콜 핸들러 ["http-nio-8080"]을(를) 일시 정지 중
01-Dec-2023 20:56:54.367 정보 [Thread-1] org.apache.catalina.core.StandardService.stopInternal 서비스 [Catalina]을(를) 중지시킵니다.
01-Dec-2023 20:56:54.371 경고 [Thread-1] org.apache.catalina.loader.WebappClassLoaderBase.clearReferencesJdbc 웹 애플리케이션 [ROOT]이(가) JDBC 드라이버 [com.mysql.cj.jdbc.Driver]을(를) 등록했지만, 웹 애플리케이션이 중지될 때, 해당 JDBC 드라이버의 등록을 제거하지 못했습니다. 메모리 누수를 방지하기 위하여, 등록을 강제로 제거했습니다.
01-Dec-2023 20:56:54.372 경고 [Thread-1] org.apache.catalina.loader.WebappClassLoaderBase.clearReferencesThreads 웹 애플리케이션 [ROOT]이(가) [mysql-cj-abandoned-connection-cleanup](이)라는 이름의 쓰레드를 시작시킨 것으로 보이지만, 해당 쓰레드를 중지시키지 못했습니다. 이는 메모리 누수를 유발할 가능성이 큽니다. 해당 쓰레드의 스택 트레이스:
 java.base@17.0.8/java.lang.Object.wait(Native Method)
 java.base@17.0.8/java.lang.ref.ReferenceQueue.remove(ReferenceQueue.java:155)
 com.mysql.cj.jdbc.AbandonedConnectionCleanupThread.run(AbandonedConnectionCleanupThread.java:91)
 java.base@17.0.8/java.util.concurrent.ThreadPoolExecutor.runWorker(ThreadPoolExecutor.java:1136)
 java.base@17.0.8/java.util.concurrent.ThreadPoolExecutor$Worker.run(ThreadPoolExecutor.java:635)
 java.base@17.0.8/java.lang.Thread.run(Thread.java:833)
01-Dec-2023 20:56:54.376 정보 [Thread-1] org.apache.coyote.AbstractProtocol.stop 프로토콜 핸들러 ["http-nio-8080"]을(를) 중지시킵니다.
01-Dec-2023 20:56:54.380 정보 [Thread-1] org.apache.coyote.AbstractProtocol.destroy 프로토콜 핸들러 ["http-nio-8080"]을(를) 소멸시킵니다.
01-Dec-2023 20:57:06.239 정보 [main] org.apache.catalina.startup.VersionLoggerListener.log 서버 버전 이름:    Apache Tomcat/10.1.15
01-Dec-2023 20:57:06.243 정보 [main] org.apache.catalina.startup.VersionLoggerListener.log Server 빌드 시각:  Oct 11 2023 23:38:40 UTC
01-Dec-2023 20:57:06.243 정보 [main] org.apache.catalina.startup.VersionLoggerListener.log Server 버전 번호:  10.1.15.0
01-Dec-2023 20:57:06.243 정보 [main] org.apache.catalina.startup.VersionLoggerListener.log 운영체제 이름:     Windows 10
01-Dec-2023 20:57:06.243 정보 [main] org.apache.catalina.startup.VersionLoggerListener.log 운영체제 버전:     10.0
01-Dec-2023 20:57:06.244 정보 [main] org.apache.catalina.startup.VersionLoggerListener.log 아키텍처:          amd64
01-Dec-2023 20:57:06.244 정보 [main] org.apache.catalina.startup.VersionLoggerListener.log 자바 홈:           C:\Users\dbsal\.jdks\corretto-17.0.8
01-Dec-2023 20:57:06.244 정보 [main] org.apache.catalina.startup.VersionLoggerListener.log JVM 버전:          17.0.8+7-LTS
01-Dec-2023 20:57:06.244 정보 [main] org.apache.catalina.startup.VersionLoggerListener.log JVM 벤더:          Amazon.com Inc.
01-Dec-2023 20:57:06.244 정보 [main] org.apache.catalina.startup.VersionLoggerListener.log CATALINA_BASE:     E:\work\jsp_projects\JSP_Board
01-Dec-2023 20:57:06.244 정보 [main] org.apache.catalina.startup.VersionLoggerListener.log CATALINA_HOME:     E:\work\apache-tomcat-10.1.15
01-Dec-2023 20:57:06.252 정보 [main] org.apache.catalina.startup.VersionLoggerListener.log 명령 행 아규먼트:  --add-opens=java.base/java.lang=ALL-UNNAMED
01-Dec-2023 20:57:06.252 정보 [main] org.apache.catalina.startup.VersionLoggerListener.log 명령 행 아규먼트:  --add-opens=java.base/java.io=ALL-UNNAMED
01-Dec-2023 20:57:06.252 정보 [main] org.apache.catalina.startup.VersionLoggerListener.log 명령 행 아규먼트:  --add-opens=java.base/java.util=ALL-UNNAMED
01-Dec-2023 20:57:06.252 정보 [main] org.apache.catalina.startup.VersionLoggerListener.log 명령 행 아규먼트:  --add-opens=java.base/java.util.concurrent=ALL-UNNAMED
01-Dec-2023 20:57:06.252 정보 [main] org.apache.catalina.startup.VersionLoggerListener.log 명령 행 아규먼트:  --add-opens=java.rmi/sun.rmi.transport=ALL-UNNAMED
01-Dec-2023 20:57:06.252 정보 [main] org.apache.catalina.startup.VersionLoggerListener.log 명령 행 아규먼트:  -Dcatalina.home=E:\work\apache-tomcat-10.1.15
01-Dec-2023 20:57:06.252 정보 [main] org.apache.catalina.startup.VersionLoggerListener.log 명령 행 아규먼트:  -Dcatalina.base=E:\work\jsp_projects\JSP_Board
01-Dec-2023 20:57:06.252 정보 [main] org.apache.catalina.startup.VersionLoggerListener.log 명령 행 아규먼트:  -Djava.io.tmpdir=E:\work\jsp_projects\JSP_Board\temp
01-Dec-2023 20:57:06.252 정보 [main] org.apache.catalina.startup.VersionLoggerListener.log 명령 행 아규먼트:  -Djava.util.logging.config.file=E:\work\jsp_projects\JSP_Board\conf\logging.properties
01-Dec-2023 20:57:06.252 정보 [main] org.apache.catalina.startup.VersionLoggerListener.log 명령 행 아규먼트:  -Djava.util.logging.manager=org.apache.juli.ClassLoaderLogManager
01-Dec-2023 20:57:06.253 정보 [main] org.apache.catalina.startup.VersionLoggerListener.log 명령 행 아규먼트:  -javaagent:C:\Program Files\JetBrains\IntelliJ IDEA Community Edition 2023.2\lib\idea_rt.jar=1137:C:\Program Files\JetBrains\IntelliJ IDEA Community Edition 2023.2\bin
01-Dec-2023 20:57:06.253 정보 [main] org.apache.catalina.startup.VersionLoggerListener.log 명령 행 아규먼트:  -Dfile.encoding=UTF-8
01-Dec-2023 20:57:06.255 정보 [main] org.apache.catalina.core.AprLifecycleListener.lifecycleEvent APR 버전 [1.7.4]을(를) 사용한, APR 기반 Apache Tomcat Native 라이브러리 [2.0.6]을(를) 로드했습니다.
01-Dec-2023 20:57:06.260 정보 [main] org.apache.catalina.core.AprLifecycleListener.initializeSSL OpenSSL이 성공적으로 초기화되었습니다: [OpenSSL 3.0.11 19 Sep 2023]
01-Dec-2023 20:57:06.485 정보 [main] org.apache.coyote.AbstractProtocol.init 프로토콜 핸들러 ["http-nio-8080"]을(를) 초기화합니다.
01-Dec-2023 20:57:06.509 정보 [main] org.apache.catalina.startup.Catalina.load [452] 밀리초 내에 서버가 초기화되었습니다.
01-Dec-2023 20:57:06.564 정보 [main] org.apache.catalina.core.StandardService.startInternal 서비스 [Catalina]을(를) 시작합니다.
01-Dec-2023 20:57:06.564 정보 [main] org.apache.catalina.core.StandardEngine.startInternal 서버 엔진을 시작합니다: [Apache Tomcat/10.1.15]
01-Dec-2023 20:57:06.577 정보 [main] org.apache.catalina.startup.HostConfig.deployDescriptor 배치 descriptor [E:\work\jsp_projects\JSP_Board\conf\Catalina\localhost\ROOT.xml]을(를) 배치합니다.
01-Dec-2023 20:57:07.347 정보 [main] org.apache.jasper.servlet.TldScanner.scanJars 적어도 하나의 JAR가 TLD들을 찾기 위해 스캔되었으나 아무 것도 찾지 못했습니다. 스캔했으나 TLD가 없는 JAR들의 전체 목록을 보시려면, 로그 레벨을 디버그 레벨로 설정하십시오. 스캔 과정에서 불필요한 JAR들을 건너뛰면, 시스템 시작 시간과 JSP 컴파일 시간을 단축시킬 수 있습니다.
01-Dec-2023 20:57:07.447 정보 [main] org.apache.catalina.startup.HostConfig.deployDescriptor 배치 descriptor [E:\work\jsp_projects\JSP_Board\conf\Catalina\localhost\ROOT.xml]의 배치가 [868] 밀리초 내에 완료되었습니다.
01-Dec-2023 20:57:07.450 정보 [main] org.apache.coyote.AbstractProtocol.start 프로토콜 핸들러 ["http-nio-8080"]을(를) 시작합니다.
01-Dec-2023 20:57:07.495 정보 [main] org.apache.catalina.startup.Catalina.start 서버가 [986] 밀리초 내에 시작되었습니다.
01-Dec-2023 20:58:48.729 정보 [Thread-1] org.apache.coyote.AbstractProtocol.pause 프로토콜 핸들러 ["http-nio-8080"]을(를) 일시 정지 중
01-Dec-2023 20:58:48.733 정보 [Thread-1] org.apache.catalina.core.StandardService.stopInternal 서비스 [Catalina]을(를) 중지시킵니다.
01-Dec-2023 20:58:48.736 경고 [Thread-1] org.apache.catalina.loader.WebappClassLoaderBase.clearReferencesJdbc 웹 애플리케이션 [ROOT]이(가) JDBC 드라이버 [com.mysql.cj.jdbc.Driver]을(를) 등록했지만, 웹 애플리케이션이 중지될 때, 해당 JDBC 드라이버의 등록을 제거하지 못했습니다. 메모리 누수를 방지하기 위하여, 등록을 강제로 제거했습니다.
01-Dec-2023 20:58:48.737 경고 [Thread-1] org.apache.catalina.loader.WebappClassLoaderBase.clearReferencesThreads 웹 애플리케이션 [ROOT]이(가) [mysql-cj-abandoned-connection-cleanup](이)라는 이름의 쓰레드를 시작시킨 것으로 보이지만, 해당 쓰레드를 중지시키지 못했습니다. 이는 메모리 누수를 유발할 가능성이 큽니다. 해당 쓰레드의 스택 트레이스:
 java.base@17.0.8/java.lang.Object.wait(Native Method)
 java.base@17.0.8/java.lang.ref.ReferenceQueue.remove(ReferenceQueue.java:155)
 com.mysql.cj.jdbc.AbandonedConnectionCleanupThread.run(AbandonedConnectionCleanupThread.java:91)
 java.base@17.0.8/java.util.concurrent.ThreadPoolExecutor.runWorker(ThreadPoolExecutor.java:1136)
 java.base@17.0.8/java.util.concurrent.ThreadPoolExecutor$Worker.run(ThreadPoolExecutor.java:635)
 java.base@17.0.8/java.lang.Thread.run(Thread.java:833)
01-Dec-2023 20:58:48.740 정보 [Thread-1] org.apache.coyote.AbstractProtocol.stop 프로토콜 핸들러 ["http-nio-8080"]을(를) 중지시킵니다.
01-Dec-2023 20:58:48.744 정보 [Thread-1] org.apache.coyote.AbstractProtocol.destroy 프로토콜 핸들러 ["http-nio-8080"]을(를) 소멸시킵니다.
01-Dec-2023 21:08:07.396 정보 [main] org.apache.catalina.startup.VersionLoggerListener.log 서버 버전 이름:    Apache Tomcat/10.1.15
01-Dec-2023 21:08:07.399 정보 [main] org.apache.catalina.startup.VersionLoggerListener.log Server 빌드 시각:  Oct 11 2023 23:38:40 UTC
01-Dec-2023 21:08:07.399 정보 [main] org.apache.catalina.startup.VersionLoggerListener.log Server 버전 번호:  10.1.15.0
01-Dec-2023 21:08:07.399 정보 [main] org.apache.catalina.startup.VersionLoggerListener.log 운영체제 이름:     Windows 10
01-Dec-2023 21:08:07.399 정보 [main] org.apache.catalina.startup.VersionLoggerListener.log 운영체제 버전:     10.0
01-Dec-2023 21:08:07.400 정보 [main] org.apache.catalina.startup.VersionLoggerListener.log 아키텍처:          amd64
01-Dec-2023 21:08:07.400 정보 [main] org.apache.catalina.startup.VersionLoggerListener.log 자바 홈:           C:\Users\dbsal\.jdks\corretto-17.0.8
01-Dec-2023 21:08:07.400 정보 [main] org.apache.catalina.startup.VersionLoggerListener.log JVM 버전:          17.0.8+7-LTS
01-Dec-2023 21:08:07.400 정보 [main] org.apache.catalina.startup.VersionLoggerListener.log JVM 벤더:          Amazon.com Inc.
01-Dec-2023 21:08:07.400 정보 [main] org.apache.catalina.startup.VersionLoggerListener.log CATALINA_BASE:     E:\work\jsp_projects\JSP_Board
01-Dec-2023 21:08:07.400 정보 [main] org.apache.catalina.startup.VersionLoggerListener.log CATALINA_HOME:     E:\work\apache-tomcat-10.1.15
01-Dec-2023 21:08:07.409 정보 [main] org.apache.catalina.startup.VersionLoggerListener.log 명령 행 아규먼트:  --add-opens=java.base/java.lang=ALL-UNNAMED
01-Dec-2023 21:08:07.409 정보 [main] org.apache.catalina.startup.VersionLoggerListener.log 명령 행 아규먼트:  --add-opens=java.base/java.io=ALL-UNNAMED
01-Dec-2023 21:08:07.409 정보 [main] org.apache.catalina.startup.VersionLoggerListener.log 명령 행 아규먼트:  --add-opens=java.base/java.util=ALL-UNNAMED
01-Dec-2023 21:08:07.409 정보 [main] org.apache.catalina.startup.VersionLoggerListener.log 명령 행 아규먼트:  --add-opens=java.base/java.util.concurrent=ALL-UNNAMED
01-Dec-2023 21:08:07.409 정보 [main] org.apache.catalina.startup.VersionLoggerListener.log 명령 행 아규먼트:  --add-opens=java.rmi/sun.rmi.transport=ALL-UNNAMED
01-Dec-2023 21:08:07.409 정보 [main] org.apache.catalina.startup.VersionLoggerListener.log 명령 행 아규먼트:  -Dcatalina.home=E:\work\apache-tomcat-10.1.15
01-Dec-2023 21:08:07.410 정보 [main] org.apache.catalina.startup.VersionLoggerListener.log 명령 행 아규먼트:  -Dcatalina.base=E:\work\jsp_projects\JSP_Board
01-Dec-2023 21:08:07.410 정보 [main] org.apache.catalina.startup.VersionLoggerListener.log 명령 행 아규먼트:  -Djava.io.tmpdir=E:\work\jsp_projects\JSP_Board\temp
01-Dec-2023 21:08:07.410 정보 [main] org.apache.catalina.startup.VersionLoggerListener.log 명령 행 아규먼트:  -Djava.util.logging.config.file=E:\work\jsp_projects\JSP_Board\conf\logging.properties
01-Dec-2023 21:08:07.410 정보 [main] org.apache.catalina.startup.VersionLoggerListener.log 명령 행 아규먼트:  -Djava.util.logging.manager=org.apache.juli.ClassLoaderLogManager
01-Dec-2023 21:08:07.410 정보 [main] org.apache.catalina.startup.VersionLoggerListener.log 명령 행 아규먼트:  -javaagent:C:\Program Files\JetBrains\IntelliJ IDEA Community Edition 2023.2\lib\idea_rt.jar=1209:C:\Program Files\JetBrains\IntelliJ IDEA Community Edition 2023.2\bin
01-Dec-2023 21:08:07.410 정보 [main] org.apache.catalina.startup.VersionLoggerListener.log 명령 행 아규먼트:  -Dfile.encoding=UTF-8
01-Dec-2023 21:08:07.412 정보 [main] org.apache.catalina.core.AprLifecycleListener.lifecycleEvent APR 버전 [1.7.4]을(를) 사용한, APR 기반 Apache Tomcat Native 라이브러리 [2.0.6]을(를) 로드했습니다.
01-Dec-2023 21:08:07.417 정보 [main] org.apache.catalina.core.AprLifecycleListener.initializeSSL OpenSSL이 성공적으로 초기화되었습니다: [OpenSSL 3.0.11 19 Sep 2023]
01-Dec-2023 21:08:07.644 정보 [main] org.apache.coyote.AbstractProtocol.init 프로토콜 핸들러 ["http-nio-8080"]을(를) 초기화합니다.
01-Dec-2023 21:08:07.664 정보 [main] org.apache.catalina.startup.Catalina.load [460] 밀리초 내에 서버가 초기화되었습니다.
01-Dec-2023 21:08:07.721 정보 [main] org.apache.catalina.core.StandardService.startInternal 서비스 [Catalina]을(를) 시작합니다.
01-Dec-2023 21:08:07.721 정보 [main] org.apache.catalina.core.StandardEngine.startInternal 서버 엔진을 시작합니다: [Apache Tomcat/10.1.15]
01-Dec-2023 21:08:07.734 정보 [main] org.apache.catalina.startup.HostConfig.deployDescriptor 배치 descriptor [E:\work\jsp_projects\JSP_Board\conf\Catalina\localhost\ROOT.xml]을(를) 배치합니다.
01-Dec-2023 21:08:08.554 정보 [main] org.apache.jasper.servlet.TldScanner.scanJars 적어도 하나의 JAR가 TLD들을 찾기 위해 스캔되었으나 아무 것도 찾지 못했습니다. 스캔했으나 TLD가 없는 JAR들의 전체 목록을 보시려면, 로그 레벨을 디버그 레벨로 설정하십시오. 스캔 과정에서 불필요한 JAR들을 건너뛰면, 시스템 시작 시간과 JSP 컴파일 시간을 단축시킬 수 있습니다.
01-Dec-2023 21:08:08.644 정보 [main] org.apache.catalina.startup.HostConfig.deployDescriptor 배치 descriptor [E:\work\jsp_projects\JSP_Board\conf\Catalina\localhost\ROOT.xml]의 배치가 [909] 밀리초 내에 완료되었습니다.
01-Dec-2023 21:08:08.649 정보 [main] org.apache.coyote.AbstractProtocol.start 프로토콜 핸들러 ["http-nio-8080"]을(를) 시작합니다.
01-Dec-2023 21:08:08.694 정보 [main] org.apache.catalina.startup.Catalina.start 서버가 [1029] 밀리초 내에 시작되었습니다.
01-Dec-2023 21:08:21.634 정보 [Thread-1] org.apache.coyote.AbstractProtocol.pause 프로토콜 핸들러 ["http-nio-8080"]을(를) 일시 정지 중
01-Dec-2023 21:08:21.638 정보 [Thread-1] org.apache.catalina.core.StandardService.stopInternal 서비스 [Catalina]을(를) 중지시킵니다.
01-Dec-2023 21:08:21.642 경고 [Thread-1] org.apache.catalina.loader.WebappClassLoaderBase.clearReferencesJdbc 웹 애플리케이션 [ROOT]이(가) JDBC 드라이버 [com.mysql.cj.jdbc.Driver]을(를) 등록했지만, 웹 애플리케이션이 중지될 때, 해당 JDBC 드라이버의 등록을 제거하지 못했습니다. 메모리 누수를 방지하기 위하여, 등록을 강제로 제거했습니다.
01-Dec-2023 21:08:21.643 경고 [Thread-1] org.apache.catalina.loader.WebappClassLoaderBase.clearReferencesThreads 웹 애플리케이션 [ROOT]이(가) [mysql-cj-abandoned-connection-cleanup](이)라는 이름의 쓰레드를 시작시킨 것으로 보이지만, 해당 쓰레드를 중지시키지 못했습니다. 이는 메모리 누수를 유발할 가능성이 큽니다. 해당 쓰레드의 스택 트레이스:
 java.base@17.0.8/java.lang.Object.wait(Native Method)
 java.base@17.0.8/java.lang.ref.ReferenceQueue.remove(ReferenceQueue.java:155)
 com.mysql.cj.jdbc.AbandonedConnectionCleanupThread.run(AbandonedConnectionCleanupThread.java:91)
 java.base@17.0.8/java.util.concurrent.ThreadPoolExecutor.runWorker(ThreadPoolExecutor.java:1136)
 java.base@17.0.8/java.util.concurrent.ThreadPoolExecutor$Worker.run(ThreadPoolExecutor.java:635)
 java.base@17.0.8/java.lang.Thread.run(Thread.java:833)
01-Dec-2023 21:08:21.646 정보 [Thread-1] org.apache.coyote.AbstractProtocol.stop 프로토콜 핸들러 ["http-nio-8080"]을(를) 중지시킵니다.
01-Dec-2023 21:08:21.650 정보 [Thread-1] org.apache.coyote.AbstractProtocol.destroy 프로토콜 핸들러 ["http-nio-8080"]을(를) 소멸시킵니다.
01-Dec-2023 21:08:52.189 정보 [main] org.apache.catalina.startup.VersionLoggerListener.log 서버 버전 이름:    Apache Tomcat/10.1.15
01-Dec-2023 21:08:52.193 정보 [main] org.apache.catalina.startup.VersionLoggerListener.log Server 빌드 시각:  Oct 11 2023 23:38:40 UTC
01-Dec-2023 21:08:52.193 정보 [main] org.apache.catalina.startup.VersionLoggerListener.log Server 버전 번호:  10.1.15.0
01-Dec-2023 21:08:52.193 정보 [main] org.apache.catalina.startup.VersionLoggerListener.log 운영체제 이름:     Windows 10
01-Dec-2023 21:08:52.193 정보 [main] org.apache.catalina.startup.VersionLoggerListener.log 운영체제 버전:     10.0
01-Dec-2023 21:08:52.193 정보 [main] org.apache.catalina.startup.VersionLoggerListener.log 아키텍처:          amd64
01-Dec-2023 21:08:52.193 정보 [main] org.apache.catalina.startup.VersionLoggerListener.log 자바 홈:           C:\Users\dbsal\.jdks\corretto-17.0.8
01-Dec-2023 21:08:52.193 정보 [main] org.apache.catalina.startup.VersionLoggerListener.log JVM 버전:          17.0.8+7-LTS
01-Dec-2023 21:08:52.194 정보 [main] org.apache.catalina.startup.VersionLoggerListener.log JVM 벤더:          Amazon.com Inc.
01-Dec-2023 21:08:52.194 정보 [main] org.apache.catalina.startup.VersionLoggerListener.log CATALINA_BASE:     E:\work\jsp_projects\JSP_Board
01-Dec-2023 21:08:52.194 정보 [main] org.apache.catalina.startup.VersionLoggerListener.log CATALINA_HOME:     E:\work\apache-tomcat-10.1.15
01-Dec-2023 21:08:52.202 정보 [main] org.apache.catalina.startup.VersionLoggerListener.log 명령 행 아규먼트:  --add-opens=java.base/java.lang=ALL-UNNAMED
01-Dec-2023 21:08:52.202 정보 [main] org.apache.catalina.startup.VersionLoggerListener.log 명령 행 아규먼트:  --add-opens=java.base/java.io=ALL-UNNAMED
01-Dec-2023 21:08:52.202 정보 [main] org.apache.catalina.startup.VersionLoggerListener.log 명령 행 아규먼트:  --add-opens=java.base/java.util=ALL-UNNAMED
01-Dec-2023 21:08:52.202 정보 [main] org.apache.catalina.startup.VersionLoggerListener.log 명령 행 아규먼트:  --add-opens=java.base/java.util.concurrent=ALL-UNNAMED
01-Dec-2023 21:08:52.202 정보 [main] org.apache.catalina.startup.VersionLoggerListener.log 명령 행 아규먼트:  --add-opens=java.rmi/sun.rmi.transport=ALL-UNNAMED
01-Dec-2023 21:08:52.202 정보 [main] org.apache.catalina.startup.VersionLoggerListener.log 명령 행 아규먼트:  -Dcatalina.home=E:\work\apache-tomcat-10.1.15
01-Dec-2023 21:08:52.202 정보 [main] org.apache.catalina.startup.VersionLoggerListener.log 명령 행 아규먼트:  -Dcatalina.base=E:\work\jsp_projects\JSP_Board
01-Dec-2023 21:08:52.203 정보 [main] org.apache.catalina.startup.VersionLoggerListener.log 명령 행 아규먼트:  -Djava.io.tmpdir=E:\work\jsp_projects\JSP_Board\temp
01-Dec-2023 21:08:52.203 정보 [main] org.apache.catalina.startup.VersionLoggerListener.log 명령 행 아규먼트:  -Djava.util.logging.config.file=E:\work\jsp_projects\JSP_Board\conf\logging.properties
01-Dec-2023 21:08:52.203 정보 [main] org.apache.catalina.startup.VersionLoggerListener.log 명령 행 아규먼트:  -Djava.util.logging.manager=org.apache.juli.ClassLoaderLogManager
01-Dec-2023 21:08:52.203 정보 [main] org.apache.catalina.startup.VersionLoggerListener.log 명령 행 아규먼트:  -javaagent:C:\Program Files\JetBrains\IntelliJ IDEA Community Edition 2023.2\lib\idea_rt.jar=1226:C:\Program Files\JetBrains\IntelliJ IDEA Community Edition 2023.2\bin
01-Dec-2023 21:08:52.203 정보 [main] org.apache.catalina.startup.VersionLoggerListener.log 명령 행 아규먼트:  -Dfile.encoding=UTF-8
01-Dec-2023 21:08:52.206 정보 [main] org.apache.catalina.core.AprLifecycleListener.lifecycleEvent APR 버전 [1.7.4]을(를) 사용한, APR 기반 Apache Tomcat Native 라이브러리 [2.0.6]을(를) 로드했습니다.
01-Dec-2023 21:08:52.211 정보 [main] org.apache.catalina.core.AprLifecycleListener.initializeSSL OpenSSL이 성공적으로 초기화되었습니다: [OpenSSL 3.0.11 19 Sep 2023]
01-Dec-2023 21:08:52.430 정보 [main] org.apache.coyote.AbstractProtocol.init 프로토콜 핸들러 ["http-nio-8080"]을(를) 초기화합니다.
01-Dec-2023 21:08:52.452 정보 [main] org.apache.catalina.startup.Catalina.load [444] 밀리초 내에 서버가 초기화되었습니다.
01-Dec-2023 21:08:52.500 정보 [main] org.apache.catalina.core.StandardService.startInternal 서비스 [Catalina]을(를) 시작합니다.
01-Dec-2023 21:08:52.500 정보 [main] org.apache.catalina.core.StandardEngine.startInternal 서버 엔진을 시작합니다: [Apache Tomcat/10.1.15]
01-Dec-2023 21:08:52.512 정보 [main] org.apache.catalina.startup.HostConfig.deployDescriptor 배치 descriptor [E:\work\jsp_projects\JSP_Board\conf\Catalina\localhost\ROOT.xml]을(를) 배치합니다.
01-Dec-2023 21:08:53.307 정보 [main] org.apache.jasper.servlet.TldScanner.scanJars 적어도 하나의 JAR가 TLD들을 찾기 위해 스캔되었으나 아무 것도 찾지 못했습니다. 스캔했으나 TLD가 없는 JAR들의 전체 목록을 보시려면, 로그 레벨을 디버그 레벨로 설정하십시오. 스캔 과정에서 불필요한 JAR들을 건너뛰면, 시스템 시작 시간과 JSP 컴파일 시간을 단축시킬 수 있습니다.
01-Dec-2023 21:08:53.403 정보 [main] org.apache.catalina.startup.HostConfig.deployDescriptor 배치 descriptor [E:\work\jsp_projects\JSP_Board\conf\Catalina\localhost\ROOT.xml]의 배치가 [889] 밀리초 내에 완료되었습니다.
01-Dec-2023 21:08:53.406 정보 [main] org.apache.coyote.AbstractProtocol.start 프로토콜 핸들러 ["http-nio-8080"]을(를) 시작합니다.
01-Dec-2023 21:08:53.449 정보 [main] org.apache.catalina.startup.Catalina.start 서버가 [997] 밀리초 내에 시작되었습니다.
01-Dec-2023 21:09:13.151 정보 [Thread-1] org.apache.coyote.AbstractProtocol.pause 프로토콜 핸들러 ["http-nio-8080"]을(를) 일시 정지 중
01-Dec-2023 21:09:13.155 정보 [Thread-1] org.apache.catalina.core.StandardService.stopInternal 서비스 [Catalina]을(를) 중지시킵니다.
01-Dec-2023 21:09:13.159 경고 [Thread-1] org.apache.catalina.loader.WebappClassLoaderBase.clearReferencesJdbc 웹 애플리케이션 [ROOT]이(가) JDBC 드라이버 [com.mysql.cj.jdbc.Driver]을(를) 등록했지만, 웹 애플리케이션이 중지될 때, 해당 JDBC 드라이버의 등록을 제거하지 못했습니다. 메모리 누수를 방지하기 위하여, 등록을 강제로 제거했습니다.
01-Dec-2023 21:09:13.160 경고 [Thread-1] org.apache.catalina.loader.WebappClassLoaderBase.clearReferencesThreads 웹 애플리케이션 [ROOT]이(가) [mysql-cj-abandoned-connection-cleanup](이)라는 이름의 쓰레드를 시작시킨 것으로 보이지만, 해당 쓰레드를 중지시키지 못했습니다. 이는 메모리 누수를 유발할 가능성이 큽니다. 해당 쓰레드의 스택 트레이스:
 java.base@17.0.8/java.lang.Object.wait(Native Method)
 java.base@17.0.8/java.lang.ref.ReferenceQueue.remove(ReferenceQueue.java:155)
 com.mysql.cj.jdbc.AbandonedConnectionCleanupThread.run(AbandonedConnectionCleanupThread.java:91)
 java.base@17.0.8/java.util.concurrent.ThreadPoolExecutor.runWorker(ThreadPoolExecutor.java:1136)
 java.base@17.0.8/java.util.concurrent.ThreadPoolExecutor$Worker.run(ThreadPoolExecutor.java:635)
 java.base@17.0.8/java.lang.Thread.run(Thread.java:833)
01-Dec-2023 21:09:13.164 정보 [Thread-1] org.apache.coyote.AbstractProtocol.stop 프로토콜 핸들러 ["http-nio-8080"]을(를) 중지시킵니다.
01-Dec-2023 21:09:13.168 정보 [Thread-1] org.apache.coyote.AbstractProtocol.destroy 프로토콜 핸들러 ["http-nio-8080"]을(를) 소멸시킵니다.
01-Dec-2023 21:17:31.644 정보 [main] org.apache.catalina.startup.VersionLoggerListener.log 서버 버전 이름:    Apache Tomcat/10.1.15
01-Dec-2023 21:17:31.649 정보 [main] org.apache.catalina.startup.VersionLoggerListener.log Server 빌드 시각:  Oct 11 2023 23:38:40 UTC
01-Dec-2023 21:17:31.649 정보 [main] org.apache.catalina.startup.VersionLoggerListener.log Server 버전 번호:  10.1.15.0
01-Dec-2023 21:17:31.649 정보 [main] org.apache.catalina.startup.VersionLoggerListener.log 운영체제 이름:     Windows 10
01-Dec-2023 21:17:31.649 정보 [main] org.apache.catalina.startup.VersionLoggerListener.log 운영체제 버전:     10.0
01-Dec-2023 21:17:31.649 정보 [main] org.apache.catalina.startup.VersionLoggerListener.log 아키텍처:          amd64
01-Dec-2023 21:17:31.649 정보 [main] org.apache.catalina.startup.VersionLoggerListener.log 자바 홈:           C:\Users\dbsal\.jdks\corretto-17.0.8
01-Dec-2023 21:17:31.650 정보 [main] org.apache.catalina.startup.VersionLoggerListener.log JVM 버전:          17.0.8+7-LTS
01-Dec-2023 21:17:31.650 정보 [main] org.apache.catalina.startup.VersionLoggerListener.log JVM 벤더:          Amazon.com Inc.
01-Dec-2023 21:17:31.650 정보 [main] org.apache.catalina.startup.VersionLoggerListener.log CATALINA_BASE:     E:\work\jsp_projects\JSP_Board
01-Dec-2023 21:17:31.650 정보 [main] org.apache.catalina.startup.VersionLoggerListener.log CATALINA_HOME:     E:\work\apache-tomcat-10.1.15
01-Dec-2023 21:17:31.659 정보 [main] org.apache.catalina.startup.VersionLoggerListener.log 명령 행 아규먼트:  --add-opens=java.base/java.lang=ALL-UNNAMED
01-Dec-2023 21:17:31.659 정보 [main] org.apache.catalina.startup.VersionLoggerListener.log 명령 행 아규먼트:  --add-opens=java.base/java.io=ALL-UNNAMED
01-Dec-2023 21:17:31.659 정보 [main] org.apache.catalina.startup.VersionLoggerListener.log 명령 행 아규먼트:  --add-opens=java.base/java.util=ALL-UNNAMED
01-Dec-2023 21:17:31.660 정보 [main] org.apache.catalina.startup.VersionLoggerListener.log 명령 행 아규먼트:  --add-opens=java.base/java.util.concurrent=ALL-UNNAMED
01-Dec-2023 21:17:31.660 정보 [main] org.apache.catalina.startup.VersionLoggerListener.log 명령 행 아규먼트:  --add-opens=java.rmi/sun.rmi.transport=ALL-UNNAMED
01-Dec-2023 21:17:31.660 정보 [main] org.apache.catalina.startup.VersionLoggerListener.log 명령 행 아규먼트:  -Dcatalina.home=E:\work\apache-tomcat-10.1.15
01-Dec-2023 21:17:31.660 정보 [main] org.apache.catalina.startup.VersionLoggerListener.log 명령 행 아규먼트:  -Dcatalina.base=E:\work\jsp_projects\JSP_Board
01-Dec-2023 21:17:31.660 정보 [main] org.apache.catalina.startup.VersionLoggerListener.log 명령 행 아규먼트:  -Djava.io.tmpdir=E:\work\jsp_projects\JSP_Board\temp
01-Dec-2023 21:17:31.660 정보 [main] org.apache.catalina.startup.VersionLoggerListener.log 명령 행 아규먼트:  -Djava.util.logging.config.file=E:\work\jsp_projects\JSP_Board\conf\logging.properties
01-Dec-2023 21:17:31.661 정보 [main] org.apache.catalina.startup.VersionLoggerListener.log 명령 행 아규먼트:  -Djava.util.logging.manager=org.apache.juli.ClassLoaderLogManager
01-Dec-2023 21:17:31.661 정보 [main] org.apache.catalina.startup.VersionLoggerListener.log 명령 행 아규먼트:  -javaagent:C:\Program Files\JetBrains\IntelliJ IDEA Community Edition 2023.2\lib\idea_rt.jar=1294:C:\Program Files\JetBrains\IntelliJ IDEA Community Edition 2023.2\bin
01-Dec-2023 21:17:31.661 정보 [main] org.apache.catalina.startup.VersionLoggerListener.log 명령 행 아규먼트:  -Dfile.encoding=UTF-8
01-Dec-2023 21:17:31.663 정보 [main] org.apache.catalina.core.AprLifecycleListener.lifecycleEvent APR 버전 [1.7.4]을(를) 사용한, APR 기반 Apache Tomcat Native 라이브러리 [2.0.6]을(를) 로드했습니다.
01-Dec-2023 21:17:31.669 정보 [main] org.apache.catalina.core.AprLifecycleListener.initializeSSL OpenSSL이 성공적으로 초기화되었습니다: [OpenSSL 3.0.11 19 Sep 2023]
01-Dec-2023 21:17:31.895 정보 [main] org.apache.coyote.AbstractProtocol.init 프로토콜 핸들러 ["http-nio-8080"]을(를) 초기화합니다.
01-Dec-2023 21:17:31.919 정보 [main] org.apache.catalina.startup.Catalina.load [464] 밀리초 내에 서버가 초기화되었습니다.
01-Dec-2023 21:17:31.972 정보 [main] org.apache.catalina.core.StandardService.startInternal 서비스 [Catalina]을(를) 시작합니다.
01-Dec-2023 21:17:31.972 정보 [main] org.apache.catalina.core.StandardEngine.startInternal 서버 엔진을 시작합니다: [Apache Tomcat/10.1.15]
01-Dec-2023 21:17:31.984 정보 [main] org.apache.catalina.startup.HostConfig.deployDescriptor 배치 descriptor [E:\work\jsp_projects\JSP_Board\conf\Catalina\localhost\ROOT.xml]을(를) 배치합니다.
01-Dec-2023 21:17:32.785 정보 [main] org.apache.jasper.servlet.TldScanner.scanJars 적어도 하나의 JAR가 TLD들을 찾기 위해 스캔되었으나 아무 것도 찾지 못했습니다. 스캔했으나 TLD가 없는 JAR들의 전체 목록을 보시려면, 로그 레벨을 디버그 레벨로 설정하십시오. 스캔 과정에서 불필요한 JAR들을 건너뛰면, 시스템 시작 시간과 JSP 컴파일 시간을 단축시킬 수 있습니다.
01-Dec-2023 21:17:32.883 정보 [main] org.apache.catalina.startup.HostConfig.deployDescriptor 배치 descriptor [E:\work\jsp_projects\JSP_Board\conf\Catalina\localhost\ROOT.xml]의 배치가 [898] 밀리초 내에 완료되었습니다.
01-Dec-2023 21:17:32.886 정보 [main] org.apache.coyote.AbstractProtocol.start 프로토콜 핸들러 ["http-nio-8080"]을(를) 시작합니다.
01-Dec-2023 21:17:32.928 정보 [main] org.apache.catalina.startup.Catalina.start 서버가 [1008] 밀리초 내에 시작되었습니다.
01-Dec-2023 21:48:28.210 정보 [Thread-1] org.apache.coyote.AbstractProtocol.pause 프로토콜 핸들러 ["http-nio-8080"]을(를) 일시 정지 중
01-Dec-2023 21:48:28.214 정보 [Thread-1] org.apache.catalina.core.StandardService.stopInternal 서비스 [Catalina]을(를) 중지시킵니다.
01-Dec-2023 21:48:28.217 경고 [Thread-1] org.apache.catalina.loader.WebappClassLoaderBase.clearReferencesJdbc 웹 애플리케이션 [ROOT]이(가) JDBC 드라이버 [com.mysql.cj.jdbc.Driver]을(를) 등록했지만, 웹 애플리케이션이 중지될 때, 해당 JDBC 드라이버의 등록을 제거하지 못했습니다. 메모리 누수를 방지하기 위하여, 등록을 강제로 제거했습니다.
01-Dec-2023 21:48:28.218 경고 [Thread-1] org.apache.catalina.loader.WebappClassLoaderBase.clearReferencesThreads 웹 애플리케이션 [ROOT]이(가) [mysql-cj-abandoned-connection-cleanup](이)라는 이름의 쓰레드를 시작시킨 것으로 보이지만, 해당 쓰레드를 중지시키지 못했습니다. 이는 메모리 누수를 유발할 가능성이 큽니다. 해당 쓰레드의 스택 트레이스:
 java.base@17.0.8/java.lang.Object.wait(Native Method)
 java.base@17.0.8/java.lang.ref.ReferenceQueue.remove(ReferenceQueue.java:155)
 com.mysql.cj.jdbc.AbandonedConnectionCleanupThread.run(AbandonedConnectionCleanupThread.java:91)
 java.base@17.0.8/java.util.concurrent.ThreadPoolExecutor.runWorker(ThreadPoolExecutor.java:1136)
 java.base@17.0.8/java.util.concurrent.ThreadPoolExecutor$Worker.run(ThreadPoolExecutor.java:635)
 java.base@17.0.8/java.lang.Thread.run(Thread.java:833)
01-Dec-2023 21:48:28.221 정보 [Thread-1] org.apache.coyote.AbstractProtocol.stop 프로토콜 핸들러 ["http-nio-8080"]을(를) 중지시킵니다.
01-Dec-2023 21:48:28.224 정보 [Thread-1] org.apache.coyote.AbstractProtocol.destroy 프로토콜 핸들러 ["http-nio-8080"]을(를) 소멸시킵니다.
01-Dec-2023 21:48:31.764 정보 [main] org.apache.catalina.startup.VersionLoggerListener.log 서버 버전 이름:    Apache Tomcat/10.1.15
01-Dec-2023 21:48:31.767 정보 [main] org.apache.catalina.startup.VersionLoggerListener.log Server 빌드 시각:  Oct 11 2023 23:38:40 UTC
01-Dec-2023 21:48:31.767 정보 [main] org.apache.catalina.startup.VersionLoggerListener.log Server 버전 번호:  10.1.15.0
01-Dec-2023 21:48:31.768 정보 [main] org.apache.catalina.startup.VersionLoggerListener.log 운영체제 이름:     Windows 10
01-Dec-2023 21:48:31.768 정보 [main] org.apache.catalina.startup.VersionLoggerListener.log 운영체제 버전:     10.0
01-Dec-2023 21:48:31.768 정보 [main] org.apache.catalina.startup.VersionLoggerListener.log 아키텍처:          amd64
01-Dec-2023 21:48:31.768 정보 [main] org.apache.catalina.startup.VersionLoggerListener.log 자바 홈:           C:\Users\dbsal\.jdks\corretto-17.0.8
01-Dec-2023 21:48:31.768 정보 [main] org.apache.catalina.startup.VersionLoggerListener.log JVM 버전:          17.0.8+7-LTS
01-Dec-2023 21:48:31.768 정보 [main] org.apache.catalina.startup.VersionLoggerListener.log JVM 벤더:          Amazon.com Inc.
01-Dec-2023 21:48:31.768 정보 [main] org.apache.catalina.startup.VersionLoggerListener.log CATALINA_BASE:     E:\work\jsp_projects\JSP_Board
01-Dec-2023 21:48:31.768 정보 [main] org.apache.catalina.startup.VersionLoggerListener.log CATALINA_HOME:     E:\work\apache-tomcat-10.1.15
01-Dec-2023 21:48:31.775 정보 [main] org.apache.catalina.startup.VersionLoggerListener.log 명령 행 아규먼트:  --add-opens=java.base/java.lang=ALL-UNNAMED
01-Dec-2023 21:48:31.775 정보 [main] org.apache.catalina.startup.VersionLoggerListener.log 명령 행 아규먼트:  --add-opens=java.base/java.io=ALL-UNNAMED
01-Dec-2023 21:48:31.775 정보 [main] org.apache.catalina.startup.VersionLoggerListener.log 명령 행 아규먼트:  --add-opens=java.base/java.util=ALL-UNNAMED
01-Dec-2023 21:48:31.775 정보 [main] org.apache.catalina.startup.VersionLoggerListener.log 명령 행 아규먼트:  --add-opens=java.base/java.util.concurrent=ALL-UNNAMED
01-Dec-2023 21:48:31.775 정보 [main] org.apache.catalina.startup.VersionLoggerListener.log 명령 행 아규먼트:  --add-opens=java.rmi/sun.rmi.transport=ALL-UNNAMED
01-Dec-2023 21:48:31.776 정보 [main] org.apache.catalina.startup.VersionLoggerListener.log 명령 행 아규먼트:  -Dcatalina.home=E:\work\apache-tomcat-10.1.15
01-Dec-2023 21:48:31.776 정보 [main] org.apache.catalina.startup.VersionLoggerListener.log 명령 행 아규먼트:  -Dcatalina.base=E:\work\jsp_projects\JSP_Board
01-Dec-2023 21:48:31.776 정보 [main] org.apache.catalina.startup.VersionLoggerListener.log 명령 행 아규먼트:  -Djava.io.tmpdir=E:\work\jsp_projects\JSP_Board\temp
01-Dec-2023 21:48:31.776 정보 [main] org.apache.catalina.startup.VersionLoggerListener.log 명령 행 아규먼트:  -Djava.util.logging.config.file=E:\work\jsp_projects\JSP_Board\conf\logging.properties
01-Dec-2023 21:48:31.776 정보 [main] org.apache.catalina.startup.VersionLoggerListener.log 명령 행 아규먼트:  -Djava.util.logging.manager=org.apache.juli.ClassLoaderLogManager
01-Dec-2023 21:48:31.776 정보 [main] org.apache.catalina.startup.VersionLoggerListener.log 명령 행 아규먼트:  -javaagent:C:\Program Files\JetBrains\IntelliJ IDEA Community Edition 2023.2\lib\idea_rt.jar=1400:C:\Program Files\JetBrains\IntelliJ IDEA Community Edition 2023.2\bin
01-Dec-2023 21:48:31.776 정보 [main] org.apache.catalina.startup.VersionLoggerListener.log 명령 행 아규먼트:  -Dfile.encoding=UTF-8
01-Dec-2023 21:48:31.778 정보 [main] org.apache.catalina.core.AprLifecycleListener.lifecycleEvent APR 버전 [1.7.4]을(를) 사용한, APR 기반 Apache Tomcat Native 라이브러리 [2.0.6]을(를) 로드했습니다.
01-Dec-2023 21:48:31.783 정보 [main] org.apache.catalina.core.AprLifecycleListener.initializeSSL OpenSSL이 성공적으로 초기화되었습니다: [OpenSSL 3.0.11 19 Sep 2023]
01-Dec-2023 21:48:31.978 정보 [main] org.apache.coyote.AbstractProtocol.init 프로토콜 핸들러 ["http-nio-8080"]을(를) 초기화합니다.
01-Dec-2023 21:48:32.000 정보 [main] org.apache.catalina.startup.Catalina.load [418] 밀리초 내에 서버가 초기화되었습니다.
01-Dec-2023 21:48:32.050 정보 [main] org.apache.catalina.core.StandardService.startInternal 서비스 [Catalina]을(를) 시작합니다.
01-Dec-2023 21:48:32.050 정보 [main] org.apache.catalina.core.StandardEngine.startInternal 서버 엔진을 시작합니다: [Apache Tomcat/10.1.15]
01-Dec-2023 21:48:32.064 정보 [main] org.apache.catalina.startup.HostConfig.deployDescriptor 배치 descriptor [E:\work\jsp_projects\JSP_Board\conf\Catalina\localhost\ROOT.xml]을(를) 배치합니다.
01-Dec-2023 21:48:32.769 정보 [main] org.apache.jasper.servlet.TldScanner.scanJars 적어도 하나의 JAR가 TLD들을 찾기 위해 스캔되었으나 아무 것도 찾지 못했습니다. 스캔했으나 TLD가 없는 JAR들의 전체 목록을 보시려면, 로그 레벨을 디버그 레벨로 설정하십시오. 스캔 과정에서 불필요한 JAR들을 건너뛰면, 시스템 시작 시간과 JSP 컴파일 시간을 단축시킬 수 있습니다.
01-Dec-2023 21:48:32.869 정보 [main] org.apache.catalina.startup.HostConfig.deployDescriptor 배치 descriptor [E:\work\jsp_projects\JSP_Board\conf\Catalina\localhost\ROOT.xml]의 배치가 [804] 밀리초 내에 완료되었습니다.
01-Dec-2023 21:48:32.872 정보 [main] org.apache.coyote.AbstractProtocol.start 프로토콜 핸들러 ["http-nio-8080"]을(를) 시작합니다.
01-Dec-2023 21:48:32.915 정보 [main] org.apache.catalina.startup.Catalina.start 서버가 [914] 밀리초 내에 시작되었습니다.
01-Dec-2023 21:55:15.479 정보 [Thread-1] org.apache.coyote.AbstractProtocol.pause 프로토콜 핸들러 ["http-nio-8080"]을(를) 일시 정지 중
01-Dec-2023 21:55:15.483 정보 [Thread-1] org.apache.catalina.core.StandardService.stopInternal 서비스 [Catalina]을(를) 중지시킵니다.
01-Dec-2023 21:55:15.487 경고 [Thread-1] org.apache.catalina.loader.WebappClassLoaderBase.clearReferencesJdbc 웹 애플리케이션 [ROOT]이(가) JDBC 드라이버 [com.mysql.cj.jdbc.Driver]을(를) 등록했지만, 웹 애플리케이션이 중지될 때, 해당 JDBC 드라이버의 등록을 제거하지 못했습니다. 메모리 누수를 방지하기 위하여, 등록을 강제로 제거했습니다.
01-Dec-2023 21:55:15.487 경고 [Thread-1] org.apache.catalina.loader.WebappClassLoaderBase.clearReferencesThreads 웹 애플리케이션 [ROOT]이(가) [mysql-cj-abandoned-connection-cleanup](이)라는 이름의 쓰레드를 시작시킨 것으로 보이지만, 해당 쓰레드를 중지시키지 못했습니다. 이는 메모리 누수를 유발할 가능성이 큽니다. 해당 쓰레드의 스택 트레이스:
 java.base@17.0.8/java.lang.Object.wait(Native Method)
 java.base@17.0.8/java.lang.ref.ReferenceQueue.remove(ReferenceQueue.java:155)
 com.mysql.cj.jdbc.AbandonedConnectionCleanupThread.run(AbandonedConnectionCleanupThread.java:91)
 java.base@17.0.8/java.util.concurrent.ThreadPoolExecutor.runWorker(ThreadPoolExecutor.java:1136)
 java.base@17.0.8/java.util.concurrent.ThreadPoolExecutor$Worker.run(ThreadPoolExecutor.java:635)
 java.base@17.0.8/java.lang.Thread.run(Thread.java:833)
01-Dec-2023 21:55:15.492 정보 [Thread-1] org.apache.coyote.AbstractProtocol.stop 프로토콜 핸들러 ["http-nio-8080"]을(를) 중지시킵니다.
01-Dec-2023 21:55:15.496 정보 [Thread-1] org.apache.coyote.AbstractProtocol.destroy 프로토콜 핸들러 ["http-nio-8080"]을(를) 소멸시킵니다.
01-Dec-2023 21:55:18.846 정보 [main] org.apache.catalina.startup.VersionLoggerListener.log 서버 버전 이름:    Apache Tomcat/10.1.15
01-Dec-2023 21:55:18.850 정보 [main] org.apache.catalina.startup.VersionLoggerListener.log Server 빌드 시각:  Oct 11 2023 23:38:40 UTC
01-Dec-2023 21:55:18.850 정보 [main] org.apache.catalina.startup.VersionLoggerListener.log Server 버전 번호:  10.1.15.0
01-Dec-2023 21:55:18.850 정보 [main] org.apache.catalina.startup.VersionLoggerListener.log 운영체제 이름:     Windows 10
01-Dec-2023 21:55:18.851 정보 [main] org.apache.catalina.startup.VersionLoggerListener.log 운영체제 버전:     10.0
01-Dec-2023 21:55:18.851 정보 [main] org.apache.catalina.startup.VersionLoggerListener.log 아키텍처:          amd64
01-Dec-2023 21:55:18.851 정보 [main] org.apache.catalina.startup.VersionLoggerListener.log 자바 홈:           C:\Users\dbsal\.jdks\corretto-17.0.8
01-Dec-2023 21:55:18.851 정보 [main] org.apache.catalina.startup.VersionLoggerListener.log JVM 버전:          17.0.8+7-LTS
01-Dec-2023 21:55:18.851 정보 [main] org.apache.catalina.startup.VersionLoggerListener.log JVM 벤더:          Amazon.com Inc.
01-Dec-2023 21:55:18.851 정보 [main] org.apache.catalina.startup.VersionLoggerListener.log CATALINA_BASE:     E:\work\jsp_projects\JSP_Board
01-Dec-2023 21:55:18.851 정보 [main] org.apache.catalina.startup.VersionLoggerListener.log CATALINA_HOME:     E:\work\apache-tomcat-10.1.15
01-Dec-2023 21:55:18.859 정보 [main] org.apache.catalina.startup.VersionLoggerListener.log 명령 행 아규먼트:  --add-opens=java.base/java.lang=ALL-UNNAMED
01-Dec-2023 21:55:18.859 정보 [main] org.apache.catalina.startup.VersionLoggerListener.log 명령 행 아규먼트:  --add-opens=java.base/java.io=ALL-UNNAMED
01-Dec-2023 21:55:18.859 정보 [main] org.apache.catalina.startup.VersionLoggerListener.log 명령 행 아규먼트:  --add-opens=java.base/java.util=ALL-UNNAMED
01-Dec-2023 21:55:18.859 정보 [main] org.apache.catalina.startup.VersionLoggerListener.log 명령 행 아규먼트:  --add-opens=java.base/java.util.concurrent=ALL-UNNAMED
01-Dec-2023 21:55:18.860 정보 [main] org.apache.catalina.startup.VersionLoggerListener.log 명령 행 아규먼트:  --add-opens=java.rmi/sun.rmi.transport=ALL-UNNAMED
01-Dec-2023 21:55:18.860 정보 [main] org.apache.catalina.startup.VersionLoggerListener.log 명령 행 아규먼트:  -Dcatalina.home=E:\work\apache-tomcat-10.1.15
01-Dec-2023 21:55:18.860 정보 [main] org.apache.catalina.startup.VersionLoggerListener.log 명령 행 아규먼트:  -Dcatalina.base=E:\work\jsp_projects\JSP_Board
01-Dec-2023 21:55:18.860 정보 [main] org.apache.catalina.startup.VersionLoggerListener.log 명령 행 아규먼트:  -Djava.io.tmpdir=E:\work\jsp_projects\JSP_Board\temp
01-Dec-2023 21:55:18.860 정보 [main] org.apache.catalina.startup.VersionLoggerListener.log 명령 행 아규먼트:  -Djava.util.logging.config.file=E:\work\jsp_projects\JSP_Board\conf\logging.properties
01-Dec-2023 21:55:18.860 정보 [main] org.apache.catalina.startup.VersionLoggerListener.log 명령 행 아규먼트:  -Djava.util.logging.manager=org.apache.juli.ClassLoaderLogManager
01-Dec-2023 21:55:18.860 정보 [main] org.apache.catalina.startup.VersionLoggerListener.log 명령 행 아규먼트:  -javaagent:C:\Program Files\JetBrains\IntelliJ IDEA Community Edition 2023.2\lib\idea_rt.jar=1434:C:\Program Files\JetBrains\IntelliJ IDEA Community Edition 2023.2\bin
01-Dec-2023 21:55:18.861 정보 [main] org.apache.catalina.startup.VersionLoggerListener.log 명령 행 아규먼트:  -Dfile.encoding=UTF-8
01-Dec-2023 21:55:18.863 정보 [main] org.apache.catalina.core.AprLifecycleListener.lifecycleEvent APR 버전 [1.7.4]을(를) 사용한, APR 기반 Apache Tomcat Native 라이브러리 [2.0.6]을(를) 로드했습니다.
01-Dec-2023 21:55:18.869 정보 [main] org.apache.catalina.core.AprLifecycleListener.initializeSSL OpenSSL이 성공적으로 초기화되었습니다: [OpenSSL 3.0.11 19 Sep 2023]
01-Dec-2023 21:55:19.061 정보 [main] org.apache.coyote.AbstractProtocol.init 프로토콜 핸들러 ["http-nio-8080"]을(를) 초기화합니다.
01-Dec-2023 21:55:19.079 정보 [main] org.apache.catalina.startup.Catalina.load [411] 밀리초 내에 서버가 초기화되었습니다.
01-Dec-2023 21:55:19.128 정보 [main] org.apache.catalina.core.StandardService.startInternal 서비스 [Catalina]을(를) 시작합니다.
01-Dec-2023 21:55:19.128 정보 [main] org.apache.catalina.core.StandardEngine.startInternal 서버 엔진을 시작합니다: [Apache Tomcat/10.1.15]
01-Dec-2023 21:55:19.143 정보 [main] org.apache.catalina.startup.HostConfig.deployDescriptor 배치 descriptor [E:\work\jsp_projects\JSP_Board\conf\Catalina\localhost\ROOT.xml]을(를) 배치합니다.
01-Dec-2023 21:55:19.890 정보 [main] org.apache.jasper.servlet.TldScanner.scanJars 적어도 하나의 JAR가 TLD들을 찾기 위해 스캔되었으나 아무 것도 찾지 못했습니다. 스캔했으나 TLD가 없는 JAR들의 전체 목록을 보시려면, 로그 레벨을 디버그 레벨로 설정하십시오. 스캔 과정에서 불필요한 JAR들을 건너뛰면, 시스템 시작 시간과 JSP 컴파일 시간을 단축시킬 수 있습니다.
01-Dec-2023 21:55:20.001 정보 [main] org.apache.catalina.startup.HostConfig.deployDescriptor 배치 descriptor [E:\work\jsp_projects\JSP_Board\conf\Catalina\localhost\ROOT.xml]의 배치가 [856] 밀리초 내에 완료되었습니다.
01-Dec-2023 21:55:20.004 정보 [main] org.apache.coyote.AbstractProtocol.start 프로토콜 핸들러 ["http-nio-8080"]을(를) 시작합니다.
01-Dec-2023 21:55:20.047 정보 [main] org.apache.catalina.startup.Catalina.start 서버가 [967] 밀리초 내에 시작되었습니다.
01-Dec-2023 21:58:09.762 정보 [Thread-1] org.apache.coyote.AbstractProtocol.pause 프로토콜 핸들러 ["http-nio-8080"]을(를) 일시 정지 중
01-Dec-2023 21:58:09.765 정보 [Thread-1] org.apache.catalina.core.StandardService.stopInternal 서비스 [Catalina]을(를) 중지시킵니다.
01-Dec-2023 21:58:09.769 경고 [Thread-1] org.apache.catalina.loader.WebappClassLoaderBase.clearReferencesJdbc 웹 애플리케이션 [ROOT]이(가) JDBC 드라이버 [com.mysql.cj.jdbc.Driver]을(를) 등록했지만, 웹 애플리케이션이 중지될 때, 해당 JDBC 드라이버의 등록을 제거하지 못했습니다. 메모리 누수를 방지하기 위하여, 등록을 강제로 제거했습니다.
01-Dec-2023 21:58:09.770 경고 [Thread-1] org.apache.catalina.loader.WebappClassLoaderBase.clearReferencesThreads 웹 애플리케이션 [ROOT]이(가) [mysql-cj-abandoned-connection-cleanup](이)라는 이름의 쓰레드를 시작시킨 것으로 보이지만, 해당 쓰레드를 중지시키지 못했습니다. 이는 메모리 누수를 유발할 가능성이 큽니다. 해당 쓰레드의 스택 트레이스:
 java.base@17.0.8/java.lang.Object.wait(Native Method)
 java.base@17.0.8/java.lang.ref.ReferenceQueue.remove(ReferenceQueue.java:155)
 com.mysql.cj.jdbc.AbandonedConnectionCleanupThread.run(AbandonedConnectionCleanupThread.java:91)
 java.base@17.0.8/java.util.concurrent.ThreadPoolExecutor.runWorker(ThreadPoolExecutor.java:1136)
 java.base@17.0.8/java.util.concurrent.ThreadPoolExecutor$Worker.run(ThreadPoolExecutor.java:635)
 java.base@17.0.8/java.lang.Thread.run(Thread.java:833)
01-Dec-2023 21:58:09.773 정보 [Thread-1] org.apache.coyote.AbstractProtocol.stop 프로토콜 핸들러 ["http-nio-8080"]을(를) 중지시킵니다.
01-Dec-2023 21:58:09.777 정보 [Thread-1] org.apache.coyote.AbstractProtocol.destroy 프로토콜 핸들러 ["http-nio-8080"]을(를) 소멸시킵니다.
01-Dec-2023 21:58:12.182 정보 [main] org.apache.catalina.startup.VersionLoggerListener.log 서버 버전 이름:    Apache Tomcat/10.1.15
01-Dec-2023 21:58:12.186 정보 [main] org.apache.catalina.startup.VersionLoggerListener.log Server 빌드 시각:  Oct 11 2023 23:38:40 UTC
01-Dec-2023 21:58:12.186 정보 [main] org.apache.catalina.startup.VersionLoggerListener.log Server 버전 번호:  10.1.15.0
01-Dec-2023 21:58:12.186 정보 [main] org.apache.catalina.startup.VersionLoggerListener.log 운영체제 이름:     Windows 10
01-Dec-2023 21:58:12.186 정보 [main] org.apache.catalina.startup.VersionLoggerListener.log 운영체제 버전:     10.0
01-Dec-2023 21:58:12.186 정보 [main] org.apache.catalina.startup.VersionLoggerListener.log 아키텍처:          amd64
01-Dec-2023 21:58:12.186 정보 [main] org.apache.catalina.startup.VersionLoggerListener.log 자바 홈:           C:\Users\dbsal\.jdks\corretto-17.0.8
01-Dec-2023 21:58:12.187 정보 [main] org.apache.catalina.startup.VersionLoggerListener.log JVM 버전:          17.0.8+7-LTS
01-Dec-2023 21:58:12.187 정보 [main] org.apache.catalina.startup.VersionLoggerListener.log JVM 벤더:          Amazon.com Inc.
01-Dec-2023 21:58:12.187 정보 [main] org.apache.catalina.startup.VersionLoggerListener.log CATALINA_BASE:     E:\work\jsp_projects\JSP_Board
01-Dec-2023 21:58:12.187 정보 [main] org.apache.catalina.startup.VersionLoggerListener.log CATALINA_HOME:     E:\work\apache-tomcat-10.1.15
01-Dec-2023 21:58:12.195 정보 [main] org.apache.catalina.startup.VersionLoggerListener.log 명령 행 아규먼트:  --add-opens=java.base/java.lang=ALL-UNNAMED
01-Dec-2023 21:58:12.195 정보 [main] org.apache.catalina.startup.VersionLoggerListener.log 명령 행 아규먼트:  --add-opens=java.base/java.io=ALL-UNNAMED
01-Dec-2023 21:58:12.195 정보 [main] org.apache.catalina.startup.VersionLoggerListener.log 명령 행 아규먼트:  --add-opens=java.base/java.util=ALL-UNNAMED
01-Dec-2023 21:58:12.195 정보 [main] org.apache.catalina.startup.VersionLoggerListener.log 명령 행 아규먼트:  --add-opens=java.base/java.util.concurrent=ALL-UNNAMED
01-Dec-2023 21:58:12.195 정보 [main] org.apache.catalina.startup.VersionLoggerListener.log 명령 행 아규먼트:  --add-opens=java.rmi/sun.rmi.transport=ALL-UNNAMED
01-Dec-2023 21:58:12.195 정보 [main] org.apache.catalina.startup.VersionLoggerListener.log 명령 행 아규먼트:  -Dcatalina.home=E:\work\apache-tomcat-10.1.15
01-Dec-2023 21:58:12.195 정보 [main] org.apache.catalina.startup.VersionLoggerListener.log 명령 행 아규먼트:  -Dcatalina.base=E:\work\jsp_projects\JSP_Board
01-Dec-2023 21:58:12.196 정보 [main] org.apache.catalina.startup.VersionLoggerListener.log 명령 행 아규먼트:  -Djava.io.tmpdir=E:\work\jsp_projects\JSP_Board\temp
01-Dec-2023 21:58:12.196 정보 [main] org.apache.catalina.startup.VersionLoggerListener.log 명령 행 아규먼트:  -Djava.util.logging.config.file=E:\work\jsp_projects\JSP_Board\conf\logging.properties
01-Dec-2023 21:58:12.196 정보 [main] org.apache.catalina.startup.VersionLoggerListener.log 명령 행 아규먼트:  -Djava.util.logging.manager=org.apache.juli.ClassLoaderLogManager
01-Dec-2023 21:58:12.196 정보 [main] org.apache.catalina.startup.VersionLoggerListener.log 명령 행 아규먼트:  -javaagent:C:\Program Files\JetBrains\IntelliJ IDEA Community Edition 2023.2\lib\idea_rt.jar=1451:C:\Program Files\JetBrains\IntelliJ IDEA Community Edition 2023.2\bin
01-Dec-2023 21:58:12.196 정보 [main] org.apache.catalina.startup.VersionLoggerListener.log 명령 행 아규먼트:  -Dfile.encoding=UTF-8
01-Dec-2023 21:58:12.198 정보 [main] org.apache.catalina.core.AprLifecycleListener.lifecycleEvent APR 버전 [1.7.4]을(를) 사용한, APR 기반 Apache Tomcat Native 라이브러리 [2.0.6]을(를) 로드했습니다.
01-Dec-2023 21:58:12.203 정보 [main] org.apache.catalina.core.AprLifecycleListener.initializeSSL OpenSSL이 성공적으로 초기화되었습니다: [OpenSSL 3.0.11 19 Sep 2023]
01-Dec-2023 21:58:12.405 정보 [main] org.apache.coyote.AbstractProtocol.init 프로토콜 핸들러 ["http-nio-8080"]을(를) 초기화합니다.
01-Dec-2023 21:58:12.422 정보 [main] org.apache.catalina.startup.Catalina.load [413] 밀리초 내에 서버가 초기화되었습니다.
01-Dec-2023 21:58:12.475 정보 [main] org.apache.catalina.core.StandardService.startInternal 서비스 [Catalina]을(를) 시작합니다.
01-Dec-2023 21:58:12.475 정보 [main] org.apache.catalina.core.StandardEngine.startInternal 서버 엔진을 시작합니다: [Apache Tomcat/10.1.15]
01-Dec-2023 21:58:12.490 정보 [main] org.apache.catalina.startup.HostConfig.deployDescriptor 배치 descriptor [E:\work\jsp_projects\JSP_Board\conf\Catalina\localhost\ROOT.xml]을(를) 배치합니다.
01-Dec-2023 21:58:13.266 정보 [main] org.apache.jasper.servlet.TldScanner.scanJars 적어도 하나의 JAR가 TLD들을 찾기 위해 스캔되었으나 아무 것도 찾지 못했습니다. 스캔했으나 TLD가 없는 JAR들의 전체 목록을 보시려면, 로그 레벨을 디버그 레벨로 설정하십시오. 스캔 과정에서 불필요한 JAR들을 건너뛰면, 시스템 시작 시간과 JSP 컴파일 시간을 단축시킬 수 있습니다.
01-Dec-2023 21:58:13.362 정보 [main] org.apache.catalina.startup.HostConfig.deployDescriptor 배치 descriptor [E:\work\jsp_projects\JSP_Board\conf\Catalina\localhost\ROOT.xml]의 배치가 [870] 밀리초 내에 완료되었습니다.
01-Dec-2023 21:58:13.366 정보 [main] org.apache.coyote.AbstractProtocol.start 프로토콜 핸들러 ["http-nio-8080"]을(를) 시작합니다.
01-Dec-2023 21:58:13.408 정보 [main] org.apache.catalina.startup.Catalina.start 서버가 [985] 밀리초 내에 시작되었습니다.
01-Dec-2023 22:02:09.206 정보 [Thread-1] org.apache.coyote.AbstractProtocol.pause 프로토콜 핸들러 ["http-nio-8080"]을(를) 일시 정지 중
01-Dec-2023 22:02:09.209 정보 [Thread-1] org.apache.catalina.core.StandardService.stopInternal 서비스 [Catalina]을(를) 중지시킵니다.
01-Dec-2023 22:02:09.213 경고 [Thread-1] org.apache.catalina.loader.WebappClassLoaderBase.clearReferencesJdbc 웹 애플리케이션 [ROOT]이(가) JDBC 드라이버 [com.mysql.cj.jdbc.Driver]을(를) 등록했지만, 웹 애플리케이션이 중지될 때, 해당 JDBC 드라이버의 등록을 제거하지 못했습니다. 메모리 누수를 방지하기 위하여, 등록을 강제로 제거했습니다.
01-Dec-2023 22:02:09.214 경고 [Thread-1] org.apache.catalina.loader.WebappClassLoaderBase.clearReferencesThreads 웹 애플리케이션 [ROOT]이(가) [mysql-cj-abandoned-connection-cleanup](이)라는 이름의 쓰레드를 시작시킨 것으로 보이지만, 해당 쓰레드를 중지시키지 못했습니다. 이는 메모리 누수를 유발할 가능성이 큽니다. 해당 쓰레드의 스택 트레이스:
 java.base@17.0.8/java.lang.Object.wait(Native Method)
 java.base@17.0.8/java.lang.ref.ReferenceQueue.remove(ReferenceQueue.java:155)
 com.mysql.cj.jdbc.AbandonedConnectionCleanupThread.run(AbandonedConnectionCleanupThread.java:91)
 java.base@17.0.8/java.util.concurrent.ThreadPoolExecutor.runWorker(ThreadPoolExecutor.java:1136)
 java.base@17.0.8/java.util.concurrent.ThreadPoolExecutor$Worker.run(ThreadPoolExecutor.java:635)
 java.base@17.0.8/java.lang.Thread.run(Thread.java:833)
01-Dec-2023 22:02:09.216 정보 [Thread-1] org.apache.coyote.AbstractProtocol.stop 프로토콜 핸들러 ["http-nio-8080"]을(를) 중지시킵니다.
01-Dec-2023 22:02:09.221 정보 [Thread-1] org.apache.coyote.AbstractProtocol.destroy 프로토콜 핸들러 ["http-nio-8080"]을(를) 소멸시킵니다.
