17-Nov-2023 19:49:16.778 정보 [main] org.apache.catalina.startup.VersionLoggerListener.log 서버 버전 이름:    Apache Tomcat/10.1.15
17-Nov-2023 19:49:16.782 정보 [main] org.apache.catalina.startup.VersionLoggerListener.log Server 빌드 시각:  Oct 11 2023 23:38:40 UTC
17-Nov-2023 19:49:16.782 정보 [main] org.apache.catalina.startup.VersionLoggerListener.log Server 버전 번호:  10.1.15.0
17-Nov-2023 19:49:16.782 정보 [main] org.apache.catalina.startup.VersionLoggerListener.log 운영체제 이름:     Windows 10
17-Nov-2023 19:49:16.783 정보 [main] org.apache.catalina.startup.VersionLoggerListener.log 운영체제 버전:     10.0
17-Nov-2023 19:49:16.783 정보 [main] org.apache.catalina.startup.VersionLoggerListener.log 아키텍처:          amd64
17-Nov-2023 19:49:16.783 정보 [main] org.apache.catalina.startup.VersionLoggerListener.log 자바 홈:           C:\Users\dbsal\.jdks\corretto-17.0.8
17-Nov-2023 19:49:16.783 정보 [main] org.apache.catalina.startup.VersionLoggerListener.log JVM 버전:          17.0.8+7-LTS
17-Nov-2023 19:49:16.783 정보 [main] org.apache.catalina.startup.VersionLoggerListener.log JVM 벤더:          Amazon.com Inc.
17-Nov-2023 19:49:16.783 정보 [main] org.apache.catalina.startup.VersionLoggerListener.log CATALINA_BASE:     E:\work\jsp_projects\JSP_Board
17-Nov-2023 19:49:16.783 정보 [main] org.apache.catalina.startup.VersionLoggerListener.log CATALINA_HOME:     E:\work\apache-tomcat-10.1.15
17-Nov-2023 19:49:16.792 정보 [main] org.apache.catalina.startup.VersionLoggerListener.log 명령 행 아규먼트:  --add-opens=java.base/java.lang=ALL-UNNAMED
17-Nov-2023 19:49:16.792 정보 [main] org.apache.catalina.startup.VersionLoggerListener.log 명령 행 아규먼트:  --add-opens=java.base/java.io=ALL-UNNAMED
17-Nov-2023 19:49:16.792 정보 [main] org.apache.catalina.startup.VersionLoggerListener.log 명령 행 아규먼트:  --add-opens=java.base/java.util=ALL-UNNAMED
17-Nov-2023 19:49:16.792 정보 [main] org.apache.catalina.startup.VersionLoggerListener.log 명령 행 아규먼트:  --add-opens=java.base/java.util.concurrent=ALL-UNNAMED
17-Nov-2023 19:49:16.792 정보 [main] org.apache.catalina.startup.VersionLoggerListener.log 명령 행 아규먼트:  --add-opens=java.rmi/sun.rmi.transport=ALL-UNNAMED
17-Nov-2023 19:49:16.792 정보 [main] org.apache.catalina.startup.VersionLoggerListener.log 명령 행 아규먼트:  -Dcatalina.home=E:\work\apache-tomcat-10.1.15
17-Nov-2023 19:49:16.793 정보 [main] org.apache.catalina.startup.VersionLoggerListener.log 명령 행 아규먼트:  -Dcatalina.base=E:\work\jsp_projects\JSP_Board
17-Nov-2023 19:49:16.793 정보 [main] org.apache.catalina.startup.VersionLoggerListener.log 명령 행 아규먼트:  -Djava.io.tmpdir=E:\work\jsp_projects\JSP_Board\temp
17-Nov-2023 19:49:16.793 정보 [main] org.apache.catalina.startup.VersionLoggerListener.log 명령 행 아규먼트:  -Djava.util.logging.config.file=E:\work\jsp_projects\JSP_Board\conf\logging.properties
17-Nov-2023 19:49:16.793 정보 [main] org.apache.catalina.startup.VersionLoggerListener.log 명령 행 아규먼트:  -Djava.util.logging.manager=org.apache.juli.ClassLoaderLogManager
17-Nov-2023 19:49:16.793 정보 [main] org.apache.catalina.startup.VersionLoggerListener.log 명령 행 아규먼트:  -javaagent:C:\Program Files\JetBrains\IntelliJ IDEA Community Edition 2023.2\lib\idea_rt.jar=10278:C:\Program Files\JetBrains\IntelliJ IDEA Community Edition 2023.2\bin
17-Nov-2023 19:49:16.793 정보 [main] org.apache.catalina.startup.VersionLoggerListener.log 명령 행 아규먼트:  -Dfile.encoding=UTF-8
17-Nov-2023 19:49:16.839 정보 [main] org.apache.catalina.core.AprLifecycleListener.lifecycleEvent APR 버전 [1.7.4]을(를) 사용한, APR 기반 Apache Tomcat Native 라이브러리 [2.0.6]을(를) 로드했습니다.
17-Nov-2023 19:49:16.858 정보 [main] org.apache.catalina.core.AprLifecycleListener.initializeSSL OpenSSL이 성공적으로 초기화되었습니다: [OpenSSL 3.0.11 19 Sep 2023]
17-Nov-2023 19:49:17.084 정보 [main] org.apache.coyote.AbstractProtocol.init 프로토콜 핸들러 ["http-nio-8080"]을(를) 초기화합니다.
17-Nov-2023 19:49:17.102 정보 [main] org.apache.catalina.startup.Catalina.load [555] 밀리초 내에 서버가 초기화되었습니다.
17-Nov-2023 19:49:17.144 정보 [main] org.apache.catalina.core.StandardService.startInternal 서비스 [Catalina]을(를) 시작합니다.
17-Nov-2023 19:49:17.144 정보 [main] org.apache.catalina.core.StandardEngine.startInternal 서버 엔진을 시작합니다: [Apache Tomcat/10.1.15]
17-Nov-2023 19:49:17.153 정보 [main] org.apache.catalina.startup.HostConfig.deployDescriptor 배치 descriptor [E:\work\jsp_projects\JSP_Board\conf\Catalina\localhost\ROOT.xml]을(를) 배치합니다.
17-Nov-2023 19:49:17.908 정보 [main] org.apache.jasper.servlet.TldScanner.scanJars 적어도 하나의 JAR가 TLD들을 찾기 위해 스캔되었으나 아무 것도 찾지 못했습니다. 스캔했으나 TLD가 없는 JAR들의 전체 목록을 보시려면, 로그 레벨을 디버그 레벨로 설정하십시오. 스캔 과정에서 불필요한 JAR들을 건너뛰면, 시스템 시작 시간과 JSP 컴파일 시간을 단축시킬 수 있습니다.
17-Nov-2023 19:49:17.984 정보 [main] org.apache.catalina.startup.HostConfig.deployDescriptor 배치 descriptor [E:\work\jsp_projects\JSP_Board\conf\Catalina\localhost\ROOT.xml]의 배치가 [829] 밀리초 내에 완료되었습니다.
17-Nov-2023 19:49:17.987 정보 [main] org.apache.coyote.AbstractProtocol.start 프로토콜 핸들러 ["http-nio-8080"]을(를) 시작합니다.
17-Nov-2023 19:49:18.031 정보 [main] org.apache.catalina.startup.Catalina.start 서버가 [929] 밀리초 내에 시작되었습니다.
17-Nov-2023 19:49:41.328 정보 [Thread-1] org.apache.coyote.AbstractProtocol.pause 프로토콜 핸들러 ["http-nio-8080"]을(를) 일시 정지 중
17-Nov-2023 19:49:41.332 정보 [Thread-1] org.apache.catalina.core.StandardService.stopInternal 서비스 [Catalina]을(를) 중지시킵니다.
17-Nov-2023 19:49:41.335 경고 [Thread-1] org.apache.catalina.loader.WebappClassLoaderBase.clearReferencesJdbc 웹 애플리케이션 [ROOT]이(가) JDBC 드라이버 [com.mysql.cj.jdbc.Driver]을(를) 등록했지만, 웹 애플리케이션이 중지될 때, 해당 JDBC 드라이버의 등록을 제거하지 못했습니다. 메모리 누수를 방지하기 위하여, 등록을 강제로 제거했습니다.
17-Nov-2023 19:49:41.336 경고 [Thread-1] org.apache.catalina.loader.WebappClassLoaderBase.clearReferencesThreads 웹 애플리케이션 [ROOT]이(가) [mysql-cj-abandoned-connection-cleanup](이)라는 이름의 쓰레드를 시작시킨 것으로 보이지만, 해당 쓰레드를 중지시키지 못했습니다. 이는 메모리 누수를 유발할 가능성이 큽니다. 해당 쓰레드의 스택 트레이스:
 java.base@17.0.8/java.lang.Object.wait(Native Method)
 java.base@17.0.8/java.lang.ref.ReferenceQueue.remove(ReferenceQueue.java:155)
 com.mysql.cj.jdbc.AbandonedConnectionCleanupThread.run(AbandonedConnectionCleanupThread.java:91)
 java.base@17.0.8/java.util.concurrent.ThreadPoolExecutor.runWorker(ThreadPoolExecutor.java:1136)
 java.base@17.0.8/java.util.concurrent.ThreadPoolExecutor$Worker.run(ThreadPoolExecutor.java:635)
 java.base@17.0.8/java.lang.Thread.run(Thread.java:833)
17-Nov-2023 19:49:41.343 정보 [Thread-1] org.apache.coyote.AbstractProtocol.stop 프로토콜 핸들러 ["http-nio-8080"]을(를) 중지시킵니다.
17-Nov-2023 19:49:41.371 정보 [Thread-1] org.apache.coyote.AbstractProtocol.destroy 프로토콜 핸들러 ["http-nio-8080"]을(를) 소멸시킵니다.
17-Nov-2023 20:09:25.016 정보 [main] org.apache.catalina.startup.VersionLoggerListener.log 서버 버전 이름:    Apache Tomcat/10.1.15
17-Nov-2023 20:09:25.019 정보 [main] org.apache.catalina.startup.VersionLoggerListener.log Server 빌드 시각:  Oct 11 2023 23:38:40 UTC
17-Nov-2023 20:09:25.019 정보 [main] org.apache.catalina.startup.VersionLoggerListener.log Server 버전 번호:  10.1.15.0
17-Nov-2023 20:09:25.020 정보 [main] org.apache.catalina.startup.VersionLoggerListener.log 운영체제 이름:     Windows 10
17-Nov-2023 20:09:25.020 정보 [main] org.apache.catalina.startup.VersionLoggerListener.log 운영체제 버전:     10.0
17-Nov-2023 20:09:25.020 정보 [main] org.apache.catalina.startup.VersionLoggerListener.log 아키텍처:          amd64
17-Nov-2023 20:09:25.020 정보 [main] org.apache.catalina.startup.VersionLoggerListener.log 자바 홈:           C:\Users\dbsal\.jdks\corretto-17.0.8
17-Nov-2023 20:09:25.020 정보 [main] org.apache.catalina.startup.VersionLoggerListener.log JVM 버전:          17.0.8+7-LTS
17-Nov-2023 20:09:25.020 정보 [main] org.apache.catalina.startup.VersionLoggerListener.log JVM 벤더:          Amazon.com Inc.
17-Nov-2023 20:09:25.020 정보 [main] org.apache.catalina.startup.VersionLoggerListener.log CATALINA_BASE:     E:\work\jsp_projects\JSP_Board
17-Nov-2023 20:09:25.020 정보 [main] org.apache.catalina.startup.VersionLoggerListener.log CATALINA_HOME:     E:\work\apache-tomcat-10.1.15
17-Nov-2023 20:09:25.029 정보 [main] org.apache.catalina.startup.VersionLoggerListener.log 명령 행 아규먼트:  --add-opens=java.base/java.lang=ALL-UNNAMED
17-Nov-2023 20:09:25.029 정보 [main] org.apache.catalina.startup.VersionLoggerListener.log 명령 행 아규먼트:  --add-opens=java.base/java.io=ALL-UNNAMED
17-Nov-2023 20:09:25.029 정보 [main] org.apache.catalina.startup.VersionLoggerListener.log 명령 행 아규먼트:  --add-opens=java.base/java.util=ALL-UNNAMED
17-Nov-2023 20:09:25.029 정보 [main] org.apache.catalina.startup.VersionLoggerListener.log 명령 행 아규먼트:  --add-opens=java.base/java.util.concurrent=ALL-UNNAMED
17-Nov-2023 20:09:25.030 정보 [main] org.apache.catalina.startup.VersionLoggerListener.log 명령 행 아규먼트:  --add-opens=java.rmi/sun.rmi.transport=ALL-UNNAMED
17-Nov-2023 20:09:25.030 정보 [main] org.apache.catalina.startup.VersionLoggerListener.log 명령 행 아규먼트:  -Dcatalina.home=E:\work\apache-tomcat-10.1.15
17-Nov-2023 20:09:25.030 정보 [main] org.apache.catalina.startup.VersionLoggerListener.log 명령 행 아규먼트:  -Dcatalina.base=E:\work\jsp_projects\JSP_Board
17-Nov-2023 20:09:25.030 정보 [main] org.apache.catalina.startup.VersionLoggerListener.log 명령 행 아규먼트:  -Djava.io.tmpdir=E:\work\jsp_projects\JSP_Board\temp
17-Nov-2023 20:09:25.030 정보 [main] org.apache.catalina.startup.VersionLoggerListener.log 명령 행 아규먼트:  -Djava.util.logging.config.file=E:\work\jsp_projects\JSP_Board\conf\logging.properties
17-Nov-2023 20:09:25.030 정보 [main] org.apache.catalina.startup.VersionLoggerListener.log 명령 행 아규먼트:  -Djava.util.logging.manager=org.apache.juli.ClassLoaderLogManager
17-Nov-2023 20:09:25.031 정보 [main] org.apache.catalina.startup.VersionLoggerListener.log 명령 행 아규먼트:  -javaagent:C:\Program Files\JetBrains\IntelliJ IDEA Community Edition 2023.2\lib\idea_rt.jar=10394:C:\Program Files\JetBrains\IntelliJ IDEA Community Edition 2023.2\bin
17-Nov-2023 20:09:25.031 정보 [main] org.apache.catalina.startup.VersionLoggerListener.log 명령 행 아규먼트:  -Dfile.encoding=UTF-8
17-Nov-2023 20:09:25.033 정보 [main] org.apache.catalina.core.AprLifecycleListener.lifecycleEvent APR 버전 [1.7.4]을(를) 사용한, APR 기반 Apache Tomcat Native 라이브러리 [2.0.6]을(를) 로드했습니다.
17-Nov-2023 20:09:25.038 정보 [main] org.apache.catalina.core.AprLifecycleListener.initializeSSL OpenSSL이 성공적으로 초기화되었습니다: [OpenSSL 3.0.11 19 Sep 2023]
17-Nov-2023 20:09:25.240 정보 [main] org.apache.coyote.AbstractProtocol.init 프로토콜 핸들러 ["http-nio-8080"]을(를) 초기화합니다.
17-Nov-2023 20:09:25.259 정보 [main] org.apache.catalina.startup.Catalina.load [414] 밀리초 내에 서버가 초기화되었습니다.
17-Nov-2023 20:09:25.303 정보 [main] org.apache.catalina.core.StandardService.startInternal 서비스 [Catalina]을(를) 시작합니다.
17-Nov-2023 20:09:25.303 정보 [main] org.apache.catalina.core.StandardEngine.startInternal 서버 엔진을 시작합니다: [Apache Tomcat/10.1.15]
17-Nov-2023 20:09:25.316 정보 [main] org.apache.catalina.startup.HostConfig.deployDescriptor 배치 descriptor [E:\work\jsp_projects\JSP_Board\conf\Catalina\localhost\ROOT.xml]을(를) 배치합니다.
17-Nov-2023 20:09:25.952 정보 [main] org.apache.jasper.servlet.TldScanner.scanJars 적어도 하나의 JAR가 TLD들을 찾기 위해 스캔되었으나 아무 것도 찾지 못했습니다. 스캔했으나 TLD가 없는 JAR들의 전체 목록을 보시려면, 로그 레벨을 디버그 레벨로 설정하십시오. 스캔 과정에서 불필요한 JAR들을 건너뛰면, 시스템 시작 시간과 JSP 컴파일 시간을 단축시킬 수 있습니다.
17-Nov-2023 20:09:26.031 정보 [main] org.apache.catalina.startup.HostConfig.deployDescriptor 배치 descriptor [E:\work\jsp_projects\JSP_Board\conf\Catalina\localhost\ROOT.xml]의 배치가 [713] 밀리초 내에 완료되었습니다.
17-Nov-2023 20:09:26.035 정보 [main] org.apache.coyote.AbstractProtocol.start 프로토콜 핸들러 ["http-nio-8080"]을(를) 시작합니다.
17-Nov-2023 20:09:26.080 정보 [main] org.apache.catalina.startup.Catalina.start 서버가 [821] 밀리초 내에 시작되었습니다.
17-Nov-2023 20:11:01.869 정보 [Thread-1] org.apache.coyote.AbstractProtocol.pause 프로토콜 핸들러 ["http-nio-8080"]을(를) 일시 정지 중
17-Nov-2023 20:11:01.873 정보 [Thread-1] org.apache.catalina.core.StandardService.stopInternal 서비스 [Catalina]을(를) 중지시킵니다.
17-Nov-2023 20:11:01.877 경고 [Thread-1] org.apache.catalina.loader.WebappClassLoaderBase.clearReferencesJdbc 웹 애플리케이션 [ROOT]이(가) JDBC 드라이버 [com.mysql.cj.jdbc.Driver]을(를) 등록했지만, 웹 애플리케이션이 중지될 때, 해당 JDBC 드라이버의 등록을 제거하지 못했습니다. 메모리 누수를 방지하기 위하여, 등록을 강제로 제거했습니다.
17-Nov-2023 20:11:01.878 경고 [Thread-1] org.apache.catalina.loader.WebappClassLoaderBase.clearReferencesThreads 웹 애플리케이션 [ROOT]이(가) [mysql-cj-abandoned-connection-cleanup](이)라는 이름의 쓰레드를 시작시킨 것으로 보이지만, 해당 쓰레드를 중지시키지 못했습니다. 이는 메모리 누수를 유발할 가능성이 큽니다. 해당 쓰레드의 스택 트레이스:
 java.base@17.0.8/java.lang.Object.wait(Native Method)
 java.base@17.0.8/java.lang.ref.ReferenceQueue.remove(ReferenceQueue.java:155)
 com.mysql.cj.jdbc.AbandonedConnectionCleanupThread.run(AbandonedConnectionCleanupThread.java:91)
 java.base@17.0.8/java.util.concurrent.ThreadPoolExecutor.runWorker(ThreadPoolExecutor.java:1136)
 java.base@17.0.8/java.util.concurrent.ThreadPoolExecutor$Worker.run(ThreadPoolExecutor.java:635)
 java.base@17.0.8/java.lang.Thread.run(Thread.java:833)
17-Nov-2023 20:11:01.883 정보 [Thread-1] org.apache.coyote.AbstractProtocol.stop 프로토콜 핸들러 ["http-nio-8080"]을(를) 중지시킵니다.
17-Nov-2023 20:11:01.886 정보 [Thread-1] org.apache.coyote.AbstractProtocol.destroy 프로토콜 핸들러 ["http-nio-8080"]을(를) 소멸시킵니다.
17-Nov-2023 20:11:53.537 정보 [main] org.apache.catalina.startup.VersionLoggerListener.log 서버 버전 이름:    Apache Tomcat/10.1.15
17-Nov-2023 20:11:53.541 정보 [main] org.apache.catalina.startup.VersionLoggerListener.log Server 빌드 시각:  Oct 11 2023 23:38:40 UTC
17-Nov-2023 20:11:53.541 정보 [main] org.apache.catalina.startup.VersionLoggerListener.log Server 버전 번호:  10.1.15.0
17-Nov-2023 20:11:53.541 정보 [main] org.apache.catalina.startup.VersionLoggerListener.log 운영체제 이름:     Windows 10
17-Nov-2023 20:11:53.541 정보 [main] org.apache.catalina.startup.VersionLoggerListener.log 운영체제 버전:     10.0
17-Nov-2023 20:11:53.541 정보 [main] org.apache.catalina.startup.VersionLoggerListener.log 아키텍처:          amd64
17-Nov-2023 20:11:53.541 정보 [main] org.apache.catalina.startup.VersionLoggerListener.log 자바 홈:           C:\Users\dbsal\.jdks\corretto-17.0.8
17-Nov-2023 20:11:53.541 정보 [main] org.apache.catalina.startup.VersionLoggerListener.log JVM 버전:          17.0.8+7-LTS
17-Nov-2023 20:11:53.541 정보 [main] org.apache.catalina.startup.VersionLoggerListener.log JVM 벤더:          Amazon.com Inc.
17-Nov-2023 20:11:53.542 정보 [main] org.apache.catalina.startup.VersionLoggerListener.log CATALINA_BASE:     E:\work\jsp_projects\JSP_Board
17-Nov-2023 20:11:53.542 정보 [main] org.apache.catalina.startup.VersionLoggerListener.log CATALINA_HOME:     E:\work\apache-tomcat-10.1.15
17-Nov-2023 20:11:53.550 정보 [main] org.apache.catalina.startup.VersionLoggerListener.log 명령 행 아규먼트:  --add-opens=java.base/java.lang=ALL-UNNAMED
17-Nov-2023 20:11:53.550 정보 [main] org.apache.catalina.startup.VersionLoggerListener.log 명령 행 아규먼트:  --add-opens=java.base/java.io=ALL-UNNAMED
17-Nov-2023 20:11:53.550 정보 [main] org.apache.catalina.startup.VersionLoggerListener.log 명령 행 아규먼트:  --add-opens=java.base/java.util=ALL-UNNAMED
17-Nov-2023 20:11:53.550 정보 [main] org.apache.catalina.startup.VersionLoggerListener.log 명령 행 아규먼트:  --add-opens=java.base/java.util.concurrent=ALL-UNNAMED
17-Nov-2023 20:11:53.551 정보 [main] org.apache.catalina.startup.VersionLoggerListener.log 명령 행 아규먼트:  --add-opens=java.rmi/sun.rmi.transport=ALL-UNNAMED
17-Nov-2023 20:11:53.551 정보 [main] org.apache.catalina.startup.VersionLoggerListener.log 명령 행 아규먼트:  -Dcatalina.home=E:\work\apache-tomcat-10.1.15
17-Nov-2023 20:11:53.551 정보 [main] org.apache.catalina.startup.VersionLoggerListener.log 명령 행 아규먼트:  -Dcatalina.base=E:\work\jsp_projects\JSP_Board
17-Nov-2023 20:11:53.551 정보 [main] org.apache.catalina.startup.VersionLoggerListener.log 명령 행 아규먼트:  -Djava.io.tmpdir=E:\work\jsp_projects\JSP_Board\temp
17-Nov-2023 20:11:53.551 정보 [main] org.apache.catalina.startup.VersionLoggerListener.log 명령 행 아규먼트:  -Djava.util.logging.config.file=E:\work\jsp_projects\JSP_Board\conf\logging.properties
17-Nov-2023 20:11:53.551 정보 [main] org.apache.catalina.startup.VersionLoggerListener.log 명령 행 아규먼트:  -Djava.util.logging.manager=org.apache.juli.ClassLoaderLogManager
17-Nov-2023 20:11:53.552 정보 [main] org.apache.catalina.startup.VersionLoggerListener.log 명령 행 아규먼트:  -javaagent:C:\Program Files\JetBrains\IntelliJ IDEA Community Edition 2023.2\lib\idea_rt.jar=10422:C:\Program Files\JetBrains\IntelliJ IDEA Community Edition 2023.2\bin
17-Nov-2023 20:11:53.552 정보 [main] org.apache.catalina.startup.VersionLoggerListener.log 명령 행 아규먼트:  -Dfile.encoding=UTF-8
17-Nov-2023 20:11:53.554 정보 [main] org.apache.catalina.core.AprLifecycleListener.lifecycleEvent APR 버전 [1.7.4]을(를) 사용한, APR 기반 Apache Tomcat Native 라이브러리 [2.0.6]을(를) 로드했습니다.
17-Nov-2023 20:11:53.559 정보 [main] org.apache.catalina.core.AprLifecycleListener.initializeSSL OpenSSL이 성공적으로 초기화되었습니다: [OpenSSL 3.0.11 19 Sep 2023]
17-Nov-2023 20:11:53.786 정보 [main] org.apache.coyote.AbstractProtocol.init 프로토콜 핸들러 ["http-nio-8080"]을(를) 초기화합니다.
17-Nov-2023 20:11:53.806 정보 [main] org.apache.catalina.startup.Catalina.load [458] 밀리초 내에 서버가 초기화되었습니다.
17-Nov-2023 20:11:53.856 정보 [main] org.apache.catalina.core.StandardService.startInternal 서비스 [Catalina]을(를) 시작합니다.
17-Nov-2023 20:11:53.856 정보 [main] org.apache.catalina.core.StandardEngine.startInternal 서버 엔진을 시작합니다: [Apache Tomcat/10.1.15]
17-Nov-2023 20:11:53.869 정보 [main] org.apache.catalina.startup.HostConfig.deployDescriptor 배치 descriptor [E:\work\jsp_projects\JSP_Board\conf\Catalina\localhost\ROOT.xml]을(를) 배치합니다.
17-Nov-2023 20:11:54.536 정보 [main] org.apache.jasper.servlet.TldScanner.scanJars 적어도 하나의 JAR가 TLD들을 찾기 위해 스캔되었으나 아무 것도 찾지 못했습니다. 스캔했으나 TLD가 없는 JAR들의 전체 목록을 보시려면, 로그 레벨을 디버그 레벨로 설정하십시오. 스캔 과정에서 불필요한 JAR들을 건너뛰면, 시스템 시작 시간과 JSP 컴파일 시간을 단축시킬 수 있습니다.
17-Nov-2023 20:11:54.611 정보 [main] org.apache.catalina.startup.HostConfig.deployDescriptor 배치 descriptor [E:\work\jsp_projects\JSP_Board\conf\Catalina\localhost\ROOT.xml]의 배치가 [739] 밀리초 내에 완료되었습니다.
17-Nov-2023 20:11:54.614 정보 [main] org.apache.coyote.AbstractProtocol.start 프로토콜 핸들러 ["http-nio-8080"]을(를) 시작합니다.
17-Nov-2023 20:11:54.658 정보 [main] org.apache.catalina.startup.Catalina.start 서버가 [851] 밀리초 내에 시작되었습니다.
17-Nov-2023 20:12:23.095 정보 [Thread-1] org.apache.coyote.AbstractProtocol.pause 프로토콜 핸들러 ["http-nio-8080"]을(를) 일시 정지 중
17-Nov-2023 20:12:23.099 정보 [Thread-1] org.apache.catalina.core.StandardService.stopInternal 서비스 [Catalina]을(를) 중지시킵니다.
17-Nov-2023 20:12:23.104 경고 [Thread-1] org.apache.catalina.loader.WebappClassLoaderBase.clearReferencesJdbc 웹 애플리케이션 [ROOT]이(가) JDBC 드라이버 [com.mysql.cj.jdbc.Driver]을(를) 등록했지만, 웹 애플리케이션이 중지될 때, 해당 JDBC 드라이버의 등록을 제거하지 못했습니다. 메모리 누수를 방지하기 위하여, 등록을 강제로 제거했습니다.
17-Nov-2023 20:12:23.105 경고 [Thread-1] org.apache.catalina.loader.WebappClassLoaderBase.clearReferencesThreads 웹 애플리케이션 [ROOT]이(가) [mysql-cj-abandoned-connection-cleanup](이)라는 이름의 쓰레드를 시작시킨 것으로 보이지만, 해당 쓰레드를 중지시키지 못했습니다. 이는 메모리 누수를 유발할 가능성이 큽니다. 해당 쓰레드의 스택 트레이스:
 java.base@17.0.8/java.lang.Object.wait(Native Method)
 java.base@17.0.8/java.lang.ref.ReferenceQueue.remove(ReferenceQueue.java:155)
 com.mysql.cj.jdbc.AbandonedConnectionCleanupThread.run(AbandonedConnectionCleanupThread.java:91)
 java.base@17.0.8/java.util.concurrent.ThreadPoolExecutor.runWorker(ThreadPoolExecutor.java:1136)
 java.base@17.0.8/java.util.concurrent.ThreadPoolExecutor$Worker.run(ThreadPoolExecutor.java:635)
 java.base@17.0.8/java.lang.Thread.run(Thread.java:833)
17-Nov-2023 20:12:23.109 정보 [Thread-1] org.apache.coyote.AbstractProtocol.stop 프로토콜 핸들러 ["http-nio-8080"]을(를) 중지시킵니다.
17-Nov-2023 20:12:23.113 정보 [Thread-1] org.apache.coyote.AbstractProtocol.destroy 프로토콜 핸들러 ["http-nio-8080"]을(를) 소멸시킵니다.
