30-Nov-2023 19:47:16.783 정보 [main] org.apache.catalina.startup.VersionLoggerListener.log 서버 버전 이름:    Apache Tomcat/10.1.15
30-Nov-2023 19:47:16.786 정보 [main] org.apache.catalina.startup.VersionLoggerListener.log Server 빌드 시각:  Oct 11 2023 23:38:40 UTC
30-Nov-2023 19:47:16.786 정보 [main] org.apache.catalina.startup.VersionLoggerListener.log Server 버전 번호:  10.1.15.0
30-Nov-2023 19:47:16.786 정보 [main] org.apache.catalina.startup.VersionLoggerListener.log 운영체제 이름:     Windows 10
30-Nov-2023 19:47:16.787 정보 [main] org.apache.catalina.startup.VersionLoggerListener.log 운영체제 버전:     10.0
30-Nov-2023 19:47:16.787 정보 [main] org.apache.catalina.startup.VersionLoggerListener.log 아키텍처:          amd64
30-Nov-2023 19:47:16.787 정보 [main] org.apache.catalina.startup.VersionLoggerListener.log 자바 홈:           C:\Users\dbsal\.jdks\corretto-17.0.8
30-Nov-2023 19:47:16.787 정보 [main] org.apache.catalina.startup.VersionLoggerListener.log JVM 버전:          17.0.8+7-LTS
30-Nov-2023 19:47:16.787 정보 [main] org.apache.catalina.startup.VersionLoggerListener.log JVM 벤더:          Amazon.com Inc.
30-Nov-2023 19:47:16.787 정보 [main] org.apache.catalina.startup.VersionLoggerListener.log CATALINA_BASE:     E:\work\jsp_projects\JSP_Board
30-Nov-2023 19:47:16.787 정보 [main] org.apache.catalina.startup.VersionLoggerListener.log CATALINA_HOME:     E:\work\apache-tomcat-10.1.15
30-Nov-2023 19:47:16.794 정보 [main] org.apache.catalina.startup.VersionLoggerListener.log 명령 행 아규먼트:  --add-opens=java.base/java.lang=ALL-UNNAMED
30-Nov-2023 19:47:16.794 정보 [main] org.apache.catalina.startup.VersionLoggerListener.log 명령 행 아규먼트:  --add-opens=java.base/java.io=ALL-UNNAMED
30-Nov-2023 19:47:16.795 정보 [main] org.apache.catalina.startup.VersionLoggerListener.log 명령 행 아규먼트:  --add-opens=java.base/java.util=ALL-UNNAMED
30-Nov-2023 19:47:16.795 정보 [main] org.apache.catalina.startup.VersionLoggerListener.log 명령 행 아규먼트:  --add-opens=java.base/java.util.concurrent=ALL-UNNAMED
30-Nov-2023 19:47:16.795 정보 [main] org.apache.catalina.startup.VersionLoggerListener.log 명령 행 아규먼트:  --add-opens=java.rmi/sun.rmi.transport=ALL-UNNAMED
30-Nov-2023 19:47:16.795 정보 [main] org.apache.catalina.startup.VersionLoggerListener.log 명령 행 아규먼트:  -Dcatalina.home=E:\work\apache-tomcat-10.1.15
30-Nov-2023 19:47:16.795 정보 [main] org.apache.catalina.startup.VersionLoggerListener.log 명령 행 아규먼트:  -Dcatalina.base=E:\work\jsp_projects\JSP_Board
30-Nov-2023 19:47:16.795 정보 [main] org.apache.catalina.startup.VersionLoggerListener.log 명령 행 아규먼트:  -Djava.io.tmpdir=E:\work\jsp_projects\JSP_Board\temp
30-Nov-2023 19:47:16.795 정보 [main] org.apache.catalina.startup.VersionLoggerListener.log 명령 행 아규먼트:  -Djava.util.logging.config.file=E:\work\jsp_projects\JSP_Board\conf\logging.properties
30-Nov-2023 19:47:16.795 정보 [main] org.apache.catalina.startup.VersionLoggerListener.log 명령 행 아규먼트:  -Djava.util.logging.manager=org.apache.juli.ClassLoaderLogManager
30-Nov-2023 19:47:16.795 정보 [main] org.apache.catalina.startup.VersionLoggerListener.log 명령 행 아규먼트:  -javaagent:C:\Program Files\JetBrains\IntelliJ IDEA Community Edition 2023.2\lib\idea_rt.jar=8103:C:\Program Files\JetBrains\IntelliJ IDEA Community Edition 2023.2\bin
30-Nov-2023 19:47:16.795 정보 [main] org.apache.catalina.startup.VersionLoggerListener.log 명령 행 아규먼트:  -Dfile.encoding=UTF-8
30-Nov-2023 19:47:16.844 정보 [main] org.apache.catalina.core.AprLifecycleListener.lifecycleEvent APR 버전 [1.7.4]을(를) 사용한, APR 기반 Apache Tomcat Native 라이브러리 [2.0.6]을(를) 로드했습니다.
30-Nov-2023 19:47:16.865 정보 [main] org.apache.catalina.core.AprLifecycleListener.initializeSSL OpenSSL이 성공적으로 초기화되었습니다: [OpenSSL 3.0.11 19 Sep 2023]
30-Nov-2023 19:47:17.085 정보 [main] org.apache.coyote.AbstractProtocol.init 프로토콜 핸들러 ["http-nio-8080"]을(를) 초기화합니다.
30-Nov-2023 19:47:17.104 정보 [main] org.apache.catalina.startup.Catalina.load [558] 밀리초 내에 서버가 초기화되었습니다.
30-Nov-2023 19:47:17.149 정보 [main] org.apache.catalina.core.StandardService.startInternal 서비스 [Catalina]을(를) 시작합니다.
30-Nov-2023 19:47:17.150 정보 [main] org.apache.catalina.core.StandardEngine.startInternal 서버 엔진을 시작합니다: [Apache Tomcat/10.1.15]
30-Nov-2023 19:47:17.161 정보 [main] org.apache.catalina.startup.HostConfig.deployDescriptor 배치 descriptor [E:\work\jsp_projects\JSP_Board\conf\Catalina\localhost\ROOT.xml]을(를) 배치합니다.
30-Nov-2023 19:47:17.913 정보 [main] org.apache.jasper.servlet.TldScanner.scanJars 적어도 하나의 JAR가 TLD들을 찾기 위해 스캔되었으나 아무 것도 찾지 못했습니다. 스캔했으나 TLD가 없는 JAR들의 전체 목록을 보시려면, 로그 레벨을 디버그 레벨로 설정하십시오. 스캔 과정에서 불필요한 JAR들을 건너뛰면, 시스템 시작 시간과 JSP 컴파일 시간을 단축시킬 수 있습니다.
30-Nov-2023 19:47:17.993 정보 [main] org.apache.catalina.startup.HostConfig.deployDescriptor 배치 descriptor [E:\work\jsp_projects\JSP_Board\conf\Catalina\localhost\ROOT.xml]의 배치가 [831] 밀리초 내에 완료되었습니다.
30-Nov-2023 19:47:17.996 정보 [main] org.apache.coyote.AbstractProtocol.start 프로토콜 핸들러 ["http-nio-8080"]을(를) 시작합니다.
30-Nov-2023 19:47:18.040 정보 [main] org.apache.catalina.startup.Catalina.start 서버가 [934] 밀리초 내에 시작되었습니다.
30-Nov-2023 19:47:38.850 정보 [Thread-1] org.apache.coyote.AbstractProtocol.pause 프로토콜 핸들러 ["http-nio-8080"]을(를) 일시 정지 중
30-Nov-2023 19:47:38.854 정보 [Thread-1] org.apache.catalina.core.StandardService.stopInternal 서비스 [Catalina]을(를) 중지시킵니다.
30-Nov-2023 19:47:38.857 경고 [Thread-1] org.apache.catalina.loader.WebappClassLoaderBase.clearReferencesJdbc 웹 애플리케이션 [ROOT]이(가) JDBC 드라이버 [com.mysql.cj.jdbc.Driver]을(를) 등록했지만, 웹 애플리케이션이 중지될 때, 해당 JDBC 드라이버의 등록을 제거하지 못했습니다. 메모리 누수를 방지하기 위하여, 등록을 강제로 제거했습니다.
30-Nov-2023 19:47:38.858 경고 [Thread-1] org.apache.catalina.loader.WebappClassLoaderBase.clearReferencesThreads 웹 애플리케이션 [ROOT]이(가) [mysql-cj-abandoned-connection-cleanup](이)라는 이름의 쓰레드를 시작시킨 것으로 보이지만, 해당 쓰레드를 중지시키지 못했습니다. 이는 메모리 누수를 유발할 가능성이 큽니다. 해당 쓰레드의 스택 트레이스:
 java.base@17.0.8/java.lang.Object.wait(Native Method)
 java.base@17.0.8/java.lang.ref.ReferenceQueue.remove(ReferenceQueue.java:155)
 com.mysql.cj.jdbc.AbandonedConnectionCleanupThread.run(AbandonedConnectionCleanupThread.java:91)
 java.base@17.0.8/java.util.concurrent.ThreadPoolExecutor.runWorker(ThreadPoolExecutor.java:1136)
 java.base@17.0.8/java.util.concurrent.ThreadPoolExecutor$Worker.run(ThreadPoolExecutor.java:635)
 java.base@17.0.8/java.lang.Thread.run(Thread.java:833)
30-Nov-2023 19:47:38.863 정보 [Thread-1] org.apache.coyote.AbstractProtocol.stop 프로토콜 핸들러 ["http-nio-8080"]을(를) 중지시킵니다.
30-Nov-2023 19:47:38.866 정보 [Thread-1] org.apache.coyote.AbstractProtocol.destroy 프로토콜 핸들러 ["http-nio-8080"]을(를) 소멸시킵니다.
30-Nov-2023 19:48:41.656 정보 [main] org.apache.catalina.startup.VersionLoggerListener.log 서버 버전 이름:    Apache Tomcat/10.1.15
30-Nov-2023 19:48:41.660 정보 [main] org.apache.catalina.startup.VersionLoggerListener.log Server 빌드 시각:  Oct 11 2023 23:38:40 UTC
30-Nov-2023 19:48:41.660 정보 [main] org.apache.catalina.startup.VersionLoggerListener.log Server 버전 번호:  10.1.15.0
30-Nov-2023 19:48:41.660 정보 [main] org.apache.catalina.startup.VersionLoggerListener.log 운영체제 이름:     Windows 10
30-Nov-2023 19:48:41.660 정보 [main] org.apache.catalina.startup.VersionLoggerListener.log 운영체제 버전:     10.0
30-Nov-2023 19:48:41.660 정보 [main] org.apache.catalina.startup.VersionLoggerListener.log 아키텍처:          amd64
30-Nov-2023 19:48:41.660 정보 [main] org.apache.catalina.startup.VersionLoggerListener.log 자바 홈:           C:\Users\dbsal\.jdks\corretto-17.0.8
30-Nov-2023 19:48:41.660 정보 [main] org.apache.catalina.startup.VersionLoggerListener.log JVM 버전:          17.0.8+7-LTS
30-Nov-2023 19:48:41.661 정보 [main] org.apache.catalina.startup.VersionLoggerListener.log JVM 벤더:          Amazon.com Inc.
30-Nov-2023 19:48:41.661 정보 [main] org.apache.catalina.startup.VersionLoggerListener.log CATALINA_BASE:     E:\work\jsp_projects\JSP_Board
30-Nov-2023 19:48:41.661 정보 [main] org.apache.catalina.startup.VersionLoggerListener.log CATALINA_HOME:     E:\work\apache-tomcat-10.1.15
30-Nov-2023 19:48:41.668 정보 [main] org.apache.catalina.startup.VersionLoggerListener.log 명령 행 아규먼트:  --add-opens=java.base/java.lang=ALL-UNNAMED
30-Nov-2023 19:48:41.668 정보 [main] org.apache.catalina.startup.VersionLoggerListener.log 명령 행 아규먼트:  --add-opens=java.base/java.io=ALL-UNNAMED
30-Nov-2023 19:48:41.668 정보 [main] org.apache.catalina.startup.VersionLoggerListener.log 명령 행 아규먼트:  --add-opens=java.base/java.util=ALL-UNNAMED
30-Nov-2023 19:48:41.669 정보 [main] org.apache.catalina.startup.VersionLoggerListener.log 명령 행 아규먼트:  --add-opens=java.base/java.util.concurrent=ALL-UNNAMED
30-Nov-2023 19:48:41.669 정보 [main] org.apache.catalina.startup.VersionLoggerListener.log 명령 행 아규먼트:  --add-opens=java.rmi/sun.rmi.transport=ALL-UNNAMED
30-Nov-2023 19:48:41.669 정보 [main] org.apache.catalina.startup.VersionLoggerListener.log 명령 행 아규먼트:  -Dcatalina.home=E:\work\apache-tomcat-10.1.15
30-Nov-2023 19:48:41.669 정보 [main] org.apache.catalina.startup.VersionLoggerListener.log 명령 행 아규먼트:  -Dcatalina.base=E:\work\jsp_projects\JSP_Board
30-Nov-2023 19:48:41.669 정보 [main] org.apache.catalina.startup.VersionLoggerListener.log 명령 행 아규먼트:  -Djava.io.tmpdir=E:\work\jsp_projects\JSP_Board\temp
30-Nov-2023 19:48:41.669 정보 [main] org.apache.catalina.startup.VersionLoggerListener.log 명령 행 아규먼트:  -Djava.util.logging.config.file=E:\work\jsp_projects\JSP_Board\conf\logging.properties
30-Nov-2023 19:48:41.669 정보 [main] org.apache.catalina.startup.VersionLoggerListener.log 명령 행 아규먼트:  -Djava.util.logging.manager=org.apache.juli.ClassLoaderLogManager
30-Nov-2023 19:48:41.669 정보 [main] org.apache.catalina.startup.VersionLoggerListener.log 명령 행 아규먼트:  -javaagent:C:\Program Files\JetBrains\IntelliJ IDEA Community Edition 2023.2\lib\idea_rt.jar=8125:C:\Program Files\JetBrains\IntelliJ IDEA Community Edition 2023.2\bin
30-Nov-2023 19:48:41.670 정보 [main] org.apache.catalina.startup.VersionLoggerListener.log 명령 행 아규먼트:  -Dfile.encoding=UTF-8
30-Nov-2023 19:48:41.672 정보 [main] org.apache.catalina.core.AprLifecycleListener.lifecycleEvent APR 버전 [1.7.4]을(를) 사용한, APR 기반 Apache Tomcat Native 라이브러리 [2.0.6]을(를) 로드했습니다.
30-Nov-2023 19:48:41.677 정보 [main] org.apache.catalina.core.AprLifecycleListener.initializeSSL OpenSSL이 성공적으로 초기화되었습니다: [OpenSSL 3.0.11 19 Sep 2023]
30-Nov-2023 19:48:41.924 정보 [main] org.apache.coyote.AbstractProtocol.init 프로토콜 핸들러 ["http-nio-8080"]을(를) 초기화합니다.
30-Nov-2023 19:48:41.946 정보 [main] org.apache.catalina.startup.Catalina.load [457] 밀리초 내에 서버가 초기화되었습니다.
30-Nov-2023 19:48:42.003 정보 [main] org.apache.catalina.core.StandardService.startInternal 서비스 [Catalina]을(를) 시작합니다.
30-Nov-2023 19:48:42.003 정보 [main] org.apache.catalina.core.StandardEngine.startInternal 서버 엔진을 시작합니다: [Apache Tomcat/10.1.15]
30-Nov-2023 19:48:42.015 정보 [main] org.apache.catalina.startup.HostConfig.deployDescriptor 배치 descriptor [E:\work\jsp_projects\JSP_Board\conf\Catalina\localhost\ROOT.xml]을(를) 배치합니다.
30-Nov-2023 19:48:42.715 정보 [main] org.apache.jasper.servlet.TldScanner.scanJars 적어도 하나의 JAR가 TLD들을 찾기 위해 스캔되었으나 아무 것도 찾지 못했습니다. 스캔했으나 TLD가 없는 JAR들의 전체 목록을 보시려면, 로그 레벨을 디버그 레벨로 설정하십시오. 스캔 과정에서 불필요한 JAR들을 건너뛰면, 시스템 시작 시간과 JSP 컴파일 시간을 단축시킬 수 있습니다.
30-Nov-2023 19:48:42.796 정보 [main] org.apache.catalina.startup.HostConfig.deployDescriptor 배치 descriptor [E:\work\jsp_projects\JSP_Board\conf\Catalina\localhost\ROOT.xml]의 배치가 [779] 밀리초 내에 완료되었습니다.
30-Nov-2023 19:48:42.800 정보 [main] org.apache.coyote.AbstractProtocol.start 프로토콜 핸들러 ["http-nio-8080"]을(를) 시작합니다.
30-Nov-2023 19:48:42.846 정보 [main] org.apache.catalina.startup.Catalina.start 서버가 [900] 밀리초 내에 시작되었습니다.
30-Nov-2023 19:48:57.219 정보 [Thread-1] org.apache.coyote.AbstractProtocol.pause 프로토콜 핸들러 ["http-nio-8080"]을(를) 일시 정지 중
30-Nov-2023 19:48:57.223 정보 [Thread-1] org.apache.catalina.core.StandardService.stopInternal 서비스 [Catalina]을(를) 중지시킵니다.
30-Nov-2023 19:48:57.227 경고 [Thread-1] org.apache.catalina.loader.WebappClassLoaderBase.clearReferencesJdbc 웹 애플리케이션 [ROOT]이(가) JDBC 드라이버 [com.mysql.cj.jdbc.Driver]을(를) 등록했지만, 웹 애플리케이션이 중지될 때, 해당 JDBC 드라이버의 등록을 제거하지 못했습니다. 메모리 누수를 방지하기 위하여, 등록을 강제로 제거했습니다.
30-Nov-2023 19:48:57.227 경고 [Thread-1] org.apache.catalina.loader.WebappClassLoaderBase.clearReferencesThreads 웹 애플리케이션 [ROOT]이(가) [mysql-cj-abandoned-connection-cleanup](이)라는 이름의 쓰레드를 시작시킨 것으로 보이지만, 해당 쓰레드를 중지시키지 못했습니다. 이는 메모리 누수를 유발할 가능성이 큽니다. 해당 쓰레드의 스택 트레이스:
 java.base@17.0.8/java.lang.Object.wait(Native Method)
 java.base@17.0.8/java.lang.ref.ReferenceQueue.remove(ReferenceQueue.java:155)
 com.mysql.cj.jdbc.AbandonedConnectionCleanupThread.run(AbandonedConnectionCleanupThread.java:91)
 java.base@17.0.8/java.util.concurrent.ThreadPoolExecutor.runWorker(ThreadPoolExecutor.java:1136)
 java.base@17.0.8/java.util.concurrent.ThreadPoolExecutor$Worker.run(ThreadPoolExecutor.java:635)
 java.base@17.0.8/java.lang.Thread.run(Thread.java:833)
30-Nov-2023 19:48:57.231 정보 [Thread-1] org.apache.coyote.AbstractProtocol.stop 프로토콜 핸들러 ["http-nio-8080"]을(를) 중지시킵니다.
30-Nov-2023 19:48:57.235 정보 [Thread-1] org.apache.coyote.AbstractProtocol.destroy 프로토콜 핸들러 ["http-nio-8080"]을(를) 소멸시킵니다.
30-Nov-2023 19:54:47.701 정보 [main] org.apache.catalina.startup.VersionLoggerListener.log 서버 버전 이름:    Apache Tomcat/10.1.15
30-Nov-2023 19:54:47.705 정보 [main] org.apache.catalina.startup.VersionLoggerListener.log Server 빌드 시각:  Oct 11 2023 23:38:40 UTC
30-Nov-2023 19:54:47.706 정보 [main] org.apache.catalina.startup.VersionLoggerListener.log Server 버전 번호:  10.1.15.0
30-Nov-2023 19:54:47.706 정보 [main] org.apache.catalina.startup.VersionLoggerListener.log 운영체제 이름:     Windows 10
30-Nov-2023 19:54:47.706 정보 [main] org.apache.catalina.startup.VersionLoggerListener.log 운영체제 버전:     10.0
30-Nov-2023 19:54:47.706 정보 [main] org.apache.catalina.startup.VersionLoggerListener.log 아키텍처:          amd64
30-Nov-2023 19:54:47.706 정보 [main] org.apache.catalina.startup.VersionLoggerListener.log 자바 홈:           C:\Users\dbsal\.jdks\corretto-17.0.8
30-Nov-2023 19:54:47.706 정보 [main] org.apache.catalina.startup.VersionLoggerListener.log JVM 버전:          17.0.8+7-LTS
30-Nov-2023 19:54:47.706 정보 [main] org.apache.catalina.startup.VersionLoggerListener.log JVM 벤더:          Amazon.com Inc.
30-Nov-2023 19:54:47.706 정보 [main] org.apache.catalina.startup.VersionLoggerListener.log CATALINA_BASE:     E:\work\jsp_projects\JSP_Board
30-Nov-2023 19:54:47.707 정보 [main] org.apache.catalina.startup.VersionLoggerListener.log CATALINA_HOME:     E:\work\apache-tomcat-10.1.15
30-Nov-2023 19:54:47.716 정보 [main] org.apache.catalina.startup.VersionLoggerListener.log 명령 행 아규먼트:  --add-opens=java.base/java.lang=ALL-UNNAMED
30-Nov-2023 19:54:47.716 정보 [main] org.apache.catalina.startup.VersionLoggerListener.log 명령 행 아규먼트:  --add-opens=java.base/java.io=ALL-UNNAMED
30-Nov-2023 19:54:47.716 정보 [main] org.apache.catalina.startup.VersionLoggerListener.log 명령 행 아규먼트:  --add-opens=java.base/java.util=ALL-UNNAMED
30-Nov-2023 19:54:47.716 정보 [main] org.apache.catalina.startup.VersionLoggerListener.log 명령 행 아규먼트:  --add-opens=java.base/java.util.concurrent=ALL-UNNAMED
30-Nov-2023 19:54:47.717 정보 [main] org.apache.catalina.startup.VersionLoggerListener.log 명령 행 아규먼트:  --add-opens=java.rmi/sun.rmi.transport=ALL-UNNAMED
30-Nov-2023 19:54:47.717 정보 [main] org.apache.catalina.startup.VersionLoggerListener.log 명령 행 아규먼트:  -Dcatalina.home=E:\work\apache-tomcat-10.1.15
30-Nov-2023 19:54:47.717 정보 [main] org.apache.catalina.startup.VersionLoggerListener.log 명령 행 아규먼트:  -Dcatalina.base=E:\work\jsp_projects\JSP_Board
30-Nov-2023 19:54:47.717 정보 [main] org.apache.catalina.startup.VersionLoggerListener.log 명령 행 아규먼트:  -Djava.io.tmpdir=E:\work\jsp_projects\JSP_Board\temp
30-Nov-2023 19:54:47.717 정보 [main] org.apache.catalina.startup.VersionLoggerListener.log 명령 행 아규먼트:  -Djava.util.logging.config.file=E:\work\jsp_projects\JSP_Board\conf\logging.properties
30-Nov-2023 19:54:47.717 정보 [main] org.apache.catalina.startup.VersionLoggerListener.log 명령 행 아규먼트:  -Djava.util.logging.manager=org.apache.juli.ClassLoaderLogManager
30-Nov-2023 19:54:47.717 정보 [main] org.apache.catalina.startup.VersionLoggerListener.log 명령 행 아규먼트:  -javaagent:C:\Program Files\JetBrains\IntelliJ IDEA Community Edition 2023.2\lib\idea_rt.jar=8174:C:\Program Files\JetBrains\IntelliJ IDEA Community Edition 2023.2\bin
30-Nov-2023 19:54:47.717 정보 [main] org.apache.catalina.startup.VersionLoggerListener.log 명령 행 아규먼트:  -Dfile.encoding=UTF-8
30-Nov-2023 19:54:47.720 정보 [main] org.apache.catalina.core.AprLifecycleListener.lifecycleEvent APR 버전 [1.7.4]을(를) 사용한, APR 기반 Apache Tomcat Native 라이브러리 [2.0.6]을(를) 로드했습니다.
30-Nov-2023 19:54:47.725 정보 [main] org.apache.catalina.core.AprLifecycleListener.initializeSSL OpenSSL이 성공적으로 초기화되었습니다: [OpenSSL 3.0.11 19 Sep 2023]
30-Nov-2023 19:54:47.963 정보 [main] org.apache.coyote.AbstractProtocol.init 프로토콜 핸들러 ["http-nio-8080"]을(를) 초기화합니다.
30-Nov-2023 19:54:47.983 정보 [main] org.apache.catalina.startup.Catalina.load [465] 밀리초 내에 서버가 초기화되었습니다.
30-Nov-2023 19:54:48.032 정보 [main] org.apache.catalina.core.StandardService.startInternal 서비스 [Catalina]을(를) 시작합니다.
30-Nov-2023 19:54:48.032 정보 [main] org.apache.catalina.core.StandardEngine.startInternal 서버 엔진을 시작합니다: [Apache Tomcat/10.1.15]
30-Nov-2023 19:54:48.044 정보 [main] org.apache.catalina.startup.HostConfig.deployDescriptor 배치 descriptor [E:\work\jsp_projects\JSP_Board\conf\Catalina\localhost\ROOT.xml]을(를) 배치합니다.
30-Nov-2023 19:54:48.722 정보 [main] org.apache.jasper.servlet.TldScanner.scanJars 적어도 하나의 JAR가 TLD들을 찾기 위해 스캔되었으나 아무 것도 찾지 못했습니다. 스캔했으나 TLD가 없는 JAR들의 전체 목록을 보시려면, 로그 레벨을 디버그 레벨로 설정하십시오. 스캔 과정에서 불필요한 JAR들을 건너뛰면, 시스템 시작 시간과 JSP 컴파일 시간을 단축시킬 수 있습니다.
30-Nov-2023 19:54:48.802 정보 [main] org.apache.catalina.startup.HostConfig.deployDescriptor 배치 descriptor [E:\work\jsp_projects\JSP_Board\conf\Catalina\localhost\ROOT.xml]의 배치가 [755] 밀리초 내에 완료되었습니다.
30-Nov-2023 19:54:48.807 정보 [main] org.apache.coyote.AbstractProtocol.start 프로토콜 핸들러 ["http-nio-8080"]을(를) 시작합니다.
30-Nov-2023 19:54:48.853 정보 [main] org.apache.catalina.startup.Catalina.start 서버가 [869] 밀리초 내에 시작되었습니다.
30-Nov-2023 19:55:15.337 정보 [Thread-1] org.apache.coyote.AbstractProtocol.pause 프로토콜 핸들러 ["http-nio-8080"]을(를) 일시 정지 중
30-Nov-2023 19:55:15.341 정보 [Thread-1] org.apache.catalina.core.StandardService.stopInternal 서비스 [Catalina]을(를) 중지시킵니다.
30-Nov-2023 19:55:15.344 경고 [Thread-1] org.apache.catalina.loader.WebappClassLoaderBase.clearReferencesJdbc 웹 애플리케이션 [ROOT]이(가) JDBC 드라이버 [com.mysql.cj.jdbc.Driver]을(를) 등록했지만, 웹 애플리케이션이 중지될 때, 해당 JDBC 드라이버의 등록을 제거하지 못했습니다. 메모리 누수를 방지하기 위하여, 등록을 강제로 제거했습니다.
30-Nov-2023 19:55:15.345 경고 [Thread-1] org.apache.catalina.loader.WebappClassLoaderBase.clearReferencesThreads 웹 애플리케이션 [ROOT]이(가) [mysql-cj-abandoned-connection-cleanup](이)라는 이름의 쓰레드를 시작시킨 것으로 보이지만, 해당 쓰레드를 중지시키지 못했습니다. 이는 메모리 누수를 유발할 가능성이 큽니다. 해당 쓰레드의 스택 트레이스:
 java.base@17.0.8/java.lang.Object.wait(Native Method)
 java.base@17.0.8/java.lang.ref.ReferenceQueue.remove(ReferenceQueue.java:155)
 com.mysql.cj.jdbc.AbandonedConnectionCleanupThread.run(AbandonedConnectionCleanupThread.java:91)
 java.base@17.0.8/java.util.concurrent.ThreadPoolExecutor.runWorker(ThreadPoolExecutor.java:1136)
 java.base@17.0.8/java.util.concurrent.ThreadPoolExecutor$Worker.run(ThreadPoolExecutor.java:635)
 java.base@17.0.8/java.lang.Thread.run(Thread.java:833)
30-Nov-2023 19:55:15.351 정보 [Thread-1] org.apache.coyote.AbstractProtocol.stop 프로토콜 핸들러 ["http-nio-8080"]을(를) 중지시킵니다.
30-Nov-2023 19:55:15.354 정보 [Thread-1] org.apache.coyote.AbstractProtocol.destroy 프로토콜 핸들러 ["http-nio-8080"]을(를) 소멸시킵니다.
30-Nov-2023 20:37:03.017 정보 [main] org.apache.catalina.startup.VersionLoggerListener.log 서버 버전 이름:    Apache Tomcat/10.1.15
30-Nov-2023 20:37:03.021 정보 [main] org.apache.catalina.startup.VersionLoggerListener.log Server 빌드 시각:  Oct 11 2023 23:38:40 UTC
30-Nov-2023 20:37:03.021 정보 [main] org.apache.catalina.startup.VersionLoggerListener.log Server 버전 번호:  10.1.15.0
30-Nov-2023 20:37:03.022 정보 [main] org.apache.catalina.startup.VersionLoggerListener.log 운영체제 이름:     Windows 10
30-Nov-2023 20:37:03.022 정보 [main] org.apache.catalina.startup.VersionLoggerListener.log 운영체제 버전:     10.0
30-Nov-2023 20:37:03.022 정보 [main] org.apache.catalina.startup.VersionLoggerListener.log 아키텍처:          amd64
30-Nov-2023 20:37:03.022 정보 [main] org.apache.catalina.startup.VersionLoggerListener.log 자바 홈:           C:\Users\dbsal\.jdks\corretto-17.0.8
30-Nov-2023 20:37:03.022 정보 [main] org.apache.catalina.startup.VersionLoggerListener.log JVM 버전:          17.0.8+7-LTS
30-Nov-2023 20:37:03.022 정보 [main] org.apache.catalina.startup.VersionLoggerListener.log JVM 벤더:          Amazon.com Inc.
30-Nov-2023 20:37:03.022 정보 [main] org.apache.catalina.startup.VersionLoggerListener.log CATALINA_BASE:     E:\work\jsp_projects\JSP_Board
30-Nov-2023 20:37:03.022 정보 [main] org.apache.catalina.startup.VersionLoggerListener.log CATALINA_HOME:     E:\work\apache-tomcat-10.1.15
30-Nov-2023 20:37:03.033 정보 [main] org.apache.catalina.startup.VersionLoggerListener.log 명령 행 아규먼트:  --add-opens=java.base/java.lang=ALL-UNNAMED
30-Nov-2023 20:37:03.033 정보 [main] org.apache.catalina.startup.VersionLoggerListener.log 명령 행 아규먼트:  --add-opens=java.base/java.io=ALL-UNNAMED
30-Nov-2023 20:37:03.033 정보 [main] org.apache.catalina.startup.VersionLoggerListener.log 명령 행 아규먼트:  --add-opens=java.base/java.util=ALL-UNNAMED
30-Nov-2023 20:37:03.033 정보 [main] org.apache.catalina.startup.VersionLoggerListener.log 명령 행 아규먼트:  --add-opens=java.base/java.util.concurrent=ALL-UNNAMED
30-Nov-2023 20:37:03.033 정보 [main] org.apache.catalina.startup.VersionLoggerListener.log 명령 행 아규먼트:  --add-opens=java.rmi/sun.rmi.transport=ALL-UNNAMED
30-Nov-2023 20:37:03.033 정보 [main] org.apache.catalina.startup.VersionLoggerListener.log 명령 행 아규먼트:  -Dcatalina.home=E:\work\apache-tomcat-10.1.15
30-Nov-2023 20:37:03.033 정보 [main] org.apache.catalina.startup.VersionLoggerListener.log 명령 행 아규먼트:  -Dcatalina.base=E:\work\jsp_projects\JSP_Board
30-Nov-2023 20:37:03.034 정보 [main] org.apache.catalina.startup.VersionLoggerListener.log 명령 행 아규먼트:  -Djava.io.tmpdir=E:\work\jsp_projects\JSP_Board\temp
30-Nov-2023 20:37:03.034 정보 [main] org.apache.catalina.startup.VersionLoggerListener.log 명령 행 아규먼트:  -Djava.util.logging.config.file=E:\work\jsp_projects\JSP_Board\conf\logging.properties
30-Nov-2023 20:37:03.034 정보 [main] org.apache.catalina.startup.VersionLoggerListener.log 명령 행 아규먼트:  -Djava.util.logging.manager=org.apache.juli.ClassLoaderLogManager
30-Nov-2023 20:37:03.034 정보 [main] org.apache.catalina.startup.VersionLoggerListener.log 명령 행 아규먼트:  -javaagent:C:\Program Files\JetBrains\IntelliJ IDEA Community Edition 2023.2\lib\idea_rt.jar=8370:C:\Program Files\JetBrains\IntelliJ IDEA Community Edition 2023.2\bin
30-Nov-2023 20:37:03.034 정보 [main] org.apache.catalina.startup.VersionLoggerListener.log 명령 행 아규먼트:  -Dfile.encoding=UTF-8
30-Nov-2023 20:37:03.036 정보 [main] org.apache.catalina.core.AprLifecycleListener.lifecycleEvent APR 버전 [1.7.4]을(를) 사용한, APR 기반 Apache Tomcat Native 라이브러리 [2.0.6]을(를) 로드했습니다.
30-Nov-2023 20:37:03.041 정보 [main] org.apache.catalina.core.AprLifecycleListener.initializeSSL OpenSSL이 성공적으로 초기화되었습니다: [OpenSSL 3.0.11 19 Sep 2023]
30-Nov-2023 20:37:03.240 정보 [main] org.apache.coyote.AbstractProtocol.init 프로토콜 핸들러 ["http-nio-8080"]을(를) 초기화합니다.
30-Nov-2023 20:37:03.258 정보 [main] org.apache.catalina.startup.Catalina.load [436] 밀리초 내에 서버가 초기화되었습니다.
30-Nov-2023 20:37:03.302 정보 [main] org.apache.catalina.core.StandardService.startInternal 서비스 [Catalina]을(를) 시작합니다.
30-Nov-2023 20:37:03.303 정보 [main] org.apache.catalina.core.StandardEngine.startInternal 서버 엔진을 시작합니다: [Apache Tomcat/10.1.15]
30-Nov-2023 20:37:03.315 정보 [main] org.apache.catalina.startup.HostConfig.deployDescriptor 배치 descriptor [E:\work\jsp_projects\JSP_Board\conf\Catalina\localhost\ROOT.xml]을(를) 배치합니다.
30-Nov-2023 20:37:03.991 정보 [main] org.apache.jasper.servlet.TldScanner.scanJars 적어도 하나의 JAR가 TLD들을 찾기 위해 스캔되었으나 아무 것도 찾지 못했습니다. 스캔했으나 TLD가 없는 JAR들의 전체 목록을 보시려면, 로그 레벨을 디버그 레벨로 설정하십시오. 스캔 과정에서 불필요한 JAR들을 건너뛰면, 시스템 시작 시간과 JSP 컴파일 시간을 단축시킬 수 있습니다.
30-Nov-2023 20:37:04.062 정보 [main] org.apache.catalina.startup.HostConfig.deployDescriptor 배치 descriptor [E:\work\jsp_projects\JSP_Board\conf\Catalina\localhost\ROOT.xml]의 배치가 [745] 밀리초 내에 완료되었습니다.
30-Nov-2023 20:37:04.065 정보 [main] org.apache.coyote.AbstractProtocol.start 프로토콜 핸들러 ["http-nio-8080"]을(를) 시작합니다.
30-Nov-2023 20:37:04.114 정보 [main] org.apache.catalina.startup.Catalina.start 서버가 [855] 밀리초 내에 시작되었습니다.
30-Nov-2023 20:37:56.145 정보 [Thread-1] org.apache.coyote.AbstractProtocol.pause 프로토콜 핸들러 ["http-nio-8080"]을(를) 일시 정지 중
30-Nov-2023 20:37:56.148 정보 [Thread-1] org.apache.catalina.core.StandardService.stopInternal 서비스 [Catalina]을(를) 중지시킵니다.
30-Nov-2023 20:37:56.151 경고 [Thread-1] org.apache.catalina.loader.WebappClassLoaderBase.clearReferencesJdbc 웹 애플리케이션 [ROOT]이(가) JDBC 드라이버 [com.mysql.cj.jdbc.Driver]을(를) 등록했지만, 웹 애플리케이션이 중지될 때, 해당 JDBC 드라이버의 등록을 제거하지 못했습니다. 메모리 누수를 방지하기 위하여, 등록을 강제로 제거했습니다.
30-Nov-2023 20:37:56.152 경고 [Thread-1] org.apache.catalina.loader.WebappClassLoaderBase.clearReferencesThreads 웹 애플리케이션 [ROOT]이(가) [mysql-cj-abandoned-connection-cleanup](이)라는 이름의 쓰레드를 시작시킨 것으로 보이지만, 해당 쓰레드를 중지시키지 못했습니다. 이는 메모리 누수를 유발할 가능성이 큽니다. 해당 쓰레드의 스택 트레이스:
 java.base@17.0.8/java.lang.Object.wait(Native Method)
 java.base@17.0.8/java.lang.ref.ReferenceQueue.remove(ReferenceQueue.java:155)
 com.mysql.cj.jdbc.AbandonedConnectionCleanupThread.run(AbandonedConnectionCleanupThread.java:91)
 java.base@17.0.8/java.util.concurrent.ThreadPoolExecutor.runWorker(ThreadPoolExecutor.java:1136)
 java.base@17.0.8/java.util.concurrent.ThreadPoolExecutor$Worker.run(ThreadPoolExecutor.java:635)
 java.base@17.0.8/java.lang.Thread.run(Thread.java:833)
30-Nov-2023 20:37:56.156 정보 [Thread-1] org.apache.coyote.AbstractProtocol.stop 프로토콜 핸들러 ["http-nio-8080"]을(를) 중지시킵니다.
30-Nov-2023 20:37:56.159 정보 [Thread-1] org.apache.coyote.AbstractProtocol.destroy 프로토콜 핸들러 ["http-nio-8080"]을(를) 소멸시킵니다.
30-Nov-2023 20:38:31.079 정보 [main] org.apache.catalina.startup.VersionLoggerListener.log 서버 버전 이름:    Apache Tomcat/10.1.15
30-Nov-2023 20:38:31.083 정보 [main] org.apache.catalina.startup.VersionLoggerListener.log Server 빌드 시각:  Oct 11 2023 23:38:40 UTC
30-Nov-2023 20:38:31.083 정보 [main] org.apache.catalina.startup.VersionLoggerListener.log Server 버전 번호:  10.1.15.0
30-Nov-2023 20:38:31.083 정보 [main] org.apache.catalina.startup.VersionLoggerListener.log 운영체제 이름:     Windows 10
30-Nov-2023 20:38:31.083 정보 [main] org.apache.catalina.startup.VersionLoggerListener.log 운영체제 버전:     10.0
30-Nov-2023 20:38:31.084 정보 [main] org.apache.catalina.startup.VersionLoggerListener.log 아키텍처:          amd64
30-Nov-2023 20:38:31.084 정보 [main] org.apache.catalina.startup.VersionLoggerListener.log 자바 홈:           C:\Users\dbsal\.jdks\corretto-17.0.8
30-Nov-2023 20:38:31.084 정보 [main] org.apache.catalina.startup.VersionLoggerListener.log JVM 버전:          17.0.8+7-LTS
30-Nov-2023 20:38:31.084 정보 [main] org.apache.catalina.startup.VersionLoggerListener.log JVM 벤더:          Amazon.com Inc.
30-Nov-2023 20:38:31.084 정보 [main] org.apache.catalina.startup.VersionLoggerListener.log CATALINA_BASE:     E:\work\jsp_projects\JSP_Board
30-Nov-2023 20:38:31.085 정보 [main] org.apache.catalina.startup.VersionLoggerListener.log CATALINA_HOME:     E:\work\apache-tomcat-10.1.15
30-Nov-2023 20:38:31.093 정보 [main] org.apache.catalina.startup.VersionLoggerListener.log 명령 행 아규먼트:  --add-opens=java.base/java.lang=ALL-UNNAMED
30-Nov-2023 20:38:31.093 정보 [main] org.apache.catalina.startup.VersionLoggerListener.log 명령 행 아규먼트:  --add-opens=java.base/java.io=ALL-UNNAMED
30-Nov-2023 20:38:31.093 정보 [main] org.apache.catalina.startup.VersionLoggerListener.log 명령 행 아규먼트:  --add-opens=java.base/java.util=ALL-UNNAMED
30-Nov-2023 20:38:31.093 정보 [main] org.apache.catalina.startup.VersionLoggerListener.log 명령 행 아규먼트:  --add-opens=java.base/java.util.concurrent=ALL-UNNAMED
30-Nov-2023 20:38:31.094 정보 [main] org.apache.catalina.startup.VersionLoggerListener.log 명령 행 아규먼트:  --add-opens=java.rmi/sun.rmi.transport=ALL-UNNAMED
30-Nov-2023 20:38:31.094 정보 [main] org.apache.catalina.startup.VersionLoggerListener.log 명령 행 아규먼트:  -Dcatalina.home=E:\work\apache-tomcat-10.1.15
30-Nov-2023 20:38:31.094 정보 [main] org.apache.catalina.startup.VersionLoggerListener.log 명령 행 아규먼트:  -Dcatalina.base=E:\work\jsp_projects\JSP_Board
30-Nov-2023 20:38:31.094 정보 [main] org.apache.catalina.startup.VersionLoggerListener.log 명령 행 아규먼트:  -Djava.io.tmpdir=E:\work\jsp_projects\JSP_Board\temp
30-Nov-2023 20:38:31.094 정보 [main] org.apache.catalina.startup.VersionLoggerListener.log 명령 행 아규먼트:  -Djava.util.logging.config.file=E:\work\jsp_projects\JSP_Board\conf\logging.properties
30-Nov-2023 20:38:31.094 정보 [main] org.apache.catalina.startup.VersionLoggerListener.log 명령 행 아규먼트:  -Djava.util.logging.manager=org.apache.juli.ClassLoaderLogManager
30-Nov-2023 20:38:31.095 정보 [main] org.apache.catalina.startup.VersionLoggerListener.log 명령 행 아규먼트:  -javaagent:C:\Program Files\JetBrains\IntelliJ IDEA Community Edition 2023.2\lib\idea_rt.jar=8397:C:\Program Files\JetBrains\IntelliJ IDEA Community Edition 2023.2\bin
30-Nov-2023 20:38:31.095 정보 [main] org.apache.catalina.startup.VersionLoggerListener.log 명령 행 아규먼트:  -Dfile.encoding=UTF-8
30-Nov-2023 20:38:31.097 정보 [main] org.apache.catalina.core.AprLifecycleListener.lifecycleEvent APR 버전 [1.7.4]을(를) 사용한, APR 기반 Apache Tomcat Native 라이브러리 [2.0.6]을(를) 로드했습니다.
30-Nov-2023 20:38:31.102 정보 [main] org.apache.catalina.core.AprLifecycleListener.initializeSSL OpenSSL이 성공적으로 초기화되었습니다: [OpenSSL 3.0.11 19 Sep 2023]
30-Nov-2023 20:38:31.327 정보 [main] org.apache.coyote.AbstractProtocol.init 프로토콜 핸들러 ["http-nio-8080"]을(를) 초기화합니다.
30-Nov-2023 20:38:31.345 정보 [main] org.apache.catalina.startup.Catalina.load [456] 밀리초 내에 서버가 초기화되었습니다.
30-Nov-2023 20:38:31.387 정보 [main] org.apache.catalina.core.StandardService.startInternal 서비스 [Catalina]을(를) 시작합니다.
30-Nov-2023 20:38:31.388 정보 [main] org.apache.catalina.core.StandardEngine.startInternal 서버 엔진을 시작합니다: [Apache Tomcat/10.1.15]
30-Nov-2023 20:38:31.398 정보 [main] org.apache.catalina.startup.HostConfig.deployDescriptor 배치 descriptor [E:\work\jsp_projects\JSP_Board\conf\Catalina\localhost\ROOT.xml]을(를) 배치합니다.
30-Nov-2023 20:38:32.116 정보 [main] org.apache.jasper.servlet.TldScanner.scanJars 적어도 하나의 JAR가 TLD들을 찾기 위해 스캔되었으나 아무 것도 찾지 못했습니다. 스캔했으나 TLD가 없는 JAR들의 전체 목록을 보시려면, 로그 레벨을 디버그 레벨로 설정하십시오. 스캔 과정에서 불필요한 JAR들을 건너뛰면, 시스템 시작 시간과 JSP 컴파일 시간을 단축시킬 수 있습니다.
30-Nov-2023 20:38:32.186 정보 [main] org.apache.catalina.startup.HostConfig.deployDescriptor 배치 descriptor [E:\work\jsp_projects\JSP_Board\conf\Catalina\localhost\ROOT.xml]의 배치가 [787] 밀리초 내에 완료되었습니다.
30-Nov-2023 20:38:32.188 정보 [main] org.apache.coyote.AbstractProtocol.start 프로토콜 핸들러 ["http-nio-8080"]을(를) 시작합니다.
30-Nov-2023 20:38:32.233 정보 [main] org.apache.catalina.startup.Catalina.start 서버가 [888] 밀리초 내에 시작되었습니다.
30-Nov-2023 20:39:20.490 정보 [Thread-1] org.apache.coyote.AbstractProtocol.pause 프로토콜 핸들러 ["http-nio-8080"]을(를) 일시 정지 중
30-Nov-2023 20:39:20.494 정보 [Thread-1] org.apache.catalina.core.StandardService.stopInternal 서비스 [Catalina]을(를) 중지시킵니다.
30-Nov-2023 20:39:20.498 경고 [Thread-1] org.apache.catalina.loader.WebappClassLoaderBase.clearReferencesJdbc 웹 애플리케이션 [ROOT]이(가) JDBC 드라이버 [com.mysql.cj.jdbc.Driver]을(를) 등록했지만, 웹 애플리케이션이 중지될 때, 해당 JDBC 드라이버의 등록을 제거하지 못했습니다. 메모리 누수를 방지하기 위하여, 등록을 강제로 제거했습니다.
30-Nov-2023 20:39:20.499 경고 [Thread-1] org.apache.catalina.loader.WebappClassLoaderBase.clearReferencesThreads 웹 애플리케이션 [ROOT]이(가) [mysql-cj-abandoned-connection-cleanup](이)라는 이름의 쓰레드를 시작시킨 것으로 보이지만, 해당 쓰레드를 중지시키지 못했습니다. 이는 메모리 누수를 유발할 가능성이 큽니다. 해당 쓰레드의 스택 트레이스:
 java.base@17.0.8/java.lang.Object.wait(Native Method)
 java.base@17.0.8/java.lang.ref.ReferenceQueue.remove(ReferenceQueue.java:155)
 com.mysql.cj.jdbc.AbandonedConnectionCleanupThread.run(AbandonedConnectionCleanupThread.java:91)
 java.base@17.0.8/java.util.concurrent.ThreadPoolExecutor.runWorker(ThreadPoolExecutor.java:1136)
 java.base@17.0.8/java.util.concurrent.ThreadPoolExecutor$Worker.run(ThreadPoolExecutor.java:635)
 java.base@17.0.8/java.lang.Thread.run(Thread.java:833)
30-Nov-2023 20:39:20.502 정보 [Thread-1] org.apache.coyote.AbstractProtocol.stop 프로토콜 핸들러 ["http-nio-8080"]을(를) 중지시킵니다.
30-Nov-2023 20:39:20.504 정보 [Thread-1] org.apache.coyote.AbstractProtocol.destroy 프로토콜 핸들러 ["http-nio-8080"]을(를) 소멸시킵니다.
30-Nov-2023 20:39:29.529 정보 [main] org.apache.catalina.startup.VersionLoggerListener.log 서버 버전 이름:    Apache Tomcat/10.1.15
30-Nov-2023 20:39:29.533 정보 [main] org.apache.catalina.startup.VersionLoggerListener.log Server 빌드 시각:  Oct 11 2023 23:38:40 UTC
30-Nov-2023 20:39:29.533 정보 [main] org.apache.catalina.startup.VersionLoggerListener.log Server 버전 번호:  10.1.15.0
30-Nov-2023 20:39:29.534 정보 [main] org.apache.catalina.startup.VersionLoggerListener.log 운영체제 이름:     Windows 10
30-Nov-2023 20:39:29.534 정보 [main] org.apache.catalina.startup.VersionLoggerListener.log 운영체제 버전:     10.0
30-Nov-2023 20:39:29.534 정보 [main] org.apache.catalina.startup.VersionLoggerListener.log 아키텍처:          amd64
30-Nov-2023 20:39:29.534 정보 [main] org.apache.catalina.startup.VersionLoggerListener.log 자바 홈:           C:\Users\dbsal\.jdks\corretto-17.0.8
30-Nov-2023 20:39:29.534 정보 [main] org.apache.catalina.startup.VersionLoggerListener.log JVM 버전:          17.0.8+7-LTS
30-Nov-2023 20:39:29.534 정보 [main] org.apache.catalina.startup.VersionLoggerListener.log JVM 벤더:          Amazon.com Inc.
30-Nov-2023 20:39:29.535 정보 [main] org.apache.catalina.startup.VersionLoggerListener.log CATALINA_BASE:     E:\work\jsp_projects\JSP_Board
30-Nov-2023 20:39:29.535 정보 [main] org.apache.catalina.startup.VersionLoggerListener.log CATALINA_HOME:     E:\work\apache-tomcat-10.1.15
30-Nov-2023 20:39:29.543 정보 [main] org.apache.catalina.startup.VersionLoggerListener.log 명령 행 아규먼트:  --add-opens=java.base/java.lang=ALL-UNNAMED
30-Nov-2023 20:39:29.543 정보 [main] org.apache.catalina.startup.VersionLoggerListener.log 명령 행 아규먼트:  --add-opens=java.base/java.io=ALL-UNNAMED
30-Nov-2023 20:39:29.543 정보 [main] org.apache.catalina.startup.VersionLoggerListener.log 명령 행 아규먼트:  --add-opens=java.base/java.util=ALL-UNNAMED
30-Nov-2023 20:39:29.543 정보 [main] org.apache.catalina.startup.VersionLoggerListener.log 명령 행 아규먼트:  --add-opens=java.base/java.util.concurrent=ALL-UNNAMED
30-Nov-2023 20:39:29.543 정보 [main] org.apache.catalina.startup.VersionLoggerListener.log 명령 행 아규먼트:  --add-opens=java.rmi/sun.rmi.transport=ALL-UNNAMED
30-Nov-2023 20:39:29.543 정보 [main] org.apache.catalina.startup.VersionLoggerListener.log 명령 행 아규먼트:  -Dcatalina.home=E:\work\apache-tomcat-10.1.15
30-Nov-2023 20:39:29.544 정보 [main] org.apache.catalina.startup.VersionLoggerListener.log 명령 행 아규먼트:  -Dcatalina.base=E:\work\jsp_projects\JSP_Board
30-Nov-2023 20:39:29.544 정보 [main] org.apache.catalina.startup.VersionLoggerListener.log 명령 행 아규먼트:  -Djava.io.tmpdir=E:\work\jsp_projects\JSP_Board\temp
30-Nov-2023 20:39:29.544 정보 [main] org.apache.catalina.startup.VersionLoggerListener.log 명령 행 아규먼트:  -Djava.util.logging.config.file=E:\work\jsp_projects\JSP_Board\conf\logging.properties
30-Nov-2023 20:39:29.544 정보 [main] org.apache.catalina.startup.VersionLoggerListener.log 명령 행 아규먼트:  -Djava.util.logging.manager=org.apache.juli.ClassLoaderLogManager
30-Nov-2023 20:39:29.544 정보 [main] org.apache.catalina.startup.VersionLoggerListener.log 명령 행 아규먼트:  -javaagent:C:\Program Files\JetBrains\IntelliJ IDEA Community Edition 2023.2\lib\idea_rt.jar=8421:C:\Program Files\JetBrains\IntelliJ IDEA Community Edition 2023.2\bin
30-Nov-2023 20:39:29.544 정보 [main] org.apache.catalina.startup.VersionLoggerListener.log 명령 행 아규먼트:  -Dfile.encoding=UTF-8
30-Nov-2023 20:39:29.547 정보 [main] org.apache.catalina.core.AprLifecycleListener.lifecycleEvent APR 버전 [1.7.4]을(를) 사용한, APR 기반 Apache Tomcat Native 라이브러리 [2.0.6]을(를) 로드했습니다.
30-Nov-2023 20:39:29.552 정보 [main] org.apache.catalina.core.AprLifecycleListener.initializeSSL OpenSSL이 성공적으로 초기화되었습니다: [OpenSSL 3.0.11 19 Sep 2023]
30-Nov-2023 20:39:29.784 정보 [main] org.apache.coyote.AbstractProtocol.init 프로토콜 핸들러 ["http-nio-8080"]을(를) 초기화합니다.
30-Nov-2023 20:39:29.802 정보 [main] org.apache.catalina.startup.Catalina.load [453] 밀리초 내에 서버가 초기화되었습니다.
30-Nov-2023 20:39:29.849 정보 [main] org.apache.catalina.core.StandardService.startInternal 서비스 [Catalina]을(를) 시작합니다.
30-Nov-2023 20:39:29.849 정보 [main] org.apache.catalina.core.StandardEngine.startInternal 서버 엔진을 시작합니다: [Apache Tomcat/10.1.15]
30-Nov-2023 20:39:29.859 정보 [main] org.apache.catalina.startup.HostConfig.deployDescriptor 배치 descriptor [E:\work\jsp_projects\JSP_Board\conf\Catalina\localhost\ROOT.xml]을(를) 배치합니다.
30-Nov-2023 20:39:30.564 정보 [main] org.apache.jasper.servlet.TldScanner.scanJars 적어도 하나의 JAR가 TLD들을 찾기 위해 스캔되었으나 아무 것도 찾지 못했습니다. 스캔했으나 TLD가 없는 JAR들의 전체 목록을 보시려면, 로그 레벨을 디버그 레벨로 설정하십시오. 스캔 과정에서 불필요한 JAR들을 건너뛰면, 시스템 시작 시간과 JSP 컴파일 시간을 단축시킬 수 있습니다.
30-Nov-2023 20:39:30.631 정보 [main] org.apache.catalina.startup.HostConfig.deployDescriptor 배치 descriptor [E:\work\jsp_projects\JSP_Board\conf\Catalina\localhost\ROOT.xml]의 배치가 [770] 밀리초 내에 완료되었습니다.
30-Nov-2023 20:39:30.634 정보 [main] org.apache.coyote.AbstractProtocol.start 프로토콜 핸들러 ["http-nio-8080"]을(를) 시작합니다.
30-Nov-2023 20:39:30.678 정보 [main] org.apache.catalina.startup.Catalina.start 서버가 [875] 밀리초 내에 시작되었습니다.
30-Nov-2023 20:40:02.329 정보 [Thread-1] org.apache.coyote.AbstractProtocol.pause 프로토콜 핸들러 ["http-nio-8080"]을(를) 일시 정지 중
30-Nov-2023 20:40:02.333 정보 [Thread-1] org.apache.catalina.core.StandardService.stopInternal 서비스 [Catalina]을(를) 중지시킵니다.
30-Nov-2023 20:40:02.336 경고 [Thread-1] org.apache.catalina.loader.WebappClassLoaderBase.clearReferencesJdbc 웹 애플리케이션 [ROOT]이(가) JDBC 드라이버 [com.mysql.cj.jdbc.Driver]을(를) 등록했지만, 웹 애플리케이션이 중지될 때, 해당 JDBC 드라이버의 등록을 제거하지 못했습니다. 메모리 누수를 방지하기 위하여, 등록을 강제로 제거했습니다.
30-Nov-2023 20:40:02.337 경고 [Thread-1] org.apache.catalina.loader.WebappClassLoaderBase.clearReferencesThreads 웹 애플리케이션 [ROOT]이(가) [mysql-cj-abandoned-connection-cleanup](이)라는 이름의 쓰레드를 시작시킨 것으로 보이지만, 해당 쓰레드를 중지시키지 못했습니다. 이는 메모리 누수를 유발할 가능성이 큽니다. 해당 쓰레드의 스택 트레이스:
 java.base@17.0.8/java.lang.Object.wait(Native Method)
 java.base@17.0.8/java.lang.ref.ReferenceQueue.remove(ReferenceQueue.java:155)
 com.mysql.cj.jdbc.AbandonedConnectionCleanupThread.run(AbandonedConnectionCleanupThread.java:91)
 java.base@17.0.8/java.util.concurrent.ThreadPoolExecutor.runWorker(ThreadPoolExecutor.java:1136)
 java.base@17.0.8/java.util.concurrent.ThreadPoolExecutor$Worker.run(ThreadPoolExecutor.java:635)
 java.base@17.0.8/java.lang.Thread.run(Thread.java:833)
30-Nov-2023 20:40:02.341 정보 [Thread-1] org.apache.coyote.AbstractProtocol.stop 프로토콜 핸들러 ["http-nio-8080"]을(를) 중지시킵니다.
30-Nov-2023 20:40:02.346 정보 [Thread-1] org.apache.coyote.AbstractProtocol.destroy 프로토콜 핸들러 ["http-nio-8080"]을(를) 소멸시킵니다.
30-Nov-2023 20:55:43.796 정보 [main] org.apache.catalina.startup.VersionLoggerListener.log 서버 버전 이름:    Apache Tomcat/10.1.15
30-Nov-2023 20:55:43.800 정보 [main] org.apache.catalina.startup.VersionLoggerListener.log Server 빌드 시각:  Oct 11 2023 23:38:40 UTC
30-Nov-2023 20:55:43.800 정보 [main] org.apache.catalina.startup.VersionLoggerListener.log Server 버전 번호:  10.1.15.0
30-Nov-2023 20:55:43.800 정보 [main] org.apache.catalina.startup.VersionLoggerListener.log 운영체제 이름:     Windows 10
30-Nov-2023 20:55:43.801 정보 [main] org.apache.catalina.startup.VersionLoggerListener.log 운영체제 버전:     10.0
30-Nov-2023 20:55:43.801 정보 [main] org.apache.catalina.startup.VersionLoggerListener.log 아키텍처:          amd64
30-Nov-2023 20:55:43.801 정보 [main] org.apache.catalina.startup.VersionLoggerListener.log 자바 홈:           C:\Users\dbsal\.jdks\corretto-17.0.8
30-Nov-2023 20:55:43.801 정보 [main] org.apache.catalina.startup.VersionLoggerListener.log JVM 버전:          17.0.8+7-LTS
30-Nov-2023 20:55:43.801 정보 [main] org.apache.catalina.startup.VersionLoggerListener.log JVM 벤더:          Amazon.com Inc.
30-Nov-2023 20:55:43.801 정보 [main] org.apache.catalina.startup.VersionLoggerListener.log CATALINA_BASE:     E:\work\jsp_projects\JSP_Board
30-Nov-2023 20:55:43.801 정보 [main] org.apache.catalina.startup.VersionLoggerListener.log CATALINA_HOME:     E:\work\apache-tomcat-10.1.15
30-Nov-2023 20:55:43.808 정보 [main] org.apache.catalina.startup.VersionLoggerListener.log 명령 행 아규먼트:  --add-opens=java.base/java.lang=ALL-UNNAMED
30-Nov-2023 20:55:43.808 정보 [main] org.apache.catalina.startup.VersionLoggerListener.log 명령 행 아규먼트:  --add-opens=java.base/java.io=ALL-UNNAMED
30-Nov-2023 20:55:43.808 정보 [main] org.apache.catalina.startup.VersionLoggerListener.log 명령 행 아규먼트:  --add-opens=java.base/java.util=ALL-UNNAMED
30-Nov-2023 20:55:43.808 정보 [main] org.apache.catalina.startup.VersionLoggerListener.log 명령 행 아규먼트:  --add-opens=java.base/java.util.concurrent=ALL-UNNAMED
30-Nov-2023 20:55:43.808 정보 [main] org.apache.catalina.startup.VersionLoggerListener.log 명령 행 아규먼트:  --add-opens=java.rmi/sun.rmi.transport=ALL-UNNAMED
30-Nov-2023 20:55:43.808 정보 [main] org.apache.catalina.startup.VersionLoggerListener.log 명령 행 아규먼트:  -Dcatalina.home=E:\work\apache-tomcat-10.1.15
30-Nov-2023 20:55:43.809 정보 [main] org.apache.catalina.startup.VersionLoggerListener.log 명령 행 아규먼트:  -Dcatalina.base=E:\work\jsp_projects\JSP_Board
30-Nov-2023 20:55:43.809 정보 [main] org.apache.catalina.startup.VersionLoggerListener.log 명령 행 아규먼트:  -Djava.io.tmpdir=E:\work\jsp_projects\JSP_Board\temp
30-Nov-2023 20:55:43.809 정보 [main] org.apache.catalina.startup.VersionLoggerListener.log 명령 행 아규먼트:  -Djava.util.logging.config.file=E:\work\jsp_projects\JSP_Board\conf\logging.properties
30-Nov-2023 20:55:43.809 정보 [main] org.apache.catalina.startup.VersionLoggerListener.log 명령 행 아규먼트:  -Djava.util.logging.manager=org.apache.juli.ClassLoaderLogManager
30-Nov-2023 20:55:43.809 정보 [main] org.apache.catalina.startup.VersionLoggerListener.log 명령 행 아규먼트:  -javaagent:C:\Program Files\JetBrains\IntelliJ IDEA Community Edition 2023.2\lib\idea_rt.jar=8488:C:\Program Files\JetBrains\IntelliJ IDEA Community Edition 2023.2\bin
30-Nov-2023 20:55:43.809 정보 [main] org.apache.catalina.startup.VersionLoggerListener.log 명령 행 아규먼트:  -Dfile.encoding=UTF-8
30-Nov-2023 20:55:43.827 정보 [main] org.apache.catalina.core.AprLifecycleListener.lifecycleEvent APR 버전 [1.7.4]을(를) 사용한, APR 기반 Apache Tomcat Native 라이브러리 [2.0.6]을(를) 로드했습니다.
30-Nov-2023 20:55:43.832 정보 [main] org.apache.catalina.core.AprLifecycleListener.initializeSSL OpenSSL이 성공적으로 초기화되었습니다: [OpenSSL 3.0.11 19 Sep 2023]
30-Nov-2023 20:55:44.019 정보 [main] org.apache.coyote.AbstractProtocol.init 프로토콜 핸들러 ["http-nio-8080"]을(를) 초기화합니다.
30-Nov-2023 20:55:44.038 정보 [main] org.apache.catalina.startup.Catalina.load [419] 밀리초 내에 서버가 초기화되었습니다.
30-Nov-2023 20:55:44.083 정보 [main] org.apache.catalina.core.StandardService.startInternal 서비스 [Catalina]을(를) 시작합니다.
30-Nov-2023 20:55:44.084 정보 [main] org.apache.catalina.core.StandardEngine.startInternal 서버 엔진을 시작합니다: [Apache Tomcat/10.1.15]
30-Nov-2023 20:55:44.097 정보 [main] org.apache.catalina.startup.HostConfig.deployDescriptor 배치 descriptor [E:\work\jsp_projects\JSP_Board\conf\Catalina\localhost\ROOT.xml]을(를) 배치합니다.
30-Nov-2023 20:55:44.715 정보 [main] org.apache.jasper.servlet.TldScanner.scanJars 적어도 하나의 JAR가 TLD들을 찾기 위해 스캔되었으나 아무 것도 찾지 못했습니다. 스캔했으나 TLD가 없는 JAR들의 전체 목록을 보시려면, 로그 레벨을 디버그 레벨로 설정하십시오. 스캔 과정에서 불필요한 JAR들을 건너뛰면, 시스템 시작 시간과 JSP 컴파일 시간을 단축시킬 수 있습니다.
30-Nov-2023 20:55:44.790 정보 [main] org.apache.catalina.startup.HostConfig.deployDescriptor 배치 descriptor [E:\work\jsp_projects\JSP_Board\conf\Catalina\localhost\ROOT.xml]의 배치가 [692] 밀리초 내에 완료되었습니다.
30-Nov-2023 20:55:44.794 정보 [main] org.apache.coyote.AbstractProtocol.start 프로토콜 핸들러 ["http-nio-8080"]을(를) 시작합니다.
30-Nov-2023 20:55:44.841 정보 [main] org.apache.catalina.startup.Catalina.start 서버가 [802] 밀리초 내에 시작되었습니다.
30-Nov-2023 20:56:18.245 정보 [Thread-1] org.apache.coyote.AbstractProtocol.pause 프로토콜 핸들러 ["http-nio-8080"]을(를) 일시 정지 중
30-Nov-2023 20:56:18.248 정보 [Thread-1] org.apache.catalina.core.StandardService.stopInternal 서비스 [Catalina]을(를) 중지시킵니다.
30-Nov-2023 20:56:18.251 경고 [Thread-1] org.apache.catalina.loader.WebappClassLoaderBase.clearReferencesJdbc 웹 애플리케이션 [ROOT]이(가) JDBC 드라이버 [com.mysql.cj.jdbc.Driver]을(를) 등록했지만, 웹 애플리케이션이 중지될 때, 해당 JDBC 드라이버의 등록을 제거하지 못했습니다. 메모리 누수를 방지하기 위하여, 등록을 강제로 제거했습니다.
30-Nov-2023 20:56:18.252 경고 [Thread-1] org.apache.catalina.loader.WebappClassLoaderBase.clearReferencesThreads 웹 애플리케이션 [ROOT]이(가) [mysql-cj-abandoned-connection-cleanup](이)라는 이름의 쓰레드를 시작시킨 것으로 보이지만, 해당 쓰레드를 중지시키지 못했습니다. 이는 메모리 누수를 유발할 가능성이 큽니다. 해당 쓰레드의 스택 트레이스:
 java.base@17.0.8/java.lang.Object.wait(Native Method)
 java.base@17.0.8/java.lang.ref.ReferenceQueue.remove(ReferenceQueue.java:155)
 com.mysql.cj.jdbc.AbandonedConnectionCleanupThread.run(AbandonedConnectionCleanupThread.java:91)
 java.base@17.0.8/java.util.concurrent.ThreadPoolExecutor.runWorker(ThreadPoolExecutor.java:1136)
 java.base@17.0.8/java.util.concurrent.ThreadPoolExecutor$Worker.run(ThreadPoolExecutor.java:635)
 java.base@17.0.8/java.lang.Thread.run(Thread.java:833)
30-Nov-2023 20:56:18.256 정보 [Thread-1] org.apache.coyote.AbstractProtocol.stop 프로토콜 핸들러 ["http-nio-8080"]을(를) 중지시킵니다.
30-Nov-2023 20:56:18.260 정보 [Thread-1] org.apache.coyote.AbstractProtocol.destroy 프로토콜 핸들러 ["http-nio-8080"]을(를) 소멸시킵니다.
30-Nov-2023 21:58:20.971 정보 [main] org.apache.catalina.startup.VersionLoggerListener.log 서버 버전 이름:    Apache Tomcat/10.1.15
30-Nov-2023 21:58:20.975 정보 [main] org.apache.catalina.startup.VersionLoggerListener.log Server 빌드 시각:  Oct 11 2023 23:38:40 UTC
30-Nov-2023 21:58:20.975 정보 [main] org.apache.catalina.startup.VersionLoggerListener.log Server 버전 번호:  10.1.15.0
30-Nov-2023 21:58:20.976 정보 [main] org.apache.catalina.startup.VersionLoggerListener.log 운영체제 이름:     Windows 10
30-Nov-2023 21:58:20.976 정보 [main] org.apache.catalina.startup.VersionLoggerListener.log 운영체제 버전:     10.0
30-Nov-2023 21:58:20.976 정보 [main] org.apache.catalina.startup.VersionLoggerListener.log 아키텍처:          amd64
30-Nov-2023 21:58:20.976 정보 [main] org.apache.catalina.startup.VersionLoggerListener.log 자바 홈:           C:\Users\dbsal\.jdks\corretto-17.0.8
30-Nov-2023 21:58:20.976 정보 [main] org.apache.catalina.startup.VersionLoggerListener.log JVM 버전:          17.0.8+7-LTS
30-Nov-2023 21:58:20.976 정보 [main] org.apache.catalina.startup.VersionLoggerListener.log JVM 벤더:          Amazon.com Inc.
30-Nov-2023 21:58:20.976 정보 [main] org.apache.catalina.startup.VersionLoggerListener.log CATALINA_BASE:     E:\work\jsp_projects\JSP_Board
30-Nov-2023 21:58:20.976 정보 [main] org.apache.catalina.startup.VersionLoggerListener.log CATALINA_HOME:     E:\work\apache-tomcat-10.1.15
30-Nov-2023 21:58:20.986 정보 [main] org.apache.catalina.startup.VersionLoggerListener.log 명령 행 아규먼트:  --add-opens=java.base/java.lang=ALL-UNNAMED
30-Nov-2023 21:58:20.986 정보 [main] org.apache.catalina.startup.VersionLoggerListener.log 명령 행 아규먼트:  --add-opens=java.base/java.io=ALL-UNNAMED
30-Nov-2023 21:58:20.986 정보 [main] org.apache.catalina.startup.VersionLoggerListener.log 명령 행 아규먼트:  --add-opens=java.base/java.util=ALL-UNNAMED
30-Nov-2023 21:58:20.986 정보 [main] org.apache.catalina.startup.VersionLoggerListener.log 명령 행 아규먼트:  --add-opens=java.base/java.util.concurrent=ALL-UNNAMED
30-Nov-2023 21:58:20.986 정보 [main] org.apache.catalina.startup.VersionLoggerListener.log 명령 행 아규먼트:  --add-opens=java.rmi/sun.rmi.transport=ALL-UNNAMED
30-Nov-2023 21:58:20.987 정보 [main] org.apache.catalina.startup.VersionLoggerListener.log 명령 행 아규먼트:  -Dcatalina.home=E:\work\apache-tomcat-10.1.15
30-Nov-2023 21:58:20.987 정보 [main] org.apache.catalina.startup.VersionLoggerListener.log 명령 행 아규먼트:  -Dcatalina.base=E:\work\jsp_projects\JSP_Board
30-Nov-2023 21:58:20.987 정보 [main] org.apache.catalina.startup.VersionLoggerListener.log 명령 행 아규먼트:  -Djava.io.tmpdir=E:\work\jsp_projects\JSP_Board\temp
30-Nov-2023 21:58:20.987 정보 [main] org.apache.catalina.startup.VersionLoggerListener.log 명령 행 아규먼트:  -Djava.util.logging.config.file=E:\work\jsp_projects\JSP_Board\conf\logging.properties
30-Nov-2023 21:58:20.987 정보 [main] org.apache.catalina.startup.VersionLoggerListener.log 명령 행 아규먼트:  -Djava.util.logging.manager=org.apache.juli.ClassLoaderLogManager
30-Nov-2023 21:58:20.987 정보 [main] org.apache.catalina.startup.VersionLoggerListener.log 명령 행 아규먼트:  -javaagent:C:\Program Files\JetBrains\IntelliJ IDEA Community Edition 2023.2\lib\idea_rt.jar=8713:C:\Program Files\JetBrains\IntelliJ IDEA Community Edition 2023.2\bin
30-Nov-2023 21:58:20.987 정보 [main] org.apache.catalina.startup.VersionLoggerListener.log 명령 행 아규먼트:  -Dfile.encoding=UTF-8
30-Nov-2023 21:58:20.989 정보 [main] org.apache.catalina.core.AprLifecycleListener.lifecycleEvent APR 버전 [1.7.4]을(를) 사용한, APR 기반 Apache Tomcat Native 라이브러리 [2.0.6]을(를) 로드했습니다.
30-Nov-2023 21:58:20.994 정보 [main] org.apache.catalina.core.AprLifecycleListener.initializeSSL OpenSSL이 성공적으로 초기화되었습니다: [OpenSSL 3.0.11 19 Sep 2023]
30-Nov-2023 21:58:21.201 정보 [main] org.apache.coyote.AbstractProtocol.init 프로토콜 핸들러 ["http-nio-8080"]을(를) 초기화합니다.
30-Nov-2023 21:58:21.218 정보 [main] org.apache.catalina.startup.Catalina.load [434] 밀리초 내에 서버가 초기화되었습니다.
30-Nov-2023 21:58:21.267 정보 [main] org.apache.catalina.core.StandardService.startInternal 서비스 [Catalina]을(를) 시작합니다.
30-Nov-2023 21:58:21.267 정보 [main] org.apache.catalina.core.StandardEngine.startInternal 서버 엔진을 시작합니다: [Apache Tomcat/10.1.15]
30-Nov-2023 21:58:21.278 정보 [main] org.apache.catalina.startup.HostConfig.deployDescriptor 배치 descriptor [E:\work\jsp_projects\JSP_Board\conf\Catalina\localhost\ROOT.xml]을(를) 배치합니다.
30-Nov-2023 21:58:22.093 정보 [main] org.apache.jasper.servlet.TldScanner.scanJars 적어도 하나의 JAR가 TLD들을 찾기 위해 스캔되었으나 아무 것도 찾지 못했습니다. 스캔했으나 TLD가 없는 JAR들의 전체 목록을 보시려면, 로그 레벨을 디버그 레벨로 설정하십시오. 스캔 과정에서 불필요한 JAR들을 건너뛰면, 시스템 시작 시간과 JSP 컴파일 시간을 단축시킬 수 있습니다.
30-Nov-2023 21:58:22.178 정보 [main] org.apache.catalina.startup.HostConfig.deployDescriptor 배치 descriptor [E:\work\jsp_projects\JSP_Board\conf\Catalina\localhost\ROOT.xml]의 배치가 [898] 밀리초 내에 완료되었습니다.
30-Nov-2023 21:58:22.182 정보 [main] org.apache.coyote.AbstractProtocol.start 프로토콜 핸들러 ["http-nio-8080"]을(를) 시작합니다.
30-Nov-2023 21:58:22.228 정보 [main] org.apache.catalina.startup.Catalina.start 서버가 [1008] 밀리초 내에 시작되었습니다.
30-Nov-2023 22:00:28.476 정보 [Thread-1] org.apache.coyote.AbstractProtocol.pause 프로토콜 핸들러 ["http-nio-8080"]을(를) 일시 정지 중
30-Nov-2023 22:00:28.480 정보 [Thread-1] org.apache.catalina.core.StandardService.stopInternal 서비스 [Catalina]을(를) 중지시킵니다.
30-Nov-2023 22:00:28.483 경고 [Thread-1] org.apache.catalina.loader.WebappClassLoaderBase.clearReferencesJdbc 웹 애플리케이션 [ROOT]이(가) JDBC 드라이버 [com.mysql.cj.jdbc.Driver]을(를) 등록했지만, 웹 애플리케이션이 중지될 때, 해당 JDBC 드라이버의 등록을 제거하지 못했습니다. 메모리 누수를 방지하기 위하여, 등록을 강제로 제거했습니다.
30-Nov-2023 22:00:28.484 경고 [Thread-1] org.apache.catalina.loader.WebappClassLoaderBase.clearReferencesThreads 웹 애플리케이션 [ROOT]이(가) [mysql-cj-abandoned-connection-cleanup](이)라는 이름의 쓰레드를 시작시킨 것으로 보이지만, 해당 쓰레드를 중지시키지 못했습니다. 이는 메모리 누수를 유발할 가능성이 큽니다. 해당 쓰레드의 스택 트레이스:
 java.base@17.0.8/java.lang.Object.wait(Native Method)
 java.base@17.0.8/java.lang.ref.ReferenceQueue.remove(ReferenceQueue.java:155)
 com.mysql.cj.jdbc.AbandonedConnectionCleanupThread.run(AbandonedConnectionCleanupThread.java:91)
 java.base@17.0.8/java.util.concurrent.ThreadPoolExecutor.runWorker(ThreadPoolExecutor.java:1136)
 java.base@17.0.8/java.util.concurrent.ThreadPoolExecutor$Worker.run(ThreadPoolExecutor.java:635)
 java.base@17.0.8/java.lang.Thread.run(Thread.java:833)
30-Nov-2023 22:00:28.489 정보 [Thread-1] org.apache.coyote.AbstractProtocol.stop 프로토콜 핸들러 ["http-nio-8080"]을(를) 중지시킵니다.
30-Nov-2023 22:00:28.493 정보 [Thread-1] org.apache.coyote.AbstractProtocol.destroy 프로토콜 핸들러 ["http-nio-8080"]을(를) 소멸시킵니다.
30-Nov-2023 22:09:40.496 정보 [main] org.apache.catalina.startup.VersionLoggerListener.log 서버 버전 이름:    Apache Tomcat/10.1.15
30-Nov-2023 22:09:40.501 정보 [main] org.apache.catalina.startup.VersionLoggerListener.log Server 빌드 시각:  Oct 11 2023 23:38:40 UTC
30-Nov-2023 22:09:40.501 정보 [main] org.apache.catalina.startup.VersionLoggerListener.log Server 버전 번호:  10.1.15.0
30-Nov-2023 22:09:40.501 정보 [main] org.apache.catalina.startup.VersionLoggerListener.log 운영체제 이름:     Windows 10
30-Nov-2023 22:09:40.501 정보 [main] org.apache.catalina.startup.VersionLoggerListener.log 운영체제 버전:     10.0
30-Nov-2023 22:09:40.501 정보 [main] org.apache.catalina.startup.VersionLoggerListener.log 아키텍처:          amd64
30-Nov-2023 22:09:40.502 정보 [main] org.apache.catalina.startup.VersionLoggerListener.log 자바 홈:           C:\Users\dbsal\.jdks\corretto-17.0.8
30-Nov-2023 22:09:40.502 정보 [main] org.apache.catalina.startup.VersionLoggerListener.log JVM 버전:          17.0.8+7-LTS
30-Nov-2023 22:09:40.502 정보 [main] org.apache.catalina.startup.VersionLoggerListener.log JVM 벤더:          Amazon.com Inc.
30-Nov-2023 22:09:40.502 정보 [main] org.apache.catalina.startup.VersionLoggerListener.log CATALINA_BASE:     E:\work\jsp_projects\JSP_Board
30-Nov-2023 22:09:40.502 정보 [main] org.apache.catalina.startup.VersionLoggerListener.log CATALINA_HOME:     E:\work\apache-tomcat-10.1.15
30-Nov-2023 22:09:40.509 정보 [main] org.apache.catalina.startup.VersionLoggerListener.log 명령 행 아규먼트:  --add-opens=java.base/java.lang=ALL-UNNAMED
30-Nov-2023 22:09:40.510 정보 [main] org.apache.catalina.startup.VersionLoggerListener.log 명령 행 아규먼트:  --add-opens=java.base/java.io=ALL-UNNAMED
30-Nov-2023 22:09:40.510 정보 [main] org.apache.catalina.startup.VersionLoggerListener.log 명령 행 아규먼트:  --add-opens=java.base/java.util=ALL-UNNAMED
30-Nov-2023 22:09:40.510 정보 [main] org.apache.catalina.startup.VersionLoggerListener.log 명령 행 아규먼트:  --add-opens=java.base/java.util.concurrent=ALL-UNNAMED
30-Nov-2023 22:09:40.510 정보 [main] org.apache.catalina.startup.VersionLoggerListener.log 명령 행 아규먼트:  --add-opens=java.rmi/sun.rmi.transport=ALL-UNNAMED
30-Nov-2023 22:09:40.510 정보 [main] org.apache.catalina.startup.VersionLoggerListener.log 명령 행 아규먼트:  -Dcatalina.home=E:\work\apache-tomcat-10.1.15
30-Nov-2023 22:09:40.510 정보 [main] org.apache.catalina.startup.VersionLoggerListener.log 명령 행 아규먼트:  -Dcatalina.base=E:\work\jsp_projects\JSP_Board
30-Nov-2023 22:09:40.510 정보 [main] org.apache.catalina.startup.VersionLoggerListener.log 명령 행 아규먼트:  -Djava.io.tmpdir=E:\work\jsp_projects\JSP_Board\temp
30-Nov-2023 22:09:40.510 정보 [main] org.apache.catalina.startup.VersionLoggerListener.log 명령 행 아규먼트:  -Djava.util.logging.config.file=E:\work\jsp_projects\JSP_Board\conf\logging.properties
30-Nov-2023 22:09:40.510 정보 [main] org.apache.catalina.startup.VersionLoggerListener.log 명령 행 아규먼트:  -Djava.util.logging.manager=org.apache.juli.ClassLoaderLogManager
30-Nov-2023 22:09:40.510 정보 [main] org.apache.catalina.startup.VersionLoggerListener.log 명령 행 아규먼트:  -javaagent:C:\Program Files\JetBrains\IntelliJ IDEA Community Edition 2023.2\lib\idea_rt.jar=8784:C:\Program Files\JetBrains\IntelliJ IDEA Community Edition 2023.2\bin
30-Nov-2023 22:09:40.511 정보 [main] org.apache.catalina.startup.VersionLoggerListener.log 명령 행 아규먼트:  -Dfile.encoding=UTF-8
30-Nov-2023 22:09:40.513 정보 [main] org.apache.catalina.core.AprLifecycleListener.lifecycleEvent APR 버전 [1.7.4]을(를) 사용한, APR 기반 Apache Tomcat Native 라이브러리 [2.0.6]을(를) 로드했습니다.
30-Nov-2023 22:09:40.518 정보 [main] org.apache.catalina.core.AprLifecycleListener.initializeSSL OpenSSL이 성공적으로 초기화되었습니다: [OpenSSL 3.0.11 19 Sep 2023]
30-Nov-2023 22:09:40.763 정보 [main] org.apache.coyote.AbstractProtocol.init 프로토콜 핸들러 ["http-nio-8080"]을(를) 초기화합니다.
30-Nov-2023 22:09:40.782 정보 [main] org.apache.catalina.startup.Catalina.load [463] 밀리초 내에 서버가 초기화되었습니다.
30-Nov-2023 22:09:40.838 정보 [main] org.apache.catalina.core.StandardService.startInternal 서비스 [Catalina]을(를) 시작합니다.
30-Nov-2023 22:09:40.838 정보 [main] org.apache.catalina.core.StandardEngine.startInternal 서버 엔진을 시작합니다: [Apache Tomcat/10.1.15]
30-Nov-2023 22:09:40.850 정보 [main] org.apache.catalina.startup.HostConfig.deployDescriptor 배치 descriptor [E:\work\jsp_projects\JSP_Board\conf\Catalina\localhost\ROOT.xml]을(를) 배치합니다.
30-Nov-2023 22:09:41.533 정보 [main] org.apache.jasper.servlet.TldScanner.scanJars 적어도 하나의 JAR가 TLD들을 찾기 위해 스캔되었으나 아무 것도 찾지 못했습니다. 스캔했으나 TLD가 없는 JAR들의 전체 목록을 보시려면, 로그 레벨을 디버그 레벨로 설정하십시오. 스캔 과정에서 불필요한 JAR들을 건너뛰면, 시스템 시작 시간과 JSP 컴파일 시간을 단축시킬 수 있습니다.
30-Nov-2023 22:09:41.606 정보 [main] org.apache.catalina.startup.HostConfig.deployDescriptor 배치 descriptor [E:\work\jsp_projects\JSP_Board\conf\Catalina\localhost\ROOT.xml]의 배치가 [755] 밀리초 내에 완료되었습니다.
30-Nov-2023 22:09:41.610 정보 [main] org.apache.coyote.AbstractProtocol.start 프로토콜 핸들러 ["http-nio-8080"]을(를) 시작합니다.
30-Nov-2023 22:09:41.659 정보 [main] org.apache.catalina.startup.Catalina.start 서버가 [877] 밀리초 내에 시작되었습니다.
30-Nov-2023 22:16:22.903 정보 [Thread-1] org.apache.coyote.AbstractProtocol.pause 프로토콜 핸들러 ["http-nio-8080"]을(를) 일시 정지 중
30-Nov-2023 22:16:22.907 정보 [Thread-1] org.apache.catalina.core.StandardService.stopInternal 서비스 [Catalina]을(를) 중지시킵니다.
30-Nov-2023 22:16:22.910 경고 [Thread-1] org.apache.catalina.loader.WebappClassLoaderBase.clearReferencesJdbc 웹 애플리케이션 [ROOT]이(가) JDBC 드라이버 [com.mysql.cj.jdbc.Driver]을(를) 등록했지만, 웹 애플리케이션이 중지될 때, 해당 JDBC 드라이버의 등록을 제거하지 못했습니다. 메모리 누수를 방지하기 위하여, 등록을 강제로 제거했습니다.
30-Nov-2023 22:16:22.911 경고 [Thread-1] org.apache.catalina.loader.WebappClassLoaderBase.clearReferencesThreads 웹 애플리케이션 [ROOT]이(가) [mysql-cj-abandoned-connection-cleanup](이)라는 이름의 쓰레드를 시작시킨 것으로 보이지만, 해당 쓰레드를 중지시키지 못했습니다. 이는 메모리 누수를 유발할 가능성이 큽니다. 해당 쓰레드의 스택 트레이스:
 java.base@17.0.8/java.lang.Object.wait(Native Method)
 java.base@17.0.8/java.lang.ref.ReferenceQueue.remove(ReferenceQueue.java:155)
 com.mysql.cj.jdbc.AbandonedConnectionCleanupThread.run(AbandonedConnectionCleanupThread.java:91)
 java.base@17.0.8/java.util.concurrent.ThreadPoolExecutor.runWorker(ThreadPoolExecutor.java:1136)
 java.base@17.0.8/java.util.concurrent.ThreadPoolExecutor$Worker.run(ThreadPoolExecutor.java:635)
 java.base@17.0.8/java.lang.Thread.run(Thread.java:833)
30-Nov-2023 22:16:22.914 정보 [Thread-1] org.apache.coyote.AbstractProtocol.stop 프로토콜 핸들러 ["http-nio-8080"]을(를) 중지시킵니다.
30-Nov-2023 22:16:22.917 정보 [Thread-1] org.apache.coyote.AbstractProtocol.destroy 프로토콜 핸들러 ["http-nio-8080"]을(를) 소멸시킵니다.
30-Nov-2023 22:25:52.065 정보 [main] org.apache.catalina.startup.VersionLoggerListener.log 서버 버전 이름:    Apache Tomcat/10.1.15
30-Nov-2023 22:25:52.069 정보 [main] org.apache.catalina.startup.VersionLoggerListener.log Server 빌드 시각:  Oct 11 2023 23:38:40 UTC
30-Nov-2023 22:25:52.069 정보 [main] org.apache.catalina.startup.VersionLoggerListener.log Server 버전 번호:  10.1.15.0
30-Nov-2023 22:25:52.069 정보 [main] org.apache.catalina.startup.VersionLoggerListener.log 운영체제 이름:     Windows 10
30-Nov-2023 22:25:52.070 정보 [main] org.apache.catalina.startup.VersionLoggerListener.log 운영체제 버전:     10.0
30-Nov-2023 22:25:52.070 정보 [main] org.apache.catalina.startup.VersionLoggerListener.log 아키텍처:          amd64
30-Nov-2023 22:25:52.070 정보 [main] org.apache.catalina.startup.VersionLoggerListener.log 자바 홈:           C:\Users\dbsal\.jdks\corretto-17.0.8
30-Nov-2023 22:25:52.070 정보 [main] org.apache.catalina.startup.VersionLoggerListener.log JVM 버전:          17.0.8+7-LTS
30-Nov-2023 22:25:52.070 정보 [main] org.apache.catalina.startup.VersionLoggerListener.log JVM 벤더:          Amazon.com Inc.
30-Nov-2023 22:25:52.070 정보 [main] org.apache.catalina.startup.VersionLoggerListener.log CATALINA_BASE:     E:\work\jsp_projects\JSP_Board
30-Nov-2023 22:25:52.070 정보 [main] org.apache.catalina.startup.VersionLoggerListener.log CATALINA_HOME:     E:\work\apache-tomcat-10.1.15
30-Nov-2023 22:25:52.079 정보 [main] org.apache.catalina.startup.VersionLoggerListener.log 명령 행 아규먼트:  --add-opens=java.base/java.lang=ALL-UNNAMED
30-Nov-2023 22:25:52.079 정보 [main] org.apache.catalina.startup.VersionLoggerListener.log 명령 행 아규먼트:  --add-opens=java.base/java.io=ALL-UNNAMED
30-Nov-2023 22:25:52.079 정보 [main] org.apache.catalina.startup.VersionLoggerListener.log 명령 행 아규먼트:  --add-opens=java.base/java.util=ALL-UNNAMED
30-Nov-2023 22:25:52.079 정보 [main] org.apache.catalina.startup.VersionLoggerListener.log 명령 행 아규먼트:  --add-opens=java.base/java.util.concurrent=ALL-UNNAMED
30-Nov-2023 22:25:52.079 정보 [main] org.apache.catalina.startup.VersionLoggerListener.log 명령 행 아규먼트:  --add-opens=java.rmi/sun.rmi.transport=ALL-UNNAMED
30-Nov-2023 22:25:52.080 정보 [main] org.apache.catalina.startup.VersionLoggerListener.log 명령 행 아규먼트:  -Dcatalina.home=E:\work\apache-tomcat-10.1.15
30-Nov-2023 22:25:52.080 정보 [main] org.apache.catalina.startup.VersionLoggerListener.log 명령 행 아규먼트:  -Dcatalina.base=E:\work\jsp_projects\JSP_Board
30-Nov-2023 22:25:52.080 정보 [main] org.apache.catalina.startup.VersionLoggerListener.log 명령 행 아규먼트:  -Djava.io.tmpdir=E:\work\jsp_projects\JSP_Board\temp
30-Nov-2023 22:25:52.080 정보 [main] org.apache.catalina.startup.VersionLoggerListener.log 명령 행 아규먼트:  -Djava.util.logging.config.file=E:\work\jsp_projects\JSP_Board\conf\logging.properties
30-Nov-2023 22:25:52.080 정보 [main] org.apache.catalina.startup.VersionLoggerListener.log 명령 행 아규먼트:  -Djava.util.logging.manager=org.apache.juli.ClassLoaderLogManager
30-Nov-2023 22:25:52.080 정보 [main] org.apache.catalina.startup.VersionLoggerListener.log 명령 행 아규먼트:  -javaagent:C:\Program Files\JetBrains\IntelliJ IDEA Community Edition 2023.2\lib\idea_rt.jar=8839:C:\Program Files\JetBrains\IntelliJ IDEA Community Edition 2023.2\bin
30-Nov-2023 22:25:52.080 정보 [main] org.apache.catalina.startup.VersionLoggerListener.log 명령 행 아규먼트:  -Dfile.encoding=UTF-8
30-Nov-2023 22:25:52.083 정보 [main] org.apache.catalina.core.AprLifecycleListener.lifecycleEvent APR 버전 [1.7.4]을(를) 사용한, APR 기반 Apache Tomcat Native 라이브러리 [2.0.6]을(를) 로드했습니다.
30-Nov-2023 22:25:52.088 정보 [main] org.apache.catalina.core.AprLifecycleListener.initializeSSL OpenSSL이 성공적으로 초기화되었습니다: [OpenSSL 3.0.11 19 Sep 2023]
30-Nov-2023 22:25:52.336 정보 [main] org.apache.coyote.AbstractProtocol.init 프로토콜 핸들러 ["http-nio-8080"]을(를) 초기화합니다.
30-Nov-2023 22:25:52.357 정보 [main] org.apache.catalina.startup.Catalina.load [485] 밀리초 내에 서버가 초기화되었습니다.
30-Nov-2023 22:25:52.404 정보 [main] org.apache.catalina.core.StandardService.startInternal 서비스 [Catalina]을(를) 시작합니다.
30-Nov-2023 22:25:52.404 정보 [main] org.apache.catalina.core.StandardEngine.startInternal 서버 엔진을 시작합니다: [Apache Tomcat/10.1.15]
30-Nov-2023 22:25:52.413 정보 [main] org.apache.catalina.startup.HostConfig.deployDescriptor 배치 descriptor [E:\work\jsp_projects\JSP_Board\conf\Catalina\localhost\ROOT.xml]을(를) 배치합니다.
30-Nov-2023 22:25:53.053 정보 [main] org.apache.jasper.servlet.TldScanner.scanJars 적어도 하나의 JAR가 TLD들을 찾기 위해 스캔되었으나 아무 것도 찾지 못했습니다. 스캔했으나 TLD가 없는 JAR들의 전체 목록을 보시려면, 로그 레벨을 디버그 레벨로 설정하십시오. 스캔 과정에서 불필요한 JAR들을 건너뛰면, 시스템 시작 시간과 JSP 컴파일 시간을 단축시킬 수 있습니다.
30-Nov-2023 22:25:53.129 정보 [main] org.apache.catalina.startup.HostConfig.deployDescriptor 배치 descriptor [E:\work\jsp_projects\JSP_Board\conf\Catalina\localhost\ROOT.xml]의 배치가 [714] 밀리초 내에 완료되었습니다.
30-Nov-2023 22:25:53.132 정보 [main] org.apache.coyote.AbstractProtocol.start 프로토콜 핸들러 ["http-nio-8080"]을(를) 시작합니다.
30-Nov-2023 22:25:53.179 정보 [main] org.apache.catalina.startup.Catalina.start 서버가 [821] 밀리초 내에 시작되었습니다.
30-Nov-2023 22:26:20.173 정보 [Thread-1] org.apache.coyote.AbstractProtocol.pause 프로토콜 핸들러 ["http-nio-8080"]을(를) 일시 정지 중
30-Nov-2023 22:26:20.176 정보 [Thread-1] org.apache.catalina.core.StandardService.stopInternal 서비스 [Catalina]을(를) 중지시킵니다.
30-Nov-2023 22:26:20.180 경고 [Thread-1] org.apache.catalina.loader.WebappClassLoaderBase.clearReferencesJdbc 웹 애플리케이션 [ROOT]이(가) JDBC 드라이버 [com.mysql.cj.jdbc.Driver]을(를) 등록했지만, 웹 애플리케이션이 중지될 때, 해당 JDBC 드라이버의 등록을 제거하지 못했습니다. 메모리 누수를 방지하기 위하여, 등록을 강제로 제거했습니다.
30-Nov-2023 22:26:20.181 경고 [Thread-1] org.apache.catalina.loader.WebappClassLoaderBase.clearReferencesThreads 웹 애플리케이션 [ROOT]이(가) [mysql-cj-abandoned-connection-cleanup](이)라는 이름의 쓰레드를 시작시킨 것으로 보이지만, 해당 쓰레드를 중지시키지 못했습니다. 이는 메모리 누수를 유발할 가능성이 큽니다. 해당 쓰레드의 스택 트레이스:
 java.base@17.0.8/java.lang.Object.wait(Native Method)
 java.base@17.0.8/java.lang.ref.ReferenceQueue.remove(ReferenceQueue.java:155)
 com.mysql.cj.jdbc.AbandonedConnectionCleanupThread.run(AbandonedConnectionCleanupThread.java:91)
 java.base@17.0.8/java.util.concurrent.ThreadPoolExecutor.runWorker(ThreadPoolExecutor.java:1136)
 java.base@17.0.8/java.util.concurrent.ThreadPoolExecutor$Worker.run(ThreadPoolExecutor.java:635)
 java.base@17.0.8/java.lang.Thread.run(Thread.java:833)
30-Nov-2023 22:26:20.185 정보 [Thread-1] org.apache.coyote.AbstractProtocol.stop 프로토콜 핸들러 ["http-nio-8080"]을(를) 중지시킵니다.
30-Nov-2023 22:26:20.189 정보 [Thread-1] org.apache.coyote.AbstractProtocol.destroy 프로토콜 핸들러 ["http-nio-8080"]을(를) 소멸시킵니다.
30-Nov-2023 22:26:21.557 정보 [main] org.apache.catalina.startup.VersionLoggerListener.log 서버 버전 이름:    Apache Tomcat/10.1.15
30-Nov-2023 22:26:21.561 정보 [main] org.apache.catalina.startup.VersionLoggerListener.log Server 빌드 시각:  Oct 11 2023 23:38:40 UTC
30-Nov-2023 22:26:21.561 정보 [main] org.apache.catalina.startup.VersionLoggerListener.log Server 버전 번호:  10.1.15.0
30-Nov-2023 22:26:21.561 정보 [main] org.apache.catalina.startup.VersionLoggerListener.log 운영체제 이름:     Windows 10
30-Nov-2023 22:26:21.561 정보 [main] org.apache.catalina.startup.VersionLoggerListener.log 운영체제 버전:     10.0
30-Nov-2023 22:26:21.562 정보 [main] org.apache.catalina.startup.VersionLoggerListener.log 아키텍처:          amd64
30-Nov-2023 22:26:21.562 정보 [main] org.apache.catalina.startup.VersionLoggerListener.log 자바 홈:           C:\Users\dbsal\.jdks\corretto-17.0.8
30-Nov-2023 22:26:21.562 정보 [main] org.apache.catalina.startup.VersionLoggerListener.log JVM 버전:          17.0.8+7-LTS
30-Nov-2023 22:26:21.562 정보 [main] org.apache.catalina.startup.VersionLoggerListener.log JVM 벤더:          Amazon.com Inc.
30-Nov-2023 22:26:21.562 정보 [main] org.apache.catalina.startup.VersionLoggerListener.log CATALINA_BASE:     E:\work\jsp_projects\JSP_Board
30-Nov-2023 22:26:21.562 정보 [main] org.apache.catalina.startup.VersionLoggerListener.log CATALINA_HOME:     E:\work\apache-tomcat-10.1.15
30-Nov-2023 22:26:21.571 정보 [main] org.apache.catalina.startup.VersionLoggerListener.log 명령 행 아규먼트:  --add-opens=java.base/java.lang=ALL-UNNAMED
30-Nov-2023 22:26:21.571 정보 [main] org.apache.catalina.startup.VersionLoggerListener.log 명령 행 아규먼트:  --add-opens=java.base/java.io=ALL-UNNAMED
30-Nov-2023 22:26:21.571 정보 [main] org.apache.catalina.startup.VersionLoggerListener.log 명령 행 아규먼트:  --add-opens=java.base/java.util=ALL-UNNAMED
30-Nov-2023 22:26:21.571 정보 [main] org.apache.catalina.startup.VersionLoggerListener.log 명령 행 아규먼트:  --add-opens=java.base/java.util.concurrent=ALL-UNNAMED
30-Nov-2023 22:26:21.571 정보 [main] org.apache.catalina.startup.VersionLoggerListener.log 명령 행 아규먼트:  --add-opens=java.rmi/sun.rmi.transport=ALL-UNNAMED
30-Nov-2023 22:26:21.572 정보 [main] org.apache.catalina.startup.VersionLoggerListener.log 명령 행 아규먼트:  -Dcatalina.home=E:\work\apache-tomcat-10.1.15
30-Nov-2023 22:26:21.572 정보 [main] org.apache.catalina.startup.VersionLoggerListener.log 명령 행 아규먼트:  -Dcatalina.base=E:\work\jsp_projects\JSP_Board
30-Nov-2023 22:26:21.572 정보 [main] org.apache.catalina.startup.VersionLoggerListener.log 명령 행 아규먼트:  -Djava.io.tmpdir=E:\work\jsp_projects\JSP_Board\temp
30-Nov-2023 22:26:21.572 정보 [main] org.apache.catalina.startup.VersionLoggerListener.log 명령 행 아규먼트:  -Djava.util.logging.config.file=E:\work\jsp_projects\JSP_Board\conf\logging.properties
30-Nov-2023 22:26:21.572 정보 [main] org.apache.catalina.startup.VersionLoggerListener.log 명령 행 아규먼트:  -Djava.util.logging.manager=org.apache.juli.ClassLoaderLogManager
30-Nov-2023 22:26:21.572 정보 [main] org.apache.catalina.startup.VersionLoggerListener.log 명령 행 아규먼트:  -javaagent:C:\Program Files\JetBrains\IntelliJ IDEA Community Edition 2023.2\lib\idea_rt.jar=8851:C:\Program Files\JetBrains\IntelliJ IDEA Community Edition 2023.2\bin
30-Nov-2023 22:26:21.572 정보 [main] org.apache.catalina.startup.VersionLoggerListener.log 명령 행 아규먼트:  -Dfile.encoding=UTF-8
30-Nov-2023 22:26:21.575 정보 [main] org.apache.catalina.core.AprLifecycleListener.lifecycleEvent APR 버전 [1.7.4]을(를) 사용한, APR 기반 Apache Tomcat Native 라이브러리 [2.0.6]을(를) 로드했습니다.
30-Nov-2023 22:26:21.580 정보 [main] org.apache.catalina.core.AprLifecycleListener.initializeSSL OpenSSL이 성공적으로 초기화되었습니다: [OpenSSL 3.0.11 19 Sep 2023]
30-Nov-2023 22:26:21.795 정보 [main] org.apache.coyote.AbstractProtocol.init 프로토콜 핸들러 ["http-nio-8080"]을(를) 초기화합니다.
30-Nov-2023 22:26:21.814 정보 [main] org.apache.catalina.startup.Catalina.load [471] 밀리초 내에 서버가 초기화되었습니다.
30-Nov-2023 22:26:21.858 정보 [main] org.apache.catalina.core.StandardService.startInternal 서비스 [Catalina]을(를) 시작합니다.
30-Nov-2023 22:26:21.859 정보 [main] org.apache.catalina.core.StandardEngine.startInternal 서버 엔진을 시작합니다: [Apache Tomcat/10.1.15]
30-Nov-2023 22:26:21.870 정보 [main] org.apache.catalina.startup.HostConfig.deployDescriptor 배치 descriptor [E:\work\jsp_projects\JSP_Board\conf\Catalina\localhost\ROOT.xml]을(를) 배치합니다.
30-Nov-2023 22:26:22.530 정보 [main] org.apache.jasper.servlet.TldScanner.scanJars 적어도 하나의 JAR가 TLD들을 찾기 위해 스캔되었으나 아무 것도 찾지 못했습니다. 스캔했으나 TLD가 없는 JAR들의 전체 목록을 보시려면, 로그 레벨을 디버그 레벨로 설정하십시오. 스캔 과정에서 불필요한 JAR들을 건너뛰면, 시스템 시작 시간과 JSP 컴파일 시간을 단축시킬 수 있습니다.
30-Nov-2023 22:26:22.605 정보 [main] org.apache.catalina.startup.HostConfig.deployDescriptor 배치 descriptor [E:\work\jsp_projects\JSP_Board\conf\Catalina\localhost\ROOT.xml]의 배치가 [735] 밀리초 내에 완료되었습니다.
30-Nov-2023 22:26:22.609 정보 [main] org.apache.coyote.AbstractProtocol.start 프로토콜 핸들러 ["http-nio-8080"]을(를) 시작합니다.
30-Nov-2023 22:26:22.657 정보 [main] org.apache.catalina.startup.Catalina.start 서버가 [842] 밀리초 내에 시작되었습니다.
30-Nov-2023 22:26:39.249 정보 [Thread-1] org.apache.coyote.AbstractProtocol.pause 프로토콜 핸들러 ["http-nio-8080"]을(를) 일시 정지 중
30-Nov-2023 22:26:39.253 정보 [Thread-1] org.apache.catalina.core.StandardService.stopInternal 서비스 [Catalina]을(를) 중지시킵니다.
30-Nov-2023 22:26:39.256 경고 [Thread-1] org.apache.catalina.loader.WebappClassLoaderBase.clearReferencesJdbc 웹 애플리케이션 [ROOT]이(가) JDBC 드라이버 [com.mysql.cj.jdbc.Driver]을(를) 등록했지만, 웹 애플리케이션이 중지될 때, 해당 JDBC 드라이버의 등록을 제거하지 못했습니다. 메모리 누수를 방지하기 위하여, 등록을 강제로 제거했습니다.
30-Nov-2023 22:26:39.257 경고 [Thread-1] org.apache.catalina.loader.WebappClassLoaderBase.clearReferencesThreads 웹 애플리케이션 [ROOT]이(가) [mysql-cj-abandoned-connection-cleanup](이)라는 이름의 쓰레드를 시작시킨 것으로 보이지만, 해당 쓰레드를 중지시키지 못했습니다. 이는 메모리 누수를 유발할 가능성이 큽니다. 해당 쓰레드의 스택 트레이스:
 java.base@17.0.8/java.lang.Object.wait(Native Method)
 java.base@17.0.8/java.lang.ref.ReferenceQueue.remove(ReferenceQueue.java:155)
 com.mysql.cj.jdbc.AbandonedConnectionCleanupThread.run(AbandonedConnectionCleanupThread.java:91)
 java.base@17.0.8/java.util.concurrent.ThreadPoolExecutor.runWorker(ThreadPoolExecutor.java:1136)
 java.base@17.0.8/java.util.concurrent.ThreadPoolExecutor$Worker.run(ThreadPoolExecutor.java:635)
 java.base@17.0.8/java.lang.Thread.run(Thread.java:833)
30-Nov-2023 22:26:39.261 정보 [Thread-1] org.apache.coyote.AbstractProtocol.stop 프로토콜 핸들러 ["http-nio-8080"]을(를) 중지시킵니다.
30-Nov-2023 22:26:39.265 정보 [Thread-1] org.apache.coyote.AbstractProtocol.destroy 프로토콜 핸들러 ["http-nio-8080"]을(를) 소멸시킵니다.
