30-Nov-2023 19:47:31.881 심각 [http-nio-8080-exec-7] org.apache.catalina.core.ApplicationDispatcher.invoke 서블릿 [jsp]을(를) 위한 Servlet.service() 호출이 예외를 발생시켰습니다.
	org.apache.jasper.JasperException: JSP를 위한 클래스를 컴파일할 수 없습니다.: 

JSP 파일 [/WEB-INF/article/detail.jsp]의 [42] 행에서 오류가 발생했습니다.
article cannot be resolved
39:       </thead>
40:       <tbody>
41:       <tr>
42:         <td><%= article.getId() %></td>
43:         <td><%= article.getRegDate() %></td>
44:         <td><%= article.getUpdateDate() %></td>
45:         <td><%= article.getTitle() %></td>


JSP 파일 [/WEB-INF/article/detail.jsp]의 [43] 행에서 오류가 발생했습니다.
article cannot be resolved
40:       <tbody>
41:       <tr>
42:         <td><%= article.getId() %></td>
43:         <td><%= article.getRegDate() %></td>
44:         <td><%= article.getUpdateDate() %></td>
45:         <td><%= article.getTitle() %></td>
46:         <td><%= article.getContent() %></td>


JSP 파일 [/WEB-INF/article/detail.jsp]의 [44] 행에서 오류가 발생했습니다.
article cannot be resolved
41:       <tr>
42:         <td><%= article.getId() %></td>
43:         <td><%= article.getRegDate() %></td>
44:         <td><%= article.getUpdateDate() %></td>
45:         <td><%= article.getTitle() %></td>
46:         <td><%= article.getContent() %></td>
47:         <td><%= article.getExtra__writerName() %></td>


JSP 파일 [/WEB-INF/article/detail.jsp]의 [45] 행에서 오류가 발생했습니다.
article cannot be resolved
42:         <td><%= article.getId() %></td>
43:         <td><%= article.getRegDate() %></td>
44:         <td><%= article.getUpdateDate() %></td>
45:         <td><%= article.getTitle() %></td>
46:         <td><%= article.getContent() %></td>
47:         <td><%= article.getExtra__writerName() %></td>
48:       </tr>


JSP 파일 [/WEB-INF/article/detail.jsp]의 [46] 행에서 오류가 발생했습니다.
article cannot be resolved
43:         <td><%= article.getRegDate() %></td>
44:         <td><%= article.getUpdateDate() %></td>
45:         <td><%= article.getTitle() %></td>
46:         <td><%= article.getContent() %></td>
47:         <td><%= article.getExtra__writerName() %></td>
48:       </tr>
49:       </tbody>


JSP 파일 [/WEB-INF/article/detail.jsp]의 [47] 행에서 오류가 발생했습니다.
article cannot be resolved
44:         <td><%= article.getUpdateDate() %></td>
45:         <td><%= article.getTitle() %></td>
46:         <td><%= article.getContent() %></td>
47:         <td><%= article.getExtra__writerName() %></td>
48:       </tr>
49:       </tbody>
50:     </table>


Stacktrace:
		at org.apache.jasper.compiler.DefaultErrorHandler.javacError(DefaultErrorHandler.java:102)
		at org.apache.jasper.compiler.ErrorDispatcher.javacError(ErrorDispatcher.java:214)
		at org.apache.jasper.compiler.JDTCompiler.generateClass(JDTCompiler.java:513)
		at org.apache.jasper.compiler.Compiler.compile(Compiler.java:402)
		at org.apache.jasper.compiler.Compiler.compile(Compiler.java:372)
		at org.apache.jasper.compiler.Compiler.compile(Compiler.java:356)
		at org.apache.jasper.JspCompilationContext.compile(JspCompilationContext.java:603)
		at org.apache.jasper.servlet.JspServletWrapper.service(JspServletWrapper.java:396)
		at org.apache.jasper.servlet.JspServlet.serviceJspFile(JspServlet.java:380)
		at org.apache.jasper.servlet.JspServlet.service(JspServlet.java:328)
		at jakarta.servlet.http.HttpServlet.service(HttpServlet.java:658)
		at org.apache.catalina.core.ApplicationFilterChain.internalDoFilter(ApplicationFilterChain.java:205)
		at org.apache.catalina.core.ApplicationFilterChain.doFilter(ApplicationFilterChain.java:149)
		at org.apache.tomcat.websocket.server.WsFilter.doFilter(WsFilter.java:51)
		at org.apache.catalina.core.ApplicationFilterChain.internalDoFilter(ApplicationFilterChain.java:174)
		at org.apache.catalina.core.ApplicationFilterChain.doFilter(ApplicationFilterChain.java:149)
		at org.apache.catalina.core.ApplicationDispatcher.invoke(ApplicationDispatcher.java:642)
		at org.apache.catalina.core.ApplicationDispatcher.processRequest(ApplicationDispatcher.java:408)
		at org.apache.catalina.core.ApplicationDispatcher.doForward(ApplicationDispatcher.java:340)
		at org.apache.catalina.core.ApplicationDispatcher.forward(ApplicationDispatcher.java:277)
		at ym.jsp.board.Rq.jsp(Rq.java:125)
		at ym.jsp.board.controller.UsrArticleController.showDetail(UsrArticleController.java:86)
		at ym.jsp.board.controller.UsrArticleController.performAction(UsrArticleController.java:25)
		at ym.jsp.board.servlet.DispatcherServlet.doGet(DispatcherServlet.java:55)
		at jakarta.servlet.http.HttpServlet.service(HttpServlet.java:564)
		at jakarta.servlet.http.HttpServlet.service(HttpServlet.java:658)
		at org.apache.catalina.core.ApplicationFilterChain.internalDoFilter(ApplicationFilterChain.java:205)
		at org.apache.catalina.core.ApplicationFilterChain.doFilter(ApplicationFilterChain.java:149)
		at org.apache.tomcat.websocket.server.WsFilter.doFilter(WsFilter.java:51)
		at org.apache.catalina.core.ApplicationFilterChain.internalDoFilter(ApplicationFilterChain.java:174)
		at org.apache.catalina.core.ApplicationFilterChain.doFilter(ApplicationFilterChain.java:149)
		at org.apache.catalina.core.StandardWrapperValve.invoke(StandardWrapperValve.java:167)
		at org.apache.catalina.core.StandardContextValve.invoke(StandardContextValve.java:90)
		at org.apache.catalina.authenticator.AuthenticatorBase.invoke(AuthenticatorBase.java:482)
		at org.apache.catalina.core.StandardHostValve.invoke(StandardHostValve.java:115)
		at org.apache.catalina.valves.ErrorReportValve.invoke(ErrorReportValve.java:93)
		at org.apache.catalina.valves.AbstractAccessLogValve.invoke(AbstractAccessLogValve.java:673)
		at org.apache.catalina.core.StandardEngineValve.invoke(StandardEngineValve.java:74)
		at org.apache.catalina.connector.CoyoteAdapter.service(CoyoteAdapter.java:340)
		at org.apache.coyote.http11.Http11Processor.service(Http11Processor.java:391)
		at org.apache.coyote.AbstractProcessorLight.process(AbstractProcessorLight.java:63)
		at org.apache.coyote.AbstractProtocol$ConnectionHandler.process(AbstractProtocol.java:896)
		at org.apache.tomcat.util.net.NioEndpoint$SocketProcessor.doRun(NioEndpoint.java:1744)
		at org.apache.tomcat.util.net.SocketProcessorBase.run(SocketProcessorBase.java:52)
		at org.apache.tomcat.util.threads.ThreadPoolExecutor.runWorker(ThreadPoolExecutor.java:1191)
		at org.apache.tomcat.util.threads.ThreadPoolExecutor$Worker.run(ThreadPoolExecutor.java:659)
		at org.apache.tomcat.util.threads.TaskThread$WrappingRunnable.run(TaskThread.java:61)
		at java.base/java.lang.Thread.run(Thread.java:833)
30-Nov-2023 19:47:31.881 심각 [http-nio-8080-exec-7] org.apache.catalina.core.StandardWrapperValve.invoke 경로가 []인 컨텍스트의 서블릿 [ym.jsp.board.servlet.DispatcherServlet]을(를) 위한 Servlet.service() 호출이 예외를 발생시켰습니다.
	java.lang.RuntimeException: org.apache.jasper.JasperException: JSP를 위한 클래스를 컴파일할 수 없습니다.: 

JSP 파일 [/WEB-INF/article/detail.jsp]의 [42] 행에서 오류가 발생했습니다.
article cannot be resolved
39:       </thead>
40:       <tbody>
41:       <tr>
42:         <td><%= article.getId() %></td>
43:         <td><%= article.getRegDate() %></td>
44:         <td><%= article.getUpdateDate() %></td>
45:         <td><%= article.getTitle() %></td>


JSP 파일 [/WEB-INF/article/detail.jsp]의 [43] 행에서 오류가 발생했습니다.
article cannot be resolved
40:       <tbody>
41:       <tr>
42:         <td><%= article.getId() %></td>
43:         <td><%= article.getRegDate() %></td>
44:         <td><%= article.getUpdateDate() %></td>
45:         <td><%= article.getTitle() %></td>
46:         <td><%= article.getContent() %></td>


JSP 파일 [/WEB-INF/article/detail.jsp]의 [44] 행에서 오류가 발생했습니다.
article cannot be resolved
41:       <tr>
42:         <td><%= article.getId() %></td>
43:         <td><%= article.getRegDate() %></td>
44:         <td><%= article.getUpdateDate() %></td>
45:         <td><%= article.getTitle() %></td>
46:         <td><%= article.getContent() %></td>
47:         <td><%= article.getExtra__writerName() %></td>


JSP 파일 [/WEB-INF/article/detail.jsp]의 [45] 행에서 오류가 발생했습니다.
article cannot be resolved
42:         <td><%= article.getId() %></td>
43:         <td><%= article.getRegDate() %></td>
44:         <td><%= article.getUpdateDate() %></td>
45:         <td><%= article.getTitle() %></td>
46:         <td><%= article.getContent() %></td>
47:         <td><%= article.getExtra__writerName() %></td>
48:       </tr>


JSP 파일 [/WEB-INF/article/detail.jsp]의 [46] 행에서 오류가 발생했습니다.
article cannot be resolved
43:         <td><%= article.getRegDate() %></td>
44:         <td><%= article.getUpdateDate() %></td>
45:         <td><%= article.getTitle() %></td>
46:         <td><%= article.getContent() %></td>
47:         <td><%= article.getExtra__writerName() %></td>
48:       </tr>
49:       </tbody>


JSP 파일 [/WEB-INF/article/detail.jsp]의 [47] 행에서 오류가 발생했습니다.
article cannot be resolved
44:         <td><%= article.getUpdateDate() %></td>
45:         <td><%= article.getTitle() %></td>
46:         <td><%= article.getContent() %></td>
47:         <td><%= article.getExtra__writerName() %></td>
48:       </tr>
49:       </tbody>
50:     </table>


Stacktrace:
		at ym.jsp.board.Rq.jsp(Rq.java:127)
		at ym.jsp.board.controller.UsrArticleController.showDetail(UsrArticleController.java:86)
		at ym.jsp.board.controller.UsrArticleController.performAction(UsrArticleController.java:25)
		at ym.jsp.board.servlet.DispatcherServlet.doGet(DispatcherServlet.java:55)
		at jakarta.servlet.http.HttpServlet.service(HttpServlet.java:564)
		at jakarta.servlet.http.HttpServlet.service(HttpServlet.java:658)
		at org.apache.catalina.core.ApplicationFilterChain.internalDoFilter(ApplicationFilterChain.java:205)
		at org.apache.catalina.core.ApplicationFilterChain.doFilter(ApplicationFilterChain.java:149)
		at org.apache.tomcat.websocket.server.WsFilter.doFilter(WsFilter.java:51)
		at org.apache.catalina.core.ApplicationFilterChain.internalDoFilter(ApplicationFilterChain.java:174)
		at org.apache.catalina.core.ApplicationFilterChain.doFilter(ApplicationFilterChain.java:149)
		at org.apache.catalina.core.StandardWrapperValve.invoke(StandardWrapperValve.java:167)
		at org.apache.catalina.core.StandardContextValve.invoke(StandardContextValve.java:90)
		at org.apache.catalina.authenticator.AuthenticatorBase.invoke(AuthenticatorBase.java:482)
		at org.apache.catalina.core.StandardHostValve.invoke(StandardHostValve.java:115)
		at org.apache.catalina.valves.ErrorReportValve.invoke(ErrorReportValve.java:93)
		at org.apache.catalina.valves.AbstractAccessLogValve.invoke(AbstractAccessLogValve.java:673)
		at org.apache.catalina.core.StandardEngineValve.invoke(StandardEngineValve.java:74)
		at org.apache.catalina.connector.CoyoteAdapter.service(CoyoteAdapter.java:340)
		at org.apache.coyote.http11.Http11Processor.service(Http11Processor.java:391)
		at org.apache.coyote.AbstractProcessorLight.process(AbstractProcessorLight.java:63)
		at org.apache.coyote.AbstractProtocol$ConnectionHandler.process(AbstractProtocol.java:896)
		at org.apache.tomcat.util.net.NioEndpoint$SocketProcessor.doRun(NioEndpoint.java:1744)
		at org.apache.tomcat.util.net.SocketProcessorBase.run(SocketProcessorBase.java:52)
		at org.apache.tomcat.util.threads.ThreadPoolExecutor.runWorker(ThreadPoolExecutor.java:1191)
		at org.apache.tomcat.util.threads.ThreadPoolExecutor$Worker.run(ThreadPoolExecutor.java:659)
		at org.apache.tomcat.util.threads.TaskThread$WrappingRunnable.run(TaskThread.java:61)
		at java.base/java.lang.Thread.run(Thread.java:833)
	Caused by: org.apache.jasper.JasperException: JSP를 위한 클래스를 컴파일할 수 없습니다.: 

JSP 파일 [/WEB-INF/article/detail.jsp]의 [42] 행에서 오류가 발생했습니다.
article cannot be resolved
39:       </thead>
40:       <tbody>
41:       <tr>
42:         <td><%= article.getId() %></td>
43:         <td><%= article.getRegDate() %></td>
44:         <td><%= article.getUpdateDate() %></td>
45:         <td><%= article.getTitle() %></td>


JSP 파일 [/WEB-INF/article/detail.jsp]의 [43] 행에서 오류가 발생했습니다.
article cannot be resolved
40:       <tbody>
41:       <tr>
42:         <td><%= article.getId() %></td>
43:         <td><%= article.getRegDate() %></td>
44:         <td><%= article.getUpdateDate() %></td>
45:         <td><%= article.getTitle() %></td>
46:         <td><%= article.getContent() %></td>


JSP 파일 [/WEB-INF/article/detail.jsp]의 [44] 행에서 오류가 발생했습니다.
article cannot be resolved
41:       <tr>
42:         <td><%= article.getId() %></td>
43:         <td><%= article.getRegDate() %></td>
44:         <td><%= article.getUpdateDate() %></td>
45:         <td><%= article.getTitle() %></td>
46:         <td><%= article.getContent() %></td>
47:         <td><%= article.getExtra__writerName() %></td>


JSP 파일 [/WEB-INF/article/detail.jsp]의 [45] 행에서 오류가 발생했습니다.
article cannot be resolved
42:         <td><%= article.getId() %></td>
43:         <td><%= article.getRegDate() %></td>
44:         <td><%= article.getUpdateDate() %></td>
45:         <td><%= article.getTitle() %></td>
46:         <td><%= article.getContent() %></td>
47:         <td><%= article.getExtra__writerName() %></td>
48:       </tr>


JSP 파일 [/WEB-INF/article/detail.jsp]의 [46] 행에서 오류가 발생했습니다.
article cannot be resolved
43:         <td><%= article.getRegDate() %></td>
44:         <td><%= article.getUpdateDate() %></td>
45:         <td><%= article.getTitle() %></td>
46:         <td><%= article.getContent() %></td>
47:         <td><%= article.getExtra__writerName() %></td>
48:       </tr>
49:       </tbody>


JSP 파일 [/WEB-INF/article/detail.jsp]의 [47] 행에서 오류가 발생했습니다.
article cannot be resolved
44:         <td><%= article.getUpdateDate() %></td>
45:         <td><%= article.getTitle() %></td>
46:         <td><%= article.getContent() %></td>
47:         <td><%= article.getExtra__writerName() %></td>
48:       </tr>
49:       </tbody>
50:     </table>


Stacktrace:
		at org.apache.jasper.compiler.DefaultErrorHandler.javacError(DefaultErrorHandler.java:102)
		at org.apache.jasper.compiler.ErrorDispatcher.javacError(ErrorDispatcher.java:214)
		at org.apache.jasper.compiler.JDTCompiler.generateClass(JDTCompiler.java:513)
		at org.apache.jasper.compiler.Compiler.compile(Compiler.java:402)
		at org.apache.jasper.compiler.Compiler.compile(Compiler.java:372)
		at org.apache.jasper.compiler.Compiler.compile(Compiler.java:356)
		at org.apache.jasper.JspCompilationContext.compile(JspCompilationContext.java:603)
		at org.apache.jasper.servlet.JspServletWrapper.service(JspServletWrapper.java:396)
		at org.apache.jasper.servlet.JspServlet.serviceJspFile(JspServlet.java:380)
		at org.apache.jasper.servlet.JspServlet.service(JspServlet.java:328)
		at jakarta.servlet.http.HttpServlet.service(HttpServlet.java:658)
		at org.apache.catalina.core.ApplicationFilterChain.internalDoFilter(ApplicationFilterChain.java:205)
		at org.apache.catalina.core.ApplicationFilterChain.doFilter(ApplicationFilterChain.java:149)
		at org.apache.tomcat.websocket.server.WsFilter.doFilter(WsFilter.java:51)
		at org.apache.catalina.core.ApplicationFilterChain.internalDoFilter(ApplicationFilterChain.java:174)
		at org.apache.catalina.core.ApplicationFilterChain.doFilter(ApplicationFilterChain.java:149)
		at org.apache.catalina.core.ApplicationDispatcher.invoke(ApplicationDispatcher.java:642)
		at org.apache.catalina.core.ApplicationDispatcher.processRequest(ApplicationDispatcher.java:408)
		at org.apache.catalina.core.ApplicationDispatcher.doForward(ApplicationDispatcher.java:340)
		at org.apache.catalina.core.ApplicationDispatcher.forward(ApplicationDispatcher.java:277)
		at ym.jsp.board.Rq.jsp(Rq.java:125)
		... 27 more
30-Nov-2023 20:37:41.700 심각 [http-nio-8080-exec-2] org.apache.catalina.core.ApplicationDispatcher.invoke 서블릿 [jsp]을(를) 위한 Servlet.service() 호출이 예외를 발생시켰습니다.
	org.apache.jasper.JasperException: JSP를 위한 클래스를 컴파일할 수 없습니다.: 

코드 생성된 자바 파일 [E:\work\jsp_projects\JSP_Board\work\Catalina\localhost\ROOT\org\apache\jsp\WEB_002dINF\article\modify_jsp.java]의 [14] 행에서 오류가 발생했습니다.
Only a type can be imported. sbs.jsp.board.dto.Article resolves to a package

JSP 파일 [/WEB-INF/article/modify.jsp]의 [7] 행에서 오류가 발생했습니다.
Article cannot be resolved to a type
4: <%@ page import="java.util.Map" %>
5: 
6: <%
7:   Article article = (Article) request.getAttribute("article");
8: %>
9: 
10: <%@ include file="../part/head.jspf"%>


JSP 파일 [/WEB-INF/article/modify.jsp]의 [7] 행에서 오류가 발생했습니다.
Article cannot be resolved to a type
4: <%@ page import="java.util.Map" %>
5: 
6: <%
7:   Article article = (Article) request.getAttribute("article");
8: %>
9: 
10: <%@ include file="../part/head.jspf"%>


Stacktrace:
		at org.apache.jasper.compiler.DefaultErrorHandler.javacError(DefaultErrorHandler.java:102)
		at org.apache.jasper.compiler.ErrorDispatcher.javacError(ErrorDispatcher.java:214)
		at org.apache.jasper.compiler.JDTCompiler.generateClass(JDTCompiler.java:513)
		at org.apache.jasper.compiler.Compiler.compile(Compiler.java:402)
		at org.apache.jasper.compiler.Compiler.compile(Compiler.java:372)
		at org.apache.jasper.compiler.Compiler.compile(Compiler.java:356)
		at org.apache.jasper.JspCompilationContext.compile(JspCompilationContext.java:603)
		at org.apache.jasper.servlet.JspServletWrapper.service(JspServletWrapper.java:396)
		at org.apache.jasper.servlet.JspServlet.serviceJspFile(JspServlet.java:380)
		at org.apache.jasper.servlet.JspServlet.service(JspServlet.java:328)
		at jakarta.servlet.http.HttpServlet.service(HttpServlet.java:658)
		at org.apache.catalina.core.ApplicationFilterChain.internalDoFilter(ApplicationFilterChain.java:205)
		at org.apache.catalina.core.ApplicationFilterChain.doFilter(ApplicationFilterChain.java:149)
		at org.apache.tomcat.websocket.server.WsFilter.doFilter(WsFilter.java:51)
		at org.apache.catalina.core.ApplicationFilterChain.internalDoFilter(ApplicationFilterChain.java:174)
		at org.apache.catalina.core.ApplicationFilterChain.doFilter(ApplicationFilterChain.java:149)
		at org.apache.catalina.core.ApplicationDispatcher.invoke(ApplicationDispatcher.java:642)
		at org.apache.catalina.core.ApplicationDispatcher.processRequest(ApplicationDispatcher.java:408)
		at org.apache.catalina.core.ApplicationDispatcher.doForward(ApplicationDispatcher.java:340)
		at org.apache.catalina.core.ApplicationDispatcher.forward(ApplicationDispatcher.java:277)
		at ym.jsp.board.Rq.jsp(Rq.java:125)
		at ym.jsp.board.controller.UsrArticleController.showModify(UsrArticleController.java:158)
		at ym.jsp.board.controller.UsrArticleController.performAction(UsrArticleController.java:29)
		at ym.jsp.board.servlet.DispatcherServlet.doGet(DispatcherServlet.java:55)
		at jakarta.servlet.http.HttpServlet.service(HttpServlet.java:564)
		at jakarta.servlet.http.HttpServlet.service(HttpServlet.java:658)
		at org.apache.catalina.core.ApplicationFilterChain.internalDoFilter(ApplicationFilterChain.java:205)
		at org.apache.catalina.core.ApplicationFilterChain.doFilter(ApplicationFilterChain.java:149)
		at org.apache.tomcat.websocket.server.WsFilter.doFilter(WsFilter.java:51)
		at org.apache.catalina.core.ApplicationFilterChain.internalDoFilter(ApplicationFilterChain.java:174)
		at org.apache.catalina.core.ApplicationFilterChain.doFilter(ApplicationFilterChain.java:149)
		at org.apache.catalina.core.StandardWrapperValve.invoke(StandardWrapperValve.java:167)
		at org.apache.catalina.core.StandardContextValve.invoke(StandardContextValve.java:90)
		at org.apache.catalina.authenticator.AuthenticatorBase.invoke(AuthenticatorBase.java:482)
		at org.apache.catalina.core.StandardHostValve.invoke(StandardHostValve.java:115)
		at org.apache.catalina.valves.ErrorReportValve.invoke(ErrorReportValve.java:93)
		at org.apache.catalina.valves.AbstractAccessLogValve.invoke(AbstractAccessLogValve.java:673)
		at org.apache.catalina.core.StandardEngineValve.invoke(StandardEngineValve.java:74)
		at org.apache.catalina.connector.CoyoteAdapter.service(CoyoteAdapter.java:340)
		at org.apache.coyote.http11.Http11Processor.service(Http11Processor.java:391)
		at org.apache.coyote.AbstractProcessorLight.process(AbstractProcessorLight.java:63)
		at org.apache.coyote.AbstractProtocol$ConnectionHandler.process(AbstractProtocol.java:896)
		at org.apache.tomcat.util.net.NioEndpoint$SocketProcessor.doRun(NioEndpoint.java:1744)
		at org.apache.tomcat.util.net.SocketProcessorBase.run(SocketProcessorBase.java:52)
		at org.apache.tomcat.util.threads.ThreadPoolExecutor.runWorker(ThreadPoolExecutor.java:1191)
		at org.apache.tomcat.util.threads.ThreadPoolExecutor$Worker.run(ThreadPoolExecutor.java:659)
		at org.apache.tomcat.util.threads.TaskThread$WrappingRunnable.run(TaskThread.java:61)
		at java.base/java.lang.Thread.run(Thread.java:833)
30-Nov-2023 20:37:41.700 심각 [http-nio-8080-exec-2] org.apache.catalina.core.StandardWrapperValve.invoke 경로가 []인 컨텍스트의 서블릿 [ym.jsp.board.servlet.DispatcherServlet]을(를) 위한 Servlet.service() 호출이 예외를 발생시켰습니다.
	java.lang.RuntimeException: org.apache.jasper.JasperException: JSP를 위한 클래스를 컴파일할 수 없습니다.: 

코드 생성된 자바 파일 [E:\work\jsp_projects\JSP_Board\work\Catalina\localhost\ROOT\org\apache\jsp\WEB_002dINF\article\modify_jsp.java]의 [14] 행에서 오류가 발생했습니다.
Only a type can be imported. sbs.jsp.board.dto.Article resolves to a package

JSP 파일 [/WEB-INF/article/modify.jsp]의 [7] 행에서 오류가 발생했습니다.
Article cannot be resolved to a type
4: <%@ page import="java.util.Map" %>
5: 
6: <%
7:   Article article = (Article) request.getAttribute("article");
8: %>
9: 
10: <%@ include file="../part/head.jspf"%>


JSP 파일 [/WEB-INF/article/modify.jsp]의 [7] 행에서 오류가 발생했습니다.
Article cannot be resolved to a type
4: <%@ page import="java.util.Map" %>
5: 
6: <%
7:   Article article = (Article) request.getAttribute("article");
8: %>
9: 
10: <%@ include file="../part/head.jspf"%>


Stacktrace:
		at ym.jsp.board.Rq.jsp(Rq.java:127)
		at ym.jsp.board.controller.UsrArticleController.showModify(UsrArticleController.java:158)
		at ym.jsp.board.controller.UsrArticleController.performAction(UsrArticleController.java:29)
		at ym.jsp.board.servlet.DispatcherServlet.doGet(DispatcherServlet.java:55)
		at jakarta.servlet.http.HttpServlet.service(HttpServlet.java:564)
		at jakarta.servlet.http.HttpServlet.service(HttpServlet.java:658)
		at org.apache.catalina.core.ApplicationFilterChain.internalDoFilter(ApplicationFilterChain.java:205)
		at org.apache.catalina.core.ApplicationFilterChain.doFilter(ApplicationFilterChain.java:149)
		at org.apache.tomcat.websocket.server.WsFilter.doFilter(WsFilter.java:51)
		at org.apache.catalina.core.ApplicationFilterChain.internalDoFilter(ApplicationFilterChain.java:174)
		at org.apache.catalina.core.ApplicationFilterChain.doFilter(ApplicationFilterChain.java:149)
		at org.apache.catalina.core.StandardWrapperValve.invoke(StandardWrapperValve.java:167)
		at org.apache.catalina.core.StandardContextValve.invoke(StandardContextValve.java:90)
		at org.apache.catalina.authenticator.AuthenticatorBase.invoke(AuthenticatorBase.java:482)
		at org.apache.catalina.core.StandardHostValve.invoke(StandardHostValve.java:115)
		at org.apache.catalina.valves.ErrorReportValve.invoke(ErrorReportValve.java:93)
		at org.apache.catalina.valves.AbstractAccessLogValve.invoke(AbstractAccessLogValve.java:673)
		at org.apache.catalina.core.StandardEngineValve.invoke(StandardEngineValve.java:74)
		at org.apache.catalina.connector.CoyoteAdapter.service(CoyoteAdapter.java:340)
		at org.apache.coyote.http11.Http11Processor.service(Http11Processor.java:391)
		at org.apache.coyote.AbstractProcessorLight.process(AbstractProcessorLight.java:63)
		at org.apache.coyote.AbstractProtocol$ConnectionHandler.process(AbstractProtocol.java:896)
		at org.apache.tomcat.util.net.NioEndpoint$SocketProcessor.doRun(NioEndpoint.java:1744)
		at org.apache.tomcat.util.net.SocketProcessorBase.run(SocketProcessorBase.java:52)
		at org.apache.tomcat.util.threads.ThreadPoolExecutor.runWorker(ThreadPoolExecutor.java:1191)
		at org.apache.tomcat.util.threads.ThreadPoolExecutor$Worker.run(ThreadPoolExecutor.java:659)
		at org.apache.tomcat.util.threads.TaskThread$WrappingRunnable.run(TaskThread.java:61)
		at java.base/java.lang.Thread.run(Thread.java:833)
	Caused by: org.apache.jasper.JasperException: JSP를 위한 클래스를 컴파일할 수 없습니다.: 

코드 생성된 자바 파일 [E:\work\jsp_projects\JSP_Board\work\Catalina\localhost\ROOT\org\apache\jsp\WEB_002dINF\article\modify_jsp.java]의 [14] 행에서 오류가 발생했습니다.
Only a type can be imported. sbs.jsp.board.dto.Article resolves to a package

JSP 파일 [/WEB-INF/article/modify.jsp]의 [7] 행에서 오류가 발생했습니다.
Article cannot be resolved to a type
4: <%@ page import="java.util.Map" %>
5: 
6: <%
7:   Article article = (Article) request.getAttribute("article");
8: %>
9: 
10: <%@ include file="../part/head.jspf"%>


JSP 파일 [/WEB-INF/article/modify.jsp]의 [7] 행에서 오류가 발생했습니다.
Article cannot be resolved to a type
4: <%@ page import="java.util.Map" %>
5: 
6: <%
7:   Article article = (Article) request.getAttribute("article");
8: %>
9: 
10: <%@ include file="../part/head.jspf"%>


Stacktrace:
		at org.apache.jasper.compiler.DefaultErrorHandler.javacError(DefaultErrorHandler.java:102)
		at org.apache.jasper.compiler.ErrorDispatcher.javacError(ErrorDispatcher.java:214)
		at org.apache.jasper.compiler.JDTCompiler.generateClass(JDTCompiler.java:513)
		at org.apache.jasper.compiler.Compiler.compile(Compiler.java:402)
		at org.apache.jasper.compiler.Compiler.compile(Compiler.java:372)
		at org.apache.jasper.compiler.Compiler.compile(Compiler.java:356)
		at org.apache.jasper.JspCompilationContext.compile(JspCompilationContext.java:603)
		at org.apache.jasper.servlet.JspServletWrapper.service(JspServletWrapper.java:396)
		at org.apache.jasper.servlet.JspServlet.serviceJspFile(JspServlet.java:380)
		at org.apache.jasper.servlet.JspServlet.service(JspServlet.java:328)
		at jakarta.servlet.http.HttpServlet.service(HttpServlet.java:658)
		at org.apache.catalina.core.ApplicationFilterChain.internalDoFilter(ApplicationFilterChain.java:205)
		at org.apache.catalina.core.ApplicationFilterChain.doFilter(ApplicationFilterChain.java:149)
		at org.apache.tomcat.websocket.server.WsFilter.doFilter(WsFilter.java:51)
		at org.apache.catalina.core.ApplicationFilterChain.internalDoFilter(ApplicationFilterChain.java:174)
		at org.apache.catalina.core.ApplicationFilterChain.doFilter(ApplicationFilterChain.java:149)
		at org.apache.catalina.core.ApplicationDispatcher.invoke(ApplicationDispatcher.java:642)
		at org.apache.catalina.core.ApplicationDispatcher.processRequest(ApplicationDispatcher.java:408)
		at org.apache.catalina.core.ApplicationDispatcher.doForward(ApplicationDispatcher.java:340)
		at org.apache.catalina.core.ApplicationDispatcher.forward(ApplicationDispatcher.java:277)
		at ym.jsp.board.Rq.jsp(Rq.java:125)
		... 27 more
30-Nov-2023 20:37:49.140 심각 [http-nio-8080-exec-4] org.apache.catalina.core.ApplicationDispatcher.invoke 서블릿 [jsp]을(를) 위한 Servlet.service() 호출이 예외를 발생시켰습니다.
	org.apache.jasper.JasperException: JSP를 위한 클래스를 컴파일할 수 없습니다.: 

코드 생성된 자바 파일 [E:\work\jsp_projects\JSP_Board\work\Catalina\localhost\ROOT\org\apache\jsp\WEB_002dINF\article\modify_jsp.java]의 [14] 행에서 오류가 발생했습니다.
Only a type can be imported. sbs.jsp.board.dto.Article resolves to a package

JSP 파일 [/WEB-INF/article/modify.jsp]의 [7] 행에서 오류가 발생했습니다.
Article cannot be resolved to a type
4: <%@ page import="java.util.Map" %>
5: 
6: <%
7:   Article article = (Article) request.getAttribute("article");
8: %>
9: 
10: <%@ include file="../part/head.jspf"%>


JSP 파일 [/WEB-INF/article/modify.jsp]의 [7] 행에서 오류가 발생했습니다.
Article cannot be resolved to a type
4: <%@ page import="java.util.Map" %>
5: 
6: <%
7:   Article article = (Article) request.getAttribute("article");
8: %>
9: 
10: <%@ include file="../part/head.jspf"%>


Stacktrace:
		at org.apache.jasper.compiler.DefaultErrorHandler.javacError(DefaultErrorHandler.java:102)
		at org.apache.jasper.compiler.ErrorDispatcher.javacError(ErrorDispatcher.java:214)
		at org.apache.jasper.compiler.JDTCompiler.generateClass(JDTCompiler.java:513)
		at org.apache.jasper.compiler.Compiler.compile(Compiler.java:402)
		at org.apache.jasper.compiler.Compiler.compile(Compiler.java:372)
		at org.apache.jasper.compiler.Compiler.compile(Compiler.java:356)
		at org.apache.jasper.JspCompilationContext.compile(JspCompilationContext.java:603)
		at org.apache.jasper.servlet.JspServletWrapper.service(JspServletWrapper.java:396)
		at org.apache.jasper.servlet.JspServlet.serviceJspFile(JspServlet.java:380)
		at org.apache.jasper.servlet.JspServlet.service(JspServlet.java:328)
		at jakarta.servlet.http.HttpServlet.service(HttpServlet.java:658)
		at org.apache.catalina.core.ApplicationFilterChain.internalDoFilter(ApplicationFilterChain.java:205)
		at org.apache.catalina.core.ApplicationFilterChain.doFilter(ApplicationFilterChain.java:149)
		at org.apache.tomcat.websocket.server.WsFilter.doFilter(WsFilter.java:51)
		at org.apache.catalina.core.ApplicationFilterChain.internalDoFilter(ApplicationFilterChain.java:174)
		at org.apache.catalina.core.ApplicationFilterChain.doFilter(ApplicationFilterChain.java:149)
		at org.apache.catalina.core.ApplicationDispatcher.invoke(ApplicationDispatcher.java:642)
		at org.apache.catalina.core.ApplicationDispatcher.processRequest(ApplicationDispatcher.java:408)
		at org.apache.catalina.core.ApplicationDispatcher.doForward(ApplicationDispatcher.java:340)
		at org.apache.catalina.core.ApplicationDispatcher.forward(ApplicationDispatcher.java:277)
		at ym.jsp.board.Rq.jsp(Rq.java:125)
		at ym.jsp.board.controller.UsrArticleController.showModify(UsrArticleController.java:158)
		at ym.jsp.board.controller.UsrArticleController.performAction(UsrArticleController.java:29)
		at ym.jsp.board.servlet.DispatcherServlet.doGet(DispatcherServlet.java:55)
		at jakarta.servlet.http.HttpServlet.service(HttpServlet.java:564)
		at jakarta.servlet.http.HttpServlet.service(HttpServlet.java:658)
		at org.apache.catalina.core.ApplicationFilterChain.internalDoFilter(ApplicationFilterChain.java:205)
		at org.apache.catalina.core.ApplicationFilterChain.doFilter(ApplicationFilterChain.java:149)
		at org.apache.tomcat.websocket.server.WsFilter.doFilter(WsFilter.java:51)
		at org.apache.catalina.core.ApplicationFilterChain.internalDoFilter(ApplicationFilterChain.java:174)
		at org.apache.catalina.core.ApplicationFilterChain.doFilter(ApplicationFilterChain.java:149)
		at org.apache.catalina.core.StandardWrapperValve.invoke(StandardWrapperValve.java:167)
		at org.apache.catalina.core.StandardContextValve.invoke(StandardContextValve.java:90)
		at org.apache.catalina.authenticator.AuthenticatorBase.invoke(AuthenticatorBase.java:482)
		at org.apache.catalina.core.StandardHostValve.invoke(StandardHostValve.java:115)
		at org.apache.catalina.valves.ErrorReportValve.invoke(ErrorReportValve.java:93)
		at org.apache.catalina.valves.AbstractAccessLogValve.invoke(AbstractAccessLogValve.java:673)
		at org.apache.catalina.core.StandardEngineValve.invoke(StandardEngineValve.java:74)
		at org.apache.catalina.connector.CoyoteAdapter.service(CoyoteAdapter.java:340)
		at org.apache.coyote.http11.Http11Processor.service(Http11Processor.java:391)
		at org.apache.coyote.AbstractProcessorLight.process(AbstractProcessorLight.java:63)
		at org.apache.coyote.AbstractProtocol$ConnectionHandler.process(AbstractProtocol.java:896)
		at org.apache.tomcat.util.net.NioEndpoint$SocketProcessor.doRun(NioEndpoint.java:1744)
		at org.apache.tomcat.util.net.SocketProcessorBase.run(SocketProcessorBase.java:52)
		at org.apache.tomcat.util.threads.ThreadPoolExecutor.runWorker(ThreadPoolExecutor.java:1191)
		at org.apache.tomcat.util.threads.ThreadPoolExecutor$Worker.run(ThreadPoolExecutor.java:659)
		at org.apache.tomcat.util.threads.TaskThread$WrappingRunnable.run(TaskThread.java:61)
		at java.base/java.lang.Thread.run(Thread.java:833)
30-Nov-2023 20:37:49.140 심각 [http-nio-8080-exec-4] org.apache.catalina.core.StandardWrapperValve.invoke 경로가 []인 컨텍스트의 서블릿 [ym.jsp.board.servlet.DispatcherServlet]을(를) 위한 Servlet.service() 호출이 예외를 발생시켰습니다.
	java.lang.RuntimeException: org.apache.jasper.JasperException: JSP를 위한 클래스를 컴파일할 수 없습니다.: 

코드 생성된 자바 파일 [E:\work\jsp_projects\JSP_Board\work\Catalina\localhost\ROOT\org\apache\jsp\WEB_002dINF\article\modify_jsp.java]의 [14] 행에서 오류가 발생했습니다.
Only a type can be imported. sbs.jsp.board.dto.Article resolves to a package

JSP 파일 [/WEB-INF/article/modify.jsp]의 [7] 행에서 오류가 발생했습니다.
Article cannot be resolved to a type
4: <%@ page import="java.util.Map" %>
5: 
6: <%
7:   Article article = (Article) request.getAttribute("article");
8: %>
9: 
10: <%@ include file="../part/head.jspf"%>


JSP 파일 [/WEB-INF/article/modify.jsp]의 [7] 행에서 오류가 발생했습니다.
Article cannot be resolved to a type
4: <%@ page import="java.util.Map" %>
5: 
6: <%
7:   Article article = (Article) request.getAttribute("article");
8: %>
9: 
10: <%@ include file="../part/head.jspf"%>


Stacktrace:
		at ym.jsp.board.Rq.jsp(Rq.java:127)
		at ym.jsp.board.controller.UsrArticleController.showModify(UsrArticleController.java:158)
		at ym.jsp.board.controller.UsrArticleController.performAction(UsrArticleController.java:29)
		at ym.jsp.board.servlet.DispatcherServlet.doGet(DispatcherServlet.java:55)
		at jakarta.servlet.http.HttpServlet.service(HttpServlet.java:564)
		at jakarta.servlet.http.HttpServlet.service(HttpServlet.java:658)
		at org.apache.catalina.core.ApplicationFilterChain.internalDoFilter(ApplicationFilterChain.java:205)
		at org.apache.catalina.core.ApplicationFilterChain.doFilter(ApplicationFilterChain.java:149)
		at org.apache.tomcat.websocket.server.WsFilter.doFilter(WsFilter.java:51)
		at org.apache.catalina.core.ApplicationFilterChain.internalDoFilter(ApplicationFilterChain.java:174)
		at org.apache.catalina.core.ApplicationFilterChain.doFilter(ApplicationFilterChain.java:149)
		at org.apache.catalina.core.StandardWrapperValve.invoke(StandardWrapperValve.java:167)
		at org.apache.catalina.core.StandardContextValve.invoke(StandardContextValve.java:90)
		at org.apache.catalina.authenticator.AuthenticatorBase.invoke(AuthenticatorBase.java:482)
		at org.apache.catalina.core.StandardHostValve.invoke(StandardHostValve.java:115)
		at org.apache.catalina.valves.ErrorReportValve.invoke(ErrorReportValve.java:93)
		at org.apache.catalina.valves.AbstractAccessLogValve.invoke(AbstractAccessLogValve.java:673)
		at org.apache.catalina.core.StandardEngineValve.invoke(StandardEngineValve.java:74)
		at org.apache.catalina.connector.CoyoteAdapter.service(CoyoteAdapter.java:340)
		at org.apache.coyote.http11.Http11Processor.service(Http11Processor.java:391)
		at org.apache.coyote.AbstractProcessorLight.process(AbstractProcessorLight.java:63)
		at org.apache.coyote.AbstractProtocol$ConnectionHandler.process(AbstractProtocol.java:896)
		at org.apache.tomcat.util.net.NioEndpoint$SocketProcessor.doRun(NioEndpoint.java:1744)
		at org.apache.tomcat.util.net.SocketProcessorBase.run(SocketProcessorBase.java:52)
		at org.apache.tomcat.util.threads.ThreadPoolExecutor.runWorker(ThreadPoolExecutor.java:1191)
		at org.apache.tomcat.util.threads.ThreadPoolExecutor$Worker.run(ThreadPoolExecutor.java:659)
		at org.apache.tomcat.util.threads.TaskThread$WrappingRunnable.run(TaskThread.java:61)
		at java.base/java.lang.Thread.run(Thread.java:833)
	Caused by: org.apache.jasper.JasperException: JSP를 위한 클래스를 컴파일할 수 없습니다.: 

코드 생성된 자바 파일 [E:\work\jsp_projects\JSP_Board\work\Catalina\localhost\ROOT\org\apache\jsp\WEB_002dINF\article\modify_jsp.java]의 [14] 행에서 오류가 발생했습니다.
Only a type can be imported. sbs.jsp.board.dto.Article resolves to a package

JSP 파일 [/WEB-INF/article/modify.jsp]의 [7] 행에서 오류가 발생했습니다.
Article cannot be resolved to a type
4: <%@ page import="java.util.Map" %>
5: 
6: <%
7:   Article article = (Article) request.getAttribute("article");
8: %>
9: 
10: <%@ include file="../part/head.jspf"%>


JSP 파일 [/WEB-INF/article/modify.jsp]의 [7] 행에서 오류가 발생했습니다.
Article cannot be resolved to a type
4: <%@ page import="java.util.Map" %>
5: 
6: <%
7:   Article article = (Article) request.getAttribute("article");
8: %>
9: 
10: <%@ include file="../part/head.jspf"%>


Stacktrace:
		at org.apache.jasper.compiler.DefaultErrorHandler.javacError(DefaultErrorHandler.java:102)
		at org.apache.jasper.compiler.ErrorDispatcher.javacError(ErrorDispatcher.java:214)
		at org.apache.jasper.compiler.JDTCompiler.generateClass(JDTCompiler.java:513)
		at org.apache.jasper.compiler.Compiler.compile(Compiler.java:402)
		at org.apache.jasper.compiler.Compiler.compile(Compiler.java:372)
		at org.apache.jasper.compiler.Compiler.compile(Compiler.java:356)
		at org.apache.jasper.JspCompilationContext.compile(JspCompilationContext.java:603)
		at org.apache.jasper.servlet.JspServletWrapper.service(JspServletWrapper.java:396)
		at org.apache.jasper.servlet.JspServlet.serviceJspFile(JspServlet.java:380)
		at org.apache.jasper.servlet.JspServlet.service(JspServlet.java:328)
		at jakarta.servlet.http.HttpServlet.service(HttpServlet.java:658)
		at org.apache.catalina.core.ApplicationFilterChain.internalDoFilter(ApplicationFilterChain.java:205)
		at org.apache.catalina.core.ApplicationFilterChain.doFilter(ApplicationFilterChain.java:149)
		at org.apache.tomcat.websocket.server.WsFilter.doFilter(WsFilter.java:51)
		at org.apache.catalina.core.ApplicationFilterChain.internalDoFilter(ApplicationFilterChain.java:174)
		at org.apache.catalina.core.ApplicationFilterChain.doFilter(ApplicationFilterChain.java:149)
		at org.apache.catalina.core.ApplicationDispatcher.invoke(ApplicationDispatcher.java:642)
		at org.apache.catalina.core.ApplicationDispatcher.processRequest(ApplicationDispatcher.java:408)
		at org.apache.catalina.core.ApplicationDispatcher.doForward(ApplicationDispatcher.java:340)
		at org.apache.catalina.core.ApplicationDispatcher.forward(ApplicationDispatcher.java:277)
		at ym.jsp.board.Rq.jsp(Rq.java:125)
		... 27 more
30-Nov-2023 21:59:33.334 심각 [http-nio-8080-exec-9] org.apache.catalina.core.StandardWrapperValve.invoke 경로가 []인 컨텍스트의 서블릿 [ym.jsp.board.servlet.UsrMemberDoJoinServlet]을(를) 위한 Servlet.service() 호출이 예외를 발생시켰습니다.
	java.sql.SQLIntegrityConstraintViolationException: Duplicate entry 'user1' for key 'loginId'
		at com.mysql.cj.jdbc.exceptions.SQLError.createSQLException(SQLError.java:117)
		at com.mysql.cj.jdbc.exceptions.SQLError.createSQLException(SQLError.java:97)
		at com.mysql.cj.jdbc.exceptions.SQLExceptionsMapping.translateException(SQLExceptionsMapping.java:122)
		at com.mysql.cj.jdbc.ClientPreparedStatement.executeInternal(ClientPreparedStatement.java:953)
		at com.mysql.cj.jdbc.ClientPreparedStatement.executeUpdateInternal(ClientPreparedStatement.java:1092)
		at com.mysql.cj.jdbc.ClientPreparedStatement.executeUpdateInternal(ClientPreparedStatement.java:1040)
		at com.mysql.cj.jdbc.ClientPreparedStatement.executeLargeUpdate(ClientPreparedStatement.java:1347)
		at com.mysql.cj.jdbc.ClientPreparedStatement.executeUpdate(ClientPreparedStatement.java:1025)
		at ym.jsp.board.util.MysqlUtil.insert(MysqlUtil.java:191)
		at ym.jsp.board.servlet.UsrMemberDoJoinServlet.doGet(UsrMemberDoJoinServlet.java:69)
		at ym.jsp.board.servlet.UsrMemberDoJoinServlet.doPost(UsrMemberDoJoinServlet.java:80)
		at jakarta.servlet.http.HttpServlet.service(HttpServlet.java:590)
		at jakarta.servlet.http.HttpServlet.service(HttpServlet.java:658)
		at org.apache.catalina.core.ApplicationFilterChain.internalDoFilter(ApplicationFilterChain.java:205)
		at org.apache.catalina.core.ApplicationFilterChain.doFilter(ApplicationFilterChain.java:149)
		at org.apache.tomcat.websocket.server.WsFilter.doFilter(WsFilter.java:51)
		at org.apache.catalina.core.ApplicationFilterChain.internalDoFilter(ApplicationFilterChain.java:174)
		at org.apache.catalina.core.ApplicationFilterChain.doFilter(ApplicationFilterChain.java:149)
		at org.apache.catalina.core.StandardWrapperValve.invoke(StandardWrapperValve.java:167)
		at org.apache.catalina.core.StandardContextValve.invoke(StandardContextValve.java:90)
		at org.apache.catalina.authenticator.AuthenticatorBase.invoke(AuthenticatorBase.java:482)
		at org.apache.catalina.core.StandardHostValve.invoke(StandardHostValve.java:115)
		at org.apache.catalina.valves.ErrorReportValve.invoke(ErrorReportValve.java:93)
		at org.apache.catalina.valves.AbstractAccessLogValve.invoke(AbstractAccessLogValve.java:673)
		at org.apache.catalina.core.StandardEngineValve.invoke(StandardEngineValve.java:74)
		at org.apache.catalina.connector.CoyoteAdapter.service(CoyoteAdapter.java:340)
		at org.apache.coyote.http11.Http11Processor.service(Http11Processor.java:391)
		at org.apache.coyote.AbstractProcessorLight.process(AbstractProcessorLight.java:63)
		at org.apache.coyote.AbstractProtocol$ConnectionHandler.process(AbstractProtocol.java:896)
		at org.apache.tomcat.util.net.NioEndpoint$SocketProcessor.doRun(NioEndpoint.java:1744)
		at org.apache.tomcat.util.net.SocketProcessorBase.run(SocketProcessorBase.java:52)
		at org.apache.tomcat.util.threads.ThreadPoolExecutor.runWorker(ThreadPoolExecutor.java:1191)
		at org.apache.tomcat.util.threads.ThreadPoolExecutor$Worker.run(ThreadPoolExecutor.java:659)
		at org.apache.tomcat.util.threads.TaskThread$WrappingRunnable.run(TaskThread.java:61)
		at java.base/java.lang.Thread.run(Thread.java:833)
