17-Nov-2023 22:06:03.959 심각 [http-nio-8080-exec-1] org.apache.catalina.core.ApplicationDispatcher.invoke 서블릿 [jsp]을(를) 위한 Servlet.service() 호출이 예외를 발생시켰습니다.
	org.apache.jasper.JasperException: JSP를 위한 클래스를 컴파일할 수 없습니다.: 

JSP 파일 [/WEB-INF/article/list.jsp]의 [76] 행에서 오류가 발생했습니다.
totalpage cannot be resolved to a variable
73:     </div>
74: 
75:     <div class="page" style="display:flex; justify-content: center; gap: 0 10px;">
76:       <% for(int i = 1; i <= totalpage; i++) { %>
77:         <a class="<%= cPage == i ? "red" : "" %>" href="list?page=<%=i%>"><%=i%></a>
78:       <% } %>
79:     </div>


Stacktrace:
		at org.apache.jasper.compiler.DefaultErrorHandler.javacError(DefaultErrorHandler.java:102)
		at org.apache.jasper.compiler.ErrorDispatcher.javacError(ErrorDispatcher.java:214)
		at org.apache.jasper.compiler.JDTCompiler.generateClass(JDTCompiler.java:513)
		at org.apache.jasper.compiler.Compiler.compile(Compiler.java:402)
		at org.apache.jasper.compiler.Compiler.compile(Compiler.java:372)
		at org.apache.jasper.compiler.Compiler.compile(Compiler.java:356)
		at org.apache.jasper.JspCompilationContext.compile(JspCompilationContext.java:603)
		at org.apache.jasper.servlet.JspServletWrapper.service(JspServletWrapper.java:396)
		at org.apache.jasper.servlet.JspServlet.serviceJspFile(JspServlet.java:380)
		at org.apache.jasper.servlet.JspServlet.service(JspServlet.java:328)
		at jakarta.servlet.http.HttpServlet.service(HttpServlet.java:658)
		at org.apache.catalina.core.ApplicationFilterChain.internalDoFilter(ApplicationFilterChain.java:205)
		at org.apache.catalina.core.ApplicationFilterChain.doFilter(ApplicationFilterChain.java:149)
		at org.apache.tomcat.websocket.server.WsFilter.doFilter(WsFilter.java:51)
		at org.apache.catalina.core.ApplicationFilterChain.internalDoFilter(ApplicationFilterChain.java:174)
		at org.apache.catalina.core.ApplicationFilterChain.doFilter(ApplicationFilterChain.java:149)
		at org.apache.catalina.core.ApplicationDispatcher.invoke(ApplicationDispatcher.java:642)
		at org.apache.catalina.core.ApplicationDispatcher.processRequest(ApplicationDispatcher.java:408)
		at org.apache.catalina.core.ApplicationDispatcher.doForward(ApplicationDispatcher.java:340)
		at org.apache.catalina.core.ApplicationDispatcher.forward(ApplicationDispatcher.java:277)
		at ym.jsp.board.Rq.jsp(Rq.java:71)
		at ym.jsp.board.servlet.UsrArticleListServlet.doGet(UsrArticleListServlet.java:49)
		at jakarta.servlet.http.HttpServlet.service(HttpServlet.java:564)
		at jakarta.servlet.http.HttpServlet.service(HttpServlet.java:658)
		at org.apache.catalina.core.ApplicationFilterChain.internalDoFilter(ApplicationFilterChain.java:205)
		at org.apache.catalina.core.ApplicationFilterChain.doFilter(ApplicationFilterChain.java:149)
		at org.apache.tomcat.websocket.server.WsFilter.doFilter(WsFilter.java:51)
		at org.apache.catalina.core.ApplicationFilterChain.internalDoFilter(ApplicationFilterChain.java:174)
		at org.apache.catalina.core.ApplicationFilterChain.doFilter(ApplicationFilterChain.java:149)
		at org.apache.catalina.core.StandardWrapperValve.invoke(StandardWrapperValve.java:167)
		at org.apache.catalina.core.StandardContextValve.invoke(StandardContextValve.java:90)
		at org.apache.catalina.authenticator.AuthenticatorBase.invoke(AuthenticatorBase.java:482)
		at org.apache.catalina.core.StandardHostValve.invoke(StandardHostValve.java:115)
		at org.apache.catalina.valves.ErrorReportValve.invoke(ErrorReportValve.java:93)
		at org.apache.catalina.valves.AbstractAccessLogValve.invoke(AbstractAccessLogValve.java:673)
		at org.apache.catalina.core.StandardEngineValve.invoke(StandardEngineValve.java:74)
		at org.apache.catalina.connector.CoyoteAdapter.service(CoyoteAdapter.java:340)
		at org.apache.coyote.http11.Http11Processor.service(Http11Processor.java:391)
		at org.apache.coyote.AbstractProcessorLight.process(AbstractProcessorLight.java:63)
		at org.apache.coyote.AbstractProtocol$ConnectionHandler.process(AbstractProtocol.java:896)
		at org.apache.tomcat.util.net.NioEndpoint$SocketProcessor.doRun(NioEndpoint.java:1744)
		at org.apache.tomcat.util.net.SocketProcessorBase.run(SocketProcessorBase.java:52)
		at org.apache.tomcat.util.threads.ThreadPoolExecutor.runWorker(ThreadPoolExecutor.java:1191)
		at org.apache.tomcat.util.threads.ThreadPoolExecutor$Worker.run(ThreadPoolExecutor.java:659)
		at org.apache.tomcat.util.threads.TaskThread$WrappingRunnable.run(TaskThread.java:61)
		at java.base/java.lang.Thread.run(Thread.java:833)
17-Nov-2023 22:06:03.959 심각 [http-nio-8080-exec-1] org.apache.catalina.core.StandardWrapperValve.invoke 경로가 []인 컨텍스트의 서블릿 [ym.jsp.board.servlet.UsrArticleListServlet]을(를) 위한 Servlet.service() 호출이 예외를 발생시켰습니다.
	java.lang.RuntimeException: org.apache.jasper.JasperException: JSP를 위한 클래스를 컴파일할 수 없습니다.: 

JSP 파일 [/WEB-INF/article/list.jsp]의 [76] 행에서 오류가 발생했습니다.
totalpage cannot be resolved to a variable
73:     </div>
74: 
75:     <div class="page" style="display:flex; justify-content: center; gap: 0 10px;">
76:       <% for(int i = 1; i <= totalpage; i++) { %>
77:         <a class="<%= cPage == i ? "red" : "" %>" href="list?page=<%=i%>"><%=i%></a>
78:       <% } %>
79:     </div>


Stacktrace:
		at ym.jsp.board.Rq.jsp(Rq.java:73)
		at ym.jsp.board.servlet.UsrArticleListServlet.doGet(UsrArticleListServlet.java:49)
		at jakarta.servlet.http.HttpServlet.service(HttpServlet.java:564)
		at jakarta.servlet.http.HttpServlet.service(HttpServlet.java:658)
		at org.apache.catalina.core.ApplicationFilterChain.internalDoFilter(ApplicationFilterChain.java:205)
		at org.apache.catalina.core.ApplicationFilterChain.doFilter(ApplicationFilterChain.java:149)
		at org.apache.tomcat.websocket.server.WsFilter.doFilter(WsFilter.java:51)
		at org.apache.catalina.core.ApplicationFilterChain.internalDoFilter(ApplicationFilterChain.java:174)
		at org.apache.catalina.core.ApplicationFilterChain.doFilter(ApplicationFilterChain.java:149)
		at org.apache.catalina.core.StandardWrapperValve.invoke(StandardWrapperValve.java:167)
		at org.apache.catalina.core.StandardContextValve.invoke(StandardContextValve.java:90)
		at org.apache.catalina.authenticator.AuthenticatorBase.invoke(AuthenticatorBase.java:482)
		at org.apache.catalina.core.StandardHostValve.invoke(StandardHostValve.java:115)
		at org.apache.catalina.valves.ErrorReportValve.invoke(ErrorReportValve.java:93)
		at org.apache.catalina.valves.AbstractAccessLogValve.invoke(AbstractAccessLogValve.java:673)
		at org.apache.catalina.core.StandardEngineValve.invoke(StandardEngineValve.java:74)
		at org.apache.catalina.connector.CoyoteAdapter.service(CoyoteAdapter.java:340)
		at org.apache.coyote.http11.Http11Processor.service(Http11Processor.java:391)
		at org.apache.coyote.AbstractProcessorLight.process(AbstractProcessorLight.java:63)
		at org.apache.coyote.AbstractProtocol$ConnectionHandler.process(AbstractProtocol.java:896)
		at org.apache.tomcat.util.net.NioEndpoint$SocketProcessor.doRun(NioEndpoint.java:1744)
		at org.apache.tomcat.util.net.SocketProcessorBase.run(SocketProcessorBase.java:52)
		at org.apache.tomcat.util.threads.ThreadPoolExecutor.runWorker(ThreadPoolExecutor.java:1191)
		at org.apache.tomcat.util.threads.ThreadPoolExecutor$Worker.run(ThreadPoolExecutor.java:659)
		at org.apache.tomcat.util.threads.TaskThread$WrappingRunnable.run(TaskThread.java:61)
		at java.base/java.lang.Thread.run(Thread.java:833)
	Caused by: org.apache.jasper.JasperException: JSP를 위한 클래스를 컴파일할 수 없습니다.: 

JSP 파일 [/WEB-INF/article/list.jsp]의 [76] 행에서 오류가 발생했습니다.
totalpage cannot be resolved to a variable
73:     </div>
74: 
75:     <div class="page" style="display:flex; justify-content: center; gap: 0 10px;">
76:       <% for(int i = 1; i <= totalpage; i++) { %>
77:         <a class="<%= cPage == i ? "red" : "" %>" href="list?page=<%=i%>"><%=i%></a>
78:       <% } %>
79:     </div>


Stacktrace:
		at org.apache.jasper.compiler.DefaultErrorHandler.javacError(DefaultErrorHandler.java:102)
		at org.apache.jasper.compiler.ErrorDispatcher.javacError(ErrorDispatcher.java:214)
		at org.apache.jasper.compiler.JDTCompiler.generateClass(JDTCompiler.java:513)
		at org.apache.jasper.compiler.Compiler.compile(Compiler.java:402)
		at org.apache.jasper.compiler.Compiler.compile(Compiler.java:372)
		at org.apache.jasper.compiler.Compiler.compile(Compiler.java:356)
		at org.apache.jasper.JspCompilationContext.compile(JspCompilationContext.java:603)
		at org.apache.jasper.servlet.JspServletWrapper.service(JspServletWrapper.java:396)
		at org.apache.jasper.servlet.JspServlet.serviceJspFile(JspServlet.java:380)
		at org.apache.jasper.servlet.JspServlet.service(JspServlet.java:328)
		at jakarta.servlet.http.HttpServlet.service(HttpServlet.java:658)
		at org.apache.catalina.core.ApplicationFilterChain.internalDoFilter(ApplicationFilterChain.java:205)
		at org.apache.catalina.core.ApplicationFilterChain.doFilter(ApplicationFilterChain.java:149)
		at org.apache.tomcat.websocket.server.WsFilter.doFilter(WsFilter.java:51)
		at org.apache.catalina.core.ApplicationFilterChain.internalDoFilter(ApplicationFilterChain.java:174)
		at org.apache.catalina.core.ApplicationFilterChain.doFilter(ApplicationFilterChain.java:149)
		at org.apache.catalina.core.ApplicationDispatcher.invoke(ApplicationDispatcher.java:642)
		at org.apache.catalina.core.ApplicationDispatcher.processRequest(ApplicationDispatcher.java:408)
		at org.apache.catalina.core.ApplicationDispatcher.doForward(ApplicationDispatcher.java:340)
		at org.apache.catalina.core.ApplicationDispatcher.forward(ApplicationDispatcher.java:277)
		at ym.jsp.board.Rq.jsp(Rq.java:71)
		... 25 more
17-Nov-2023 22:06:03.974 심각 [http-nio-8080-exec-2] org.apache.catalina.core.ApplicationDispatcher.invoke 서블릿 [jsp]을(를) 위한 Servlet.service() 호출이 예외를 발생시켰습니다.
	java.lang.ClassNotFoundException: org.apache.jsp.WEB_002dINF.article.list_jsp
		at java.base/java.net.URLClassLoader.findClass(URLClassLoader.java:445)
		at org.apache.jasper.servlet.JasperLoader.loadClass(JasperLoader.java:129)
		at org.apache.jasper.servlet.JasperLoader.loadClass(JasperLoader.java:58)
		at org.apache.catalina.core.DefaultInstanceManager.newInstance(DefaultInstanceManager.java:151)
		at org.apache.jasper.servlet.JspServletWrapper.getServlet(JspServletWrapper.java:189)
		at org.apache.jasper.servlet.JspServletWrapper.service(JspServletWrapper.java:410)
		at org.apache.jasper.servlet.JspServlet.serviceJspFile(JspServlet.java:380)
		at org.apache.jasper.servlet.JspServlet.service(JspServlet.java:328)
		at jakarta.servlet.http.HttpServlet.service(HttpServlet.java:658)
		at org.apache.catalina.core.ApplicationFilterChain.internalDoFilter(ApplicationFilterChain.java:205)
		at org.apache.catalina.core.ApplicationFilterChain.doFilter(ApplicationFilterChain.java:149)
		at org.apache.tomcat.websocket.server.WsFilter.doFilter(WsFilter.java:51)
		at org.apache.catalina.core.ApplicationFilterChain.internalDoFilter(ApplicationFilterChain.java:174)
		at org.apache.catalina.core.ApplicationFilterChain.doFilter(ApplicationFilterChain.java:149)
		at org.apache.catalina.core.ApplicationDispatcher.invoke(ApplicationDispatcher.java:642)
		at org.apache.catalina.core.ApplicationDispatcher.processRequest(ApplicationDispatcher.java:408)
		at org.apache.catalina.core.ApplicationDispatcher.doForward(ApplicationDispatcher.java:340)
		at org.apache.catalina.core.ApplicationDispatcher.forward(ApplicationDispatcher.java:277)
		at ym.jsp.board.Rq.jsp(Rq.java:71)
		at ym.jsp.board.servlet.UsrArticleListServlet.doGet(UsrArticleListServlet.java:49)
		at jakarta.servlet.http.HttpServlet.service(HttpServlet.java:564)
		at jakarta.servlet.http.HttpServlet.service(HttpServlet.java:658)
		at org.apache.catalina.core.ApplicationFilterChain.internalDoFilter(ApplicationFilterChain.java:205)
		at org.apache.catalina.core.ApplicationFilterChain.doFilter(ApplicationFilterChain.java:149)
		at org.apache.tomcat.websocket.server.WsFilter.doFilter(WsFilter.java:51)
		at org.apache.catalina.core.ApplicationFilterChain.internalDoFilter(ApplicationFilterChain.java:174)
		at org.apache.catalina.core.ApplicationFilterChain.doFilter(ApplicationFilterChain.java:149)
		at org.apache.catalina.core.StandardWrapperValve.invoke(StandardWrapperValve.java:167)
		at org.apache.catalina.core.StandardContextValve.invoke(StandardContextValve.java:90)
		at org.apache.catalina.authenticator.AuthenticatorBase.invoke(AuthenticatorBase.java:482)
		at org.apache.catalina.core.StandardHostValve.invoke(StandardHostValve.java:115)
		at org.apache.catalina.valves.ErrorReportValve.invoke(ErrorReportValve.java:93)
		at org.apache.catalina.valves.AbstractAccessLogValve.invoke(AbstractAccessLogValve.java:673)
		at org.apache.catalina.core.StandardEngineValve.invoke(StandardEngineValve.java:74)
		at org.apache.catalina.connector.CoyoteAdapter.service(CoyoteAdapter.java:340)
		at org.apache.coyote.http11.Http11Processor.service(Http11Processor.java:391)
		at org.apache.coyote.AbstractProcessorLight.process(AbstractProcessorLight.java:63)
		at org.apache.coyote.AbstractProtocol$ConnectionHandler.process(AbstractProtocol.java:896)
		at org.apache.tomcat.util.net.NioEndpoint$SocketProcessor.doRun(NioEndpoint.java:1744)
		at org.apache.tomcat.util.net.SocketProcessorBase.run(SocketProcessorBase.java:52)
		at org.apache.tomcat.util.threads.ThreadPoolExecutor.runWorker(ThreadPoolExecutor.java:1191)
		at org.apache.tomcat.util.threads.ThreadPoolExecutor$Worker.run(ThreadPoolExecutor.java:659)
		at org.apache.tomcat.util.threads.TaskThread$WrappingRunnable.run(TaskThread.java:61)
		at java.base/java.lang.Thread.run(Thread.java:833)
17-Nov-2023 22:06:03.975 심각 [http-nio-8080-exec-2] org.apache.catalina.core.StandardWrapperValve.invoke 경로가 []인 컨텍스트의 서블릿 [ym.jsp.board.servlet.UsrArticleListServlet]을(를) 위한 Servlet.service() 호출이 예외를 발생시켰습니다.
	java.lang.RuntimeException: org.apache.jasper.JasperException: org.apache.jasper.JasperException: java.lang.ClassNotFoundException: org.apache.jsp.WEB_002dINF.article.list_jsp
		at ym.jsp.board.Rq.jsp(Rq.java:73)
		at ym.jsp.board.servlet.UsrArticleListServlet.doGet(UsrArticleListServlet.java:49)
		at jakarta.servlet.http.HttpServlet.service(HttpServlet.java:564)
		at jakarta.servlet.http.HttpServlet.service(HttpServlet.java:658)
		at org.apache.catalina.core.ApplicationFilterChain.internalDoFilter(ApplicationFilterChain.java:205)
		at org.apache.catalina.core.ApplicationFilterChain.doFilter(ApplicationFilterChain.java:149)
		at org.apache.tomcat.websocket.server.WsFilter.doFilter(WsFilter.java:51)
		at org.apache.catalina.core.ApplicationFilterChain.internalDoFilter(ApplicationFilterChain.java:174)
		at org.apache.catalina.core.ApplicationFilterChain.doFilter(ApplicationFilterChain.java:149)
		at org.apache.catalina.core.StandardWrapperValve.invoke(StandardWrapperValve.java:167)
		at org.apache.catalina.core.StandardContextValve.invoke(StandardContextValve.java:90)
		at org.apache.catalina.authenticator.AuthenticatorBase.invoke(AuthenticatorBase.java:482)
		at org.apache.catalina.core.StandardHostValve.invoke(StandardHostValve.java:115)
		at org.apache.catalina.valves.ErrorReportValve.invoke(ErrorReportValve.java:93)
		at org.apache.catalina.valves.AbstractAccessLogValve.invoke(AbstractAccessLogValve.java:673)
		at org.apache.catalina.core.StandardEngineValve.invoke(StandardEngineValve.java:74)
		at org.apache.catalina.connector.CoyoteAdapter.service(CoyoteAdapter.java:340)
		at org.apache.coyote.http11.Http11Processor.service(Http11Processor.java:391)
		at org.apache.coyote.AbstractProcessorLight.process(AbstractProcessorLight.java:63)
		at org.apache.coyote.AbstractProtocol$ConnectionHandler.process(AbstractProtocol.java:896)
		at org.apache.tomcat.util.net.NioEndpoint$SocketProcessor.doRun(NioEndpoint.java:1744)
		at org.apache.tomcat.util.net.SocketProcessorBase.run(SocketProcessorBase.java:52)
		at org.apache.tomcat.util.threads.ThreadPoolExecutor.runWorker(ThreadPoolExecutor.java:1191)
		at org.apache.tomcat.util.threads.ThreadPoolExecutor$Worker.run(ThreadPoolExecutor.java:659)
		at org.apache.tomcat.util.threads.TaskThread$WrappingRunnable.run(TaskThread.java:61)
		at java.base/java.lang.Thread.run(Thread.java:833)
	Caused by: org.apache.jasper.JasperException: org.apache.jasper.JasperException: java.lang.ClassNotFoundException: org.apache.jsp.WEB_002dINF.article.list_jsp
		at org.apache.jasper.servlet.JspServletWrapper.handleJspException(JspServletWrapper.java:578)
		at org.apache.jasper.servlet.JspServletWrapper.service(JspServletWrapper.java:422)
		at org.apache.jasper.servlet.JspServlet.serviceJspFile(JspServlet.java:380)
		at org.apache.jasper.servlet.JspServlet.service(JspServlet.java:328)
		at jakarta.servlet.http.HttpServlet.service(HttpServlet.java:658)
		at org.apache.catalina.core.ApplicationFilterChain.internalDoFilter(ApplicationFilterChain.java:205)
		at org.apache.catalina.core.ApplicationFilterChain.doFilter(ApplicationFilterChain.java:149)
		at org.apache.tomcat.websocket.server.WsFilter.doFilter(WsFilter.java:51)
		at org.apache.catalina.core.ApplicationFilterChain.internalDoFilter(ApplicationFilterChain.java:174)
		at org.apache.catalina.core.ApplicationFilterChain.doFilter(ApplicationFilterChain.java:149)
		at org.apache.catalina.core.ApplicationDispatcher.invoke(ApplicationDispatcher.java:642)
		at org.apache.catalina.core.ApplicationDispatcher.processRequest(ApplicationDispatcher.java:408)
		at org.apache.catalina.core.ApplicationDispatcher.doForward(ApplicationDispatcher.java:340)
		at org.apache.catalina.core.ApplicationDispatcher.forward(ApplicationDispatcher.java:277)
		at ym.jsp.board.Rq.jsp(Rq.java:71)
		... 25 more
	Caused by: org.apache.jasper.JasperException: java.lang.ClassNotFoundException: org.apache.jsp.WEB_002dINF.article.list_jsp
		at org.apache.jasper.servlet.JspServletWrapper.getServlet(JspServletWrapper.java:194)
		at org.apache.jasper.servlet.JspServletWrapper.service(JspServletWrapper.java:410)
		... 38 more
	Caused by: java.lang.ClassNotFoundException: org.apache.jsp.WEB_002dINF.article.list_jsp
		at java.base/java.net.URLClassLoader.findClass(URLClassLoader.java:445)
		at org.apache.jasper.servlet.JasperLoader.loadClass(JasperLoader.java:129)
		at org.apache.jasper.servlet.JasperLoader.loadClass(JasperLoader.java:58)
		at org.apache.catalina.core.DefaultInstanceManager.newInstance(DefaultInstanceManager.java:151)
		at org.apache.jasper.servlet.JspServletWrapper.getServlet(JspServletWrapper.java:189)
		... 39 more
17-Nov-2023 22:08:19.063 심각 [http-nio-8080-exec-1] org.apache.catalina.core.ApplicationDispatcher.invoke 서블릿 [jsp]을(를) 위한 Servlet.service() 호출이 예외를 발생시켰습니다.
	org.apache.jasper.JasperException: JSP를 위한 클래스를 컴파일할 수 없습니다.: 

JSP 파일 [/WEB-INF/article/list.jsp]의 [76] 행에서 오류가 발생했습니다.
totalpage cannot be resolved to a variable
73:     </div>
74: 
75:     <div class="page" style="display:flex; justify-content: center; gap: 0 10px;">
76:       <% for(int i = 1; i <= totalpage; i++) { %>
77:         <a class="<%= cPage == i ? "red" : "" %>" href="list?page=<%=i%>"><%=i%></a>
78:       <% } %>
79:     </div>


Stacktrace:
		at org.apache.jasper.compiler.DefaultErrorHandler.javacError(DefaultErrorHandler.java:102)
		at org.apache.jasper.compiler.ErrorDispatcher.javacError(ErrorDispatcher.java:214)
		at org.apache.jasper.compiler.JDTCompiler.generateClass(JDTCompiler.java:513)
		at org.apache.jasper.compiler.Compiler.compile(Compiler.java:402)
		at org.apache.jasper.compiler.Compiler.compile(Compiler.java:372)
		at org.apache.jasper.compiler.Compiler.compile(Compiler.java:356)
		at org.apache.jasper.JspCompilationContext.compile(JspCompilationContext.java:603)
		at org.apache.jasper.servlet.JspServletWrapper.service(JspServletWrapper.java:396)
		at org.apache.jasper.servlet.JspServlet.serviceJspFile(JspServlet.java:380)
		at org.apache.jasper.servlet.JspServlet.service(JspServlet.java:328)
		at jakarta.servlet.http.HttpServlet.service(HttpServlet.java:658)
		at org.apache.catalina.core.ApplicationFilterChain.internalDoFilter(ApplicationFilterChain.java:205)
		at org.apache.catalina.core.ApplicationFilterChain.doFilter(ApplicationFilterChain.java:149)
		at org.apache.tomcat.websocket.server.WsFilter.doFilter(WsFilter.java:51)
		at org.apache.catalina.core.ApplicationFilterChain.internalDoFilter(ApplicationFilterChain.java:174)
		at org.apache.catalina.core.ApplicationFilterChain.doFilter(ApplicationFilterChain.java:149)
		at org.apache.catalina.core.ApplicationDispatcher.invoke(ApplicationDispatcher.java:642)
		at org.apache.catalina.core.ApplicationDispatcher.processRequest(ApplicationDispatcher.java:408)
		at org.apache.catalina.core.ApplicationDispatcher.doForward(ApplicationDispatcher.java:340)
		at org.apache.catalina.core.ApplicationDispatcher.forward(ApplicationDispatcher.java:277)
		at ym.jsp.board.Rq.jsp(Rq.java:71)
		at ym.jsp.board.servlet.UsrArticleListServlet.doGet(UsrArticleListServlet.java:49)
		at jakarta.servlet.http.HttpServlet.service(HttpServlet.java:564)
		at jakarta.servlet.http.HttpServlet.service(HttpServlet.java:658)
		at org.apache.catalina.core.ApplicationFilterChain.internalDoFilter(ApplicationFilterChain.java:205)
		at org.apache.catalina.core.ApplicationFilterChain.doFilter(ApplicationFilterChain.java:149)
		at org.apache.tomcat.websocket.server.WsFilter.doFilter(WsFilter.java:51)
		at org.apache.catalina.core.ApplicationFilterChain.internalDoFilter(ApplicationFilterChain.java:174)
		at org.apache.catalina.core.ApplicationFilterChain.doFilter(ApplicationFilterChain.java:149)
		at org.apache.catalina.core.StandardWrapperValve.invoke(StandardWrapperValve.java:167)
		at org.apache.catalina.core.StandardContextValve.invoke(StandardContextValve.java:90)
		at org.apache.catalina.authenticator.AuthenticatorBase.invoke(AuthenticatorBase.java:482)
		at org.apache.catalina.core.StandardHostValve.invoke(StandardHostValve.java:115)
		at org.apache.catalina.valves.ErrorReportValve.invoke(ErrorReportValve.java:93)
		at org.apache.catalina.valves.AbstractAccessLogValve.invoke(AbstractAccessLogValve.java:673)
		at org.apache.catalina.core.StandardEngineValve.invoke(StandardEngineValve.java:74)
		at org.apache.catalina.connector.CoyoteAdapter.service(CoyoteAdapter.java:340)
		at org.apache.coyote.http11.Http11Processor.service(Http11Processor.java:391)
		at org.apache.coyote.AbstractProcessorLight.process(AbstractProcessorLight.java:63)
		at org.apache.coyote.AbstractProtocol$ConnectionHandler.process(AbstractProtocol.java:896)
		at org.apache.tomcat.util.net.NioEndpoint$SocketProcessor.doRun(NioEndpoint.java:1744)
		at org.apache.tomcat.util.net.SocketProcessorBase.run(SocketProcessorBase.java:52)
		at org.apache.tomcat.util.threads.ThreadPoolExecutor.runWorker(ThreadPoolExecutor.java:1191)
		at org.apache.tomcat.util.threads.ThreadPoolExecutor$Worker.run(ThreadPoolExecutor.java:659)
		at org.apache.tomcat.util.threads.TaskThread$WrappingRunnable.run(TaskThread.java:61)
		at java.base/java.lang.Thread.run(Thread.java:833)
17-Nov-2023 22:08:19.063 심각 [http-nio-8080-exec-1] org.apache.catalina.core.StandardWrapperValve.invoke 경로가 []인 컨텍스트의 서블릿 [ym.jsp.board.servlet.UsrArticleListServlet]을(를) 위한 Servlet.service() 호출이 예외를 발생시켰습니다.
	java.lang.RuntimeException: org.apache.jasper.JasperException: JSP를 위한 클래스를 컴파일할 수 없습니다.: 

JSP 파일 [/WEB-INF/article/list.jsp]의 [76] 행에서 오류가 발생했습니다.
totalpage cannot be resolved to a variable
73:     </div>
74: 
75:     <div class="page" style="display:flex; justify-content: center; gap: 0 10px;">
76:       <% for(int i = 1; i <= totalpage; i++) { %>
77:         <a class="<%= cPage == i ? "red" : "" %>" href="list?page=<%=i%>"><%=i%></a>
78:       <% } %>
79:     </div>


Stacktrace:
		at ym.jsp.board.Rq.jsp(Rq.java:73)
		at ym.jsp.board.servlet.UsrArticleListServlet.doGet(UsrArticleListServlet.java:49)
		at jakarta.servlet.http.HttpServlet.service(HttpServlet.java:564)
		at jakarta.servlet.http.HttpServlet.service(HttpServlet.java:658)
		at org.apache.catalina.core.ApplicationFilterChain.internalDoFilter(ApplicationFilterChain.java:205)
		at org.apache.catalina.core.ApplicationFilterChain.doFilter(ApplicationFilterChain.java:149)
		at org.apache.tomcat.websocket.server.WsFilter.doFilter(WsFilter.java:51)
		at org.apache.catalina.core.ApplicationFilterChain.internalDoFilter(ApplicationFilterChain.java:174)
		at org.apache.catalina.core.ApplicationFilterChain.doFilter(ApplicationFilterChain.java:149)
		at org.apache.catalina.core.StandardWrapperValve.invoke(StandardWrapperValve.java:167)
		at org.apache.catalina.core.StandardContextValve.invoke(StandardContextValve.java:90)
		at org.apache.catalina.authenticator.AuthenticatorBase.invoke(AuthenticatorBase.java:482)
		at org.apache.catalina.core.StandardHostValve.invoke(StandardHostValve.java:115)
		at org.apache.catalina.valves.ErrorReportValve.invoke(ErrorReportValve.java:93)
		at org.apache.catalina.valves.AbstractAccessLogValve.invoke(AbstractAccessLogValve.java:673)
		at org.apache.catalina.core.StandardEngineValve.invoke(StandardEngineValve.java:74)
		at org.apache.catalina.connector.CoyoteAdapter.service(CoyoteAdapter.java:340)
		at org.apache.coyote.http11.Http11Processor.service(Http11Processor.java:391)
		at org.apache.coyote.AbstractProcessorLight.process(AbstractProcessorLight.java:63)
		at org.apache.coyote.AbstractProtocol$ConnectionHandler.process(AbstractProtocol.java:896)
		at org.apache.tomcat.util.net.NioEndpoint$SocketProcessor.doRun(NioEndpoint.java:1744)
		at org.apache.tomcat.util.net.SocketProcessorBase.run(SocketProcessorBase.java:52)
		at org.apache.tomcat.util.threads.ThreadPoolExecutor.runWorker(ThreadPoolExecutor.java:1191)
		at org.apache.tomcat.util.threads.ThreadPoolExecutor$Worker.run(ThreadPoolExecutor.java:659)
		at org.apache.tomcat.util.threads.TaskThread$WrappingRunnable.run(TaskThread.java:61)
		at java.base/java.lang.Thread.run(Thread.java:833)
	Caused by: org.apache.jasper.JasperException: JSP를 위한 클래스를 컴파일할 수 없습니다.: 

JSP 파일 [/WEB-INF/article/list.jsp]의 [76] 행에서 오류가 발생했습니다.
totalpage cannot be resolved to a variable
73:     </div>
74: 
75:     <div class="page" style="display:flex; justify-content: center; gap: 0 10px;">
76:       <% for(int i = 1; i <= totalpage; i++) { %>
77:         <a class="<%= cPage == i ? "red" : "" %>" href="list?page=<%=i%>"><%=i%></a>
78:       <% } %>
79:     </div>


Stacktrace:
		at org.apache.jasper.compiler.DefaultErrorHandler.javacError(DefaultErrorHandler.java:102)
		at org.apache.jasper.compiler.ErrorDispatcher.javacError(ErrorDispatcher.java:214)
		at org.apache.jasper.compiler.JDTCompiler.generateClass(JDTCompiler.java:513)
		at org.apache.jasper.compiler.Compiler.compile(Compiler.java:402)
		at org.apache.jasper.compiler.Compiler.compile(Compiler.java:372)
		at org.apache.jasper.compiler.Compiler.compile(Compiler.java:356)
		at org.apache.jasper.JspCompilationContext.compile(JspCompilationContext.java:603)
		at org.apache.jasper.servlet.JspServletWrapper.service(JspServletWrapper.java:396)
		at org.apache.jasper.servlet.JspServlet.serviceJspFile(JspServlet.java:380)
		at org.apache.jasper.servlet.JspServlet.service(JspServlet.java:328)
		at jakarta.servlet.http.HttpServlet.service(HttpServlet.java:658)
		at org.apache.catalina.core.ApplicationFilterChain.internalDoFilter(ApplicationFilterChain.java:205)
		at org.apache.catalina.core.ApplicationFilterChain.doFilter(ApplicationFilterChain.java:149)
		at org.apache.tomcat.websocket.server.WsFilter.doFilter(WsFilter.java:51)
		at org.apache.catalina.core.ApplicationFilterChain.internalDoFilter(ApplicationFilterChain.java:174)
		at org.apache.catalina.core.ApplicationFilterChain.doFilter(ApplicationFilterChain.java:149)
		at org.apache.catalina.core.ApplicationDispatcher.invoke(ApplicationDispatcher.java:642)
		at org.apache.catalina.core.ApplicationDispatcher.processRequest(ApplicationDispatcher.java:408)
		at org.apache.catalina.core.ApplicationDispatcher.doForward(ApplicationDispatcher.java:340)
		at org.apache.catalina.core.ApplicationDispatcher.forward(ApplicationDispatcher.java:277)
		at ym.jsp.board.Rq.jsp(Rq.java:71)
		... 25 more
17-Nov-2023 22:08:23.484 심각 [http-nio-8080-exec-2] org.apache.catalina.core.ApplicationDispatcher.invoke 서블릿 [jsp]을(를) 위한 Servlet.service() 호출이 예외를 발생시켰습니다.
	org.apache.jasper.JasperException: JSP를 위한 클래스를 컴파일할 수 없습니다.: 

JSP 파일 [/WEB-INF/article/list.jsp]의 [76] 행에서 오류가 발생했습니다.
totalpage cannot be resolved to a variable
73:     </div>
74: 
75:     <div class="page" style="display:flex; justify-content: center; gap: 0 10px;">
76:       <% for(int i = 1; i <= totalpage; i++) { %>
77:         <a class="<%= cPage == i ? "red" : "" %>" href="list?page=<%=i%>"><%=i%></a>
78:       <% } %>
79:     </div>


Stacktrace:
		at org.apache.jasper.compiler.DefaultErrorHandler.javacError(DefaultErrorHandler.java:102)
		at org.apache.jasper.compiler.ErrorDispatcher.javacError(ErrorDispatcher.java:214)
		at org.apache.jasper.compiler.JDTCompiler.generateClass(JDTCompiler.java:513)
		at org.apache.jasper.compiler.Compiler.compile(Compiler.java:402)
		at org.apache.jasper.compiler.Compiler.compile(Compiler.java:372)
		at org.apache.jasper.compiler.Compiler.compile(Compiler.java:356)
		at org.apache.jasper.JspCompilationContext.compile(JspCompilationContext.java:603)
		at org.apache.jasper.servlet.JspServletWrapper.service(JspServletWrapper.java:396)
		at org.apache.jasper.servlet.JspServlet.serviceJspFile(JspServlet.java:380)
		at org.apache.jasper.servlet.JspServlet.service(JspServlet.java:328)
		at jakarta.servlet.http.HttpServlet.service(HttpServlet.java:658)
		at org.apache.catalina.core.ApplicationFilterChain.internalDoFilter(ApplicationFilterChain.java:205)
		at org.apache.catalina.core.ApplicationFilterChain.doFilter(ApplicationFilterChain.java:149)
		at org.apache.tomcat.websocket.server.WsFilter.doFilter(WsFilter.java:51)
		at org.apache.catalina.core.ApplicationFilterChain.internalDoFilter(ApplicationFilterChain.java:174)
		at org.apache.catalina.core.ApplicationFilterChain.doFilter(ApplicationFilterChain.java:149)
		at org.apache.catalina.core.ApplicationDispatcher.invoke(ApplicationDispatcher.java:642)
		at org.apache.catalina.core.ApplicationDispatcher.processRequest(ApplicationDispatcher.java:408)
		at org.apache.catalina.core.ApplicationDispatcher.doForward(ApplicationDispatcher.java:340)
		at org.apache.catalina.core.ApplicationDispatcher.forward(ApplicationDispatcher.java:277)
		at ym.jsp.board.Rq.jsp(Rq.java:71)
		at ym.jsp.board.servlet.UsrArticleListServlet.doGet(UsrArticleListServlet.java:49)
		at jakarta.servlet.http.HttpServlet.service(HttpServlet.java:564)
		at jakarta.servlet.http.HttpServlet.service(HttpServlet.java:658)
		at org.apache.catalina.core.ApplicationFilterChain.internalDoFilter(ApplicationFilterChain.java:205)
		at org.apache.catalina.core.ApplicationFilterChain.doFilter(ApplicationFilterChain.java:149)
		at org.apache.tomcat.websocket.server.WsFilter.doFilter(WsFilter.java:51)
		at org.apache.catalina.core.ApplicationFilterChain.internalDoFilter(ApplicationFilterChain.java:174)
		at org.apache.catalina.core.ApplicationFilterChain.doFilter(ApplicationFilterChain.java:149)
		at org.apache.catalina.core.StandardWrapperValve.invoke(StandardWrapperValve.java:167)
		at org.apache.catalina.core.StandardContextValve.invoke(StandardContextValve.java:90)
		at org.apache.catalina.authenticator.AuthenticatorBase.invoke(AuthenticatorBase.java:482)
		at org.apache.catalina.core.StandardHostValve.invoke(StandardHostValve.java:115)
		at org.apache.catalina.valves.ErrorReportValve.invoke(ErrorReportValve.java:93)
		at org.apache.catalina.valves.AbstractAccessLogValve.invoke(AbstractAccessLogValve.java:673)
		at org.apache.catalina.core.StandardEngineValve.invoke(StandardEngineValve.java:74)
		at org.apache.catalina.connector.CoyoteAdapter.service(CoyoteAdapter.java:340)
		at org.apache.coyote.http11.Http11Processor.service(Http11Processor.java:391)
		at org.apache.coyote.AbstractProcessorLight.process(AbstractProcessorLight.java:63)
		at org.apache.coyote.AbstractProtocol$ConnectionHandler.process(AbstractProtocol.java:896)
		at org.apache.tomcat.util.net.NioEndpoint$SocketProcessor.doRun(NioEndpoint.java:1744)
		at org.apache.tomcat.util.net.SocketProcessorBase.run(SocketProcessorBase.java:52)
		at org.apache.tomcat.util.threads.ThreadPoolExecutor.runWorker(ThreadPoolExecutor.java:1191)
		at org.apache.tomcat.util.threads.ThreadPoolExecutor$Worker.run(ThreadPoolExecutor.java:659)
		at org.apache.tomcat.util.threads.TaskThread$WrappingRunnable.run(TaskThread.java:61)
		at java.base/java.lang.Thread.run(Thread.java:833)
17-Nov-2023 22:08:23.485 심각 [http-nio-8080-exec-2] org.apache.catalina.core.StandardWrapperValve.invoke 경로가 []인 컨텍스트의 서블릿 [ym.jsp.board.servlet.UsrArticleListServlet]을(를) 위한 Servlet.service() 호출이 예외를 발생시켰습니다.
	java.lang.RuntimeException: org.apache.jasper.JasperException: JSP를 위한 클래스를 컴파일할 수 없습니다.: 

JSP 파일 [/WEB-INF/article/list.jsp]의 [76] 행에서 오류가 발생했습니다.
totalpage cannot be resolved to a variable
73:     </div>
74: 
75:     <div class="page" style="display:flex; justify-content: center; gap: 0 10px;">
76:       <% for(int i = 1; i <= totalpage; i++) { %>
77:         <a class="<%= cPage == i ? "red" : "" %>" href="list?page=<%=i%>"><%=i%></a>
78:       <% } %>
79:     </div>


Stacktrace:
		at ym.jsp.board.Rq.jsp(Rq.java:73)
		at ym.jsp.board.servlet.UsrArticleListServlet.doGet(UsrArticleListServlet.java:49)
		at jakarta.servlet.http.HttpServlet.service(HttpServlet.java:564)
		at jakarta.servlet.http.HttpServlet.service(HttpServlet.java:658)
		at org.apache.catalina.core.ApplicationFilterChain.internalDoFilter(ApplicationFilterChain.java:205)
		at org.apache.catalina.core.ApplicationFilterChain.doFilter(ApplicationFilterChain.java:149)
		at org.apache.tomcat.websocket.server.WsFilter.doFilter(WsFilter.java:51)
		at org.apache.catalina.core.ApplicationFilterChain.internalDoFilter(ApplicationFilterChain.java:174)
		at org.apache.catalina.core.ApplicationFilterChain.doFilter(ApplicationFilterChain.java:149)
		at org.apache.catalina.core.StandardWrapperValve.invoke(StandardWrapperValve.java:167)
		at org.apache.catalina.core.StandardContextValve.invoke(StandardContextValve.java:90)
		at org.apache.catalina.authenticator.AuthenticatorBase.invoke(AuthenticatorBase.java:482)
		at org.apache.catalina.core.StandardHostValve.invoke(StandardHostValve.java:115)
		at org.apache.catalina.valves.ErrorReportValve.invoke(ErrorReportValve.java:93)
		at org.apache.catalina.valves.AbstractAccessLogValve.invoke(AbstractAccessLogValve.java:673)
		at org.apache.catalina.core.StandardEngineValve.invoke(StandardEngineValve.java:74)
		at org.apache.catalina.connector.CoyoteAdapter.service(CoyoteAdapter.java:340)
		at org.apache.coyote.http11.Http11Processor.service(Http11Processor.java:391)
		at org.apache.coyote.AbstractProcessorLight.process(AbstractProcessorLight.java:63)
		at org.apache.coyote.AbstractProtocol$ConnectionHandler.process(AbstractProtocol.java:896)
		at org.apache.tomcat.util.net.NioEndpoint$SocketProcessor.doRun(NioEndpoint.java:1744)
		at org.apache.tomcat.util.net.SocketProcessorBase.run(SocketProcessorBase.java:52)
		at org.apache.tomcat.util.threads.ThreadPoolExecutor.runWorker(ThreadPoolExecutor.java:1191)
		at org.apache.tomcat.util.threads.ThreadPoolExecutor$Worker.run(ThreadPoolExecutor.java:659)
		at org.apache.tomcat.util.threads.TaskThread$WrappingRunnable.run(TaskThread.java:61)
		at java.base/java.lang.Thread.run(Thread.java:833)
	Caused by: org.apache.jasper.JasperException: JSP를 위한 클래스를 컴파일할 수 없습니다.: 

JSP 파일 [/WEB-INF/article/list.jsp]의 [76] 행에서 오류가 발생했습니다.
totalpage cannot be resolved to a variable
73:     </div>
74: 
75:     <div class="page" style="display:flex; justify-content: center; gap: 0 10px;">
76:       <% for(int i = 1; i <= totalpage; i++) { %>
77:         <a class="<%= cPage == i ? "red" : "" %>" href="list?page=<%=i%>"><%=i%></a>
78:       <% } %>
79:     </div>


Stacktrace:
		at org.apache.jasper.compiler.DefaultErrorHandler.javacError(DefaultErrorHandler.java:102)
		at org.apache.jasper.compiler.ErrorDispatcher.javacError(ErrorDispatcher.java:214)
		at org.apache.jasper.compiler.JDTCompiler.generateClass(JDTCompiler.java:513)
		at org.apache.jasper.compiler.Compiler.compile(Compiler.java:402)
		at org.apache.jasper.compiler.Compiler.compile(Compiler.java:372)
		at org.apache.jasper.compiler.Compiler.compile(Compiler.java:356)
		at org.apache.jasper.JspCompilationContext.compile(JspCompilationContext.java:603)
		at org.apache.jasper.servlet.JspServletWrapper.service(JspServletWrapper.java:396)
		at org.apache.jasper.servlet.JspServlet.serviceJspFile(JspServlet.java:380)
		at org.apache.jasper.servlet.JspServlet.service(JspServlet.java:328)
		at jakarta.servlet.http.HttpServlet.service(HttpServlet.java:658)
		at org.apache.catalina.core.ApplicationFilterChain.internalDoFilter(ApplicationFilterChain.java:205)
		at org.apache.catalina.core.ApplicationFilterChain.doFilter(ApplicationFilterChain.java:149)
		at org.apache.tomcat.websocket.server.WsFilter.doFilter(WsFilter.java:51)
		at org.apache.catalina.core.ApplicationFilterChain.internalDoFilter(ApplicationFilterChain.java:174)
		at org.apache.catalina.core.ApplicationFilterChain.doFilter(ApplicationFilterChain.java:149)
		at org.apache.catalina.core.ApplicationDispatcher.invoke(ApplicationDispatcher.java:642)
		at org.apache.catalina.core.ApplicationDispatcher.processRequest(ApplicationDispatcher.java:408)
		at org.apache.catalina.core.ApplicationDispatcher.doForward(ApplicationDispatcher.java:340)
		at org.apache.catalina.core.ApplicationDispatcher.forward(ApplicationDispatcher.java:277)
		at ym.jsp.board.Rq.jsp(Rq.java:71)
		... 25 more
